SF:lib\AnalyticsService.dart
DA:14,1
DA:16,1
DA:19,0
DA:22,0
DA:23,0
DA:26,1
DA:29,2
DA:32,0
DA:33,0
DA:36,0
DA:39,0
LF:11
LH:4
end_of_record
SF:lib\util\Phone\phoneTextAndIcon.dart
DA:8,1
DA:9,1
DA:10,1
DA:11,1
DA:12,1
DA:13,1
DA:15,1
DA:17,1
DA:18,1
DA:23,1
DA:24,1
DA:25,1
DA:27,1
DA:29,2
DA:39,2
DA:40,2
DA:41,2
DA:42,3
DA:46,2
DA:47,2
DA:48,4
DA:49,4
DA:50,4
DA:52,4
DA:55,2
DA:56,4
DA:57,2
DA:59,3
DA:63,1
DA:64,1
DA:65,1
DA:67,3
DA:71,2
DA:72,2
DA:73,2
DA:74,1
DA:75,2
DA:78,2
DA:80,2
DA:82,3
DA:86,3
DA:91,3
DA:92,3
DA:93,3
DA:94,3
DA:96,3
DA:97,7
DA:99,3
DA:101,3
DA:102,3
DA:104,3
DA:106,3
DA:108,2
DA:109,2
DA:112,3
LF:55
LH:55
end_of_record
SF:lib\util\styles.dart
DA:5,2
DA:6,50
DA:7,16
DA:8,12
DA:9,30
DA:10,28
DA:11,2
DA:12,2
DA:13,20
DA:15,8
DA:16,32
DA:17,1
DA:20,32
DA:21,1
DA:23,32
DA:24,1
DA:26,8
DA:29,30
DA:30,10
DA:35,6
DA:41,18
DA:42,9
DA:44,0
DA:47,0
DA:53,10
DA:54,10
DA:55,40
DA:57,40
DA:58,10
DA:59,5
DA:60,5
DA:62,10
DA:63,10
DA:67,1
DA:68,1
DA:69,4
DA:71,4
DA:72,1
DA:73,1
DA:74,1
DA:76,1
DA:77,1
DA:81,2
DA:82,2
DA:83,8
DA:85,8
DA:86,2
DA:87,2
DA:88,2
DA:90,2
DA:91,2
DA:96,9
DA:98,9
DA:100,9
DA:105,27
DA:109,27
DA:112,27
DA:114,27
DA:118,4
DA:119,8
DA:121,4
DA:123,8
DA:124,8
DA:128,7
DA:129,7
DA:130,4
DA:131,4
DA:133,7
DA:141,21
DA:143,7
LF:70
LH:68
end_of_record
SF:lib\EmergencyNumbers.dart
DA:10,6
DA:49,18
DA:50,6
DA:52,6
DA:54,6
DA:55,6
DA:65,6
DA:75,6
DA:84,6
DA:95,6
DA:97,6
DA:98,6
DA:99,6
DA:108,6
DA:119,6
DA:132,6
DA:143,6
DA:156,6
DA:158,6
DA:159,6
DA:160,6
DA:169,6
DA:180,6
DA:191,6
DA:201,6
DA:214,6
DA:218,6
DA:219,6
DA:230,6
DA:243,6
DA:245,6
DA:246,6
DA:247,6
DA:256,6
DA:269,6
DA:281,6
DA:291,6
DA:305,12
DA:306,12
DA:307,4
DA:309,4
DA:310,2
DA:311,0
DA:313,4
DA:314,2
DA:315,0
DA:317,2
DA:318,4
DA:319,2
DA:322,6
DA:323,4
LF:51
LH:49
end_of_record
SF:lib\initialForm\CountrySelectorWidget.dart
DA:18,4
DA:20,4
DA:22,4
DA:23,4
DA:30,4
DA:31,8
DA:32,4
DA:36,6
DA:37,6
DA:38,6
DA:42,0
DA:43,0
DA:44,0
DA:45,0
DA:49,0
DA:51,2
DA:52,4
DA:54,4
DA:55,2
DA:57,2
DA:60,0
DA:61,0
DA:62,0
DA:66,4
DA:68,4
DA:69,4
DA:74,8
DA:75,8
DA:76,6
DA:78,4
DA:81,4
DA:83,4
DA:85,8
DA:86,12
DA:87,12
DA:88,4
DA:90,4
DA:91,4
DA:92,8
DA:93,4
DA:94,4
DA:95,4
DA:96,8
DA:97,4
DA:98,4
DA:103,4
DA:104,4
DA:105,4
DA:106,8
DA:107,4
DA:110,8
DA:111,4
DA:112,4
DA:114,4
DA:119,4
DA:122,4
DA:123,4
DA:124,4
DA:125,4
DA:126,4
DA:127,4
DA:130,4
DA:133,8
DA:134,4
DA:135,4
DA:137,4
DA:138,4
DA:139,4
DA:144,0
DA:145,0
DA:146,0
DA:153,4
DA:157,4
DA:159,4
DA:165,4
DA:166,4
DA:167,4
DA:168,0
DA:169,0
DA:171,4
DA:172,12
DA:175,4
DA:176,4
DA:178,8
DA:179,4
DA:180,4
DA:181,4
DA:182,4
DA:185,4
DA:188,4
DA:189,4
DA:190,12
LF:92
LH:79
end_of_record
SF:lib\util\LP_extended_state.dart
DA:9,24
DA:11,24
DA:13,72
LF:3
LH:3
end_of_record
SF:lib\util\persistent_memory_service.dart
DA:16,2
DA:20,4
DA:21,2
DA:22,1
DA:29,2
DA:31,2
DA:32,1
DA:33,2
DA:34,1
DA:35,2
DA:36,1
DA:37,2
DA:38,1
DA:39,2
DA:40,4
DA:42,0
DA:43,0
DA:47,0
DA:54,2
DA:57,4
DA:59,2
DA:61,2
DA:62,1
DA:63,2
DA:64,1
DA:65,2
DA:66,1
DA:67,2
DA:68,1
DA:69,2
DA:70,4
DA:72,0
DA:73,0
DA:77,0
DA:84,1
DA:87,2
DA:89,1
DA:90,1
DA:92,0
LF:39
LH:32
end_of_record
SF:lib\util\userInformation.dart
DA:28,25
DA:47,30
DA:49,1
DA:50,1
DA:51,1
DA:52,1
DA:53,1
DA:54,1
DA:55,1
DA:56,1
DA:57,1
DA:58,2
DA:59,2
DA:60,2
DA:61,2
DA:62,1
DA:63,1
DA:64,2
DA:65,2
DA:66,1
DA:68,1
DA:71,4
DA:72,4
DA:73,8
DA:76,4
DA:77,4
DA:78,4
DA:81,4
DA:82,4
DA:83,8
DA:86,4
DA:87,4
DA:88,4
DA:91,4
DA:92,4
DA:93,8
DA:96,4
DA:97,4
DA:98,4
DA:101,4
DA:102,4
DA:103,8
DA:106,4
DA:107,4
DA:108,4
DA:111,3
DA:112,3
DA:113,3
DA:116,3
DA:117,3
DA:118,3
DA:121,3
DA:122,3
DA:123,3
DA:126,3
DA:127,3
DA:128,3
DA:131,4
DA:132,4
DA:133,4
DA:136,3
DA:137,3
DA:138,3
DA:141,3
DA:142,3
DA:143,3
DA:146,4
DA:147,4
DA:148,8
DA:151,4
DA:152,4
DA:153,4
DA:156,4
DA:157,4
DA:158,8
DA:162,4
DA:163,4
DA:164,4
DA:167,3
DA:168,3
DA:169,3
DA:172,4
DA:173,4
DA:174,8
DA:178,8
DA:179,4
DA:180,4
DA:183,4
DA:184,4
DA:185,8
DA:187,8
DA:190,18
DA:191,14
DA:192,4
DA:195,5
DA:196,5
DA:198,5
LF:97
LH:97
end_of_record
SF:lib\l10n\app_localizations.dart
DA:66,27
DA:67,54
DA:71,26
DA:72,26
DA:2020,1
DA:2022,27
DA:2024,54
DA:2027,27
DA:2029,81
DA:2031,1
DA:2035,27
DA:2037,27
DA:2038,27
DA:2039,3
DA:2040,24
DA:2041,16
DA:2042,16
DA:2043,16
DA:2046,0
LF:19
LH:18
end_of_record
SF:lib\l10n\app_localizations_ar.dart
DA:9,6
DA:11,1
DA:14,2
DA:17,0
DA:19,0
DA:21,0
DA:27,0
DA:30,1
DA:32,1
DA:35,0
DA:37,0
DA:39,0
DA:45,0
DA:48,0
DA:50,0
DA:52,0
DA:58,0
DA:61,1
DA:63,1
DA:65,1
DA:71,1
DA:74,0
DA:76,0
DA:78,0
DA:84,0
DA:87,1
DA:89,1
DA:91,1
DA:97,1
DA:100,0
DA:102,0
DA:104,0
DA:110,0
DA:113,0
DA:115,0
DA:117,0
DA:123,0
DA:126,0
DA:128,0
DA:130,0
DA:136,0
DA:139,0
DA:141,0
DA:143,0
DA:149,0
DA:152,0
DA:154,0
DA:156,0
DA:162,0
DA:165,0
DA:167,0
DA:169,0
DA:175,0
DA:178,0
DA:180,0
DA:182,0
DA:188,0
DA:191,0
DA:193,0
DA:195,0
DA:201,0
DA:204,0
DA:206,0
DA:208,0
DA:214,0
DA:217,0
DA:219,0
DA:221,0
DA:227,0
DA:230,1
DA:232,1
DA:234,1
DA:240,1
DA:243,1
DA:245,1
DA:247,1
DA:253,1
DA:256,0
DA:258,0
DA:260,0
DA:266,0
DA:269,0
DA:271,0
DA:273,0
DA:279,0
DA:282,0
DA:284,0
DA:286,0
DA:292,0
DA:295,0
DA:297,0
DA:299,0
DA:305,0
DA:308,0
DA:310,0
DA:312,0
DA:318,0
DA:321,0
DA:323,0
DA:325,0
DA:331,0
DA:334,0
DA:336,0
DA:338,0
DA:344,0
DA:347,0
DA:349,0
DA:351,0
DA:357,0
DA:360,0
DA:362,0
DA:364,0
DA:370,0
DA:373,0
DA:375,0
DA:377,0
DA:383,0
DA:386,0
DA:388,0
DA:390,0
DA:396,0
DA:399,0
DA:401,0
DA:403,0
DA:409,0
DA:412,0
DA:414,0
DA:416,0
DA:425,0
DA:428,0
DA:430,0
DA:432,0
DA:441,0
DA:444,0
DA:446,0
DA:448,0
DA:454,0
DA:457,0
DA:459,0
DA:461,0
DA:467,0
DA:470,0
DA:472,0
DA:474,0
DA:480,0
DA:483,0
DA:485,0
DA:487,0
DA:493,0
DA:496,0
DA:498,0
DA:500,0
DA:506,0
DA:509,0
DA:511,0
DA:513,0
DA:519,0
DA:522,0
DA:524,0
DA:526,0
DA:532,0
DA:535,0
DA:537,0
DA:539,0
DA:548,0
DA:551,0
DA:553,0
DA:555,0
DA:564,0
DA:567,0
DA:569,0
DA:571,0
DA:577,0
DA:580,0
DA:582,0
DA:584,0
DA:590,0
DA:593,0
DA:595,0
DA:597,0
DA:603,0
DA:606,0
DA:608,0
DA:610,0
DA:616,0
DA:619,0
DA:621,0
DA:623,0
DA:629,0
DA:632,0
DA:634,0
DA:636,0
DA:642,0
DA:645,0
DA:647,0
DA:649,0
DA:655,0
DA:658,0
DA:660,0
DA:662,0
DA:668,0
DA:671,0
DA:673,0
DA:675,0
DA:681,0
DA:684,0
DA:686,0
DA:688,0
DA:694,0
DA:697,0
DA:699,0
DA:701,0
DA:707,0
DA:710,0
DA:712,0
DA:714,0
DA:720,0
DA:723,0
DA:725,0
DA:727,0
DA:736,0
DA:739,0
DA:741,0
DA:743,0
DA:749,0
DA:752,0
DA:754,0
DA:756,0
DA:762,0
DA:765,0
DA:767,0
DA:769,0
DA:775,0
DA:778,0
DA:780,0
DA:782,0
DA:788,0
DA:791,0
DA:793,0
DA:795,0
DA:804,0
DA:807,0
DA:809,0
DA:811,0
DA:820,0
DA:823,0
DA:825,0
DA:827,0
DA:833,0
DA:836,0
DA:838,0
DA:840,0
DA:849,0
DA:852,1
DA:854,1
DA:856,1
DA:862,1
DA:865,1
DA:867,1
DA:869,1
DA:875,1
DA:878,1
DA:880,1
DA:882,1
DA:888,1
DA:891,1
DA:893,1
DA:895,1
DA:901,1
DA:904,0
DA:906,0
DA:908,0
DA:914,0
DA:917,0
DA:919,0
DA:921,0
DA:927,0
DA:930,0
DA:932,0
DA:934,0
DA:940,0
DA:943,0
DA:945,0
DA:947,0
DA:953,0
DA:956,0
DA:958,0
DA:960,0
DA:968,0
DA:971,0
DA:973,0
DA:975,0
DA:984,0
DA:987,0
DA:989,0
DA:991,0
DA:997,0
DA:1000,0
DA:1002,0
DA:1004,0
DA:1010,0
DA:1013,0
DA:1015,0
DA:1017,0
DA:1026,0
DA:1029,0
DA:1031,0
DA:1033,0
DA:1039,0
DA:1042,0
DA:1044,0
DA:1046,0
DA:1052,0
DA:1055,0
DA:1057,0
DA:1059,0
DA:1065,0
DA:1068,0
DA:1070,0
DA:1072,0
DA:1078,0
DA:1081,0
DA:1083,0
DA:1085,0
DA:1091,0
DA:1094,0
DA:1096,0
DA:1098,0
DA:1107,0
DA:1110,0
DA:1112,0
DA:1114,0
DA:1122,0
DA:1125,0
DA:1127,0
DA:1129,0
DA:1135,0
DA:1138,0
DA:1140,0
DA:1142,0
DA:1148,0
DA:1151,1
DA:1153,1
DA:1155,1
DA:1161,1
DA:1164,1
DA:1166,1
DA:1168,1
DA:1174,1
DA:1177,1
DA:1179,1
DA:1181,1
DA:1187,1
DA:1190,1
DA:1192,1
DA:1194,1
DA:1200,1
DA:1203,0
DA:1205,0
DA:1207,0
DA:1213,0
DA:1216,0
DA:1218,0
DA:1220,0
DA:1226,0
DA:1229,0
DA:1231,0
DA:1233,0
DA:1239,0
DA:1242,0
DA:1244,0
DA:1246,0
DA:1252,0
DA:1255,0
DA:1257,0
DA:1259,0
DA:1265,0
DA:1268,0
DA:1270,0
DA:1272,0
DA:1278,0
DA:1281,0
DA:1283,0
DA:1285,0
DA:1291,0
DA:1294,0
DA:1296,0
DA:1298,0
DA:1304,0
DA:1307,0
DA:1309,0
DA:1311,0
DA:1317,0
DA:1320,0
DA:1322,0
DA:1324,0
DA:1330,0
DA:1333,0
DA:1335,0
DA:1337,0
DA:1343,0
DA:1346,0
DA:1348,0
DA:1350,0
DA:1356,0
DA:1359,0
DA:1361,0
DA:1363,0
DA:1369,0
DA:1372,0
DA:1374,0
DA:1376,0
DA:1385,0
DA:1388,0
DA:1391,0
DA:1394,0
DA:1397,0
DA:1400,0
DA:1403,0
DA:1406,0
DA:1408,0
DA:1410,0
DA:1416,0
DA:1419,0
DA:1421,0
DA:1423,0
DA:1429,0
DA:1432,0
DA:1434,0
DA:1436,0
DA:1442,0
DA:1445,0
DA:1447,0
DA:1449,0
DA:1458,0
DA:1461,0
DA:1464,0
DA:1467,0
DA:1470,0
DA:1473,0
DA:1476,0
DA:1478,0
DA:1480,0
DA:1486,0
DA:1489,0
DA:1491,0
DA:1493,0
DA:1499,0
DA:1502,0
DA:1504,0
DA:1506,0
DA:1512,0
DA:1515,0
DA:1517,0
DA:1519,0
DA:1525,0
DA:1528,0
DA:1530,0
DA:1532,0
DA:1538,0
DA:1541,0
DA:1543,0
DA:1545,0
DA:1551,0
DA:1554,0
DA:1556,0
DA:1558,0
DA:1564,0
DA:1567,0
DA:1569,0
DA:1571,0
DA:1577,0
DA:1580,0
DA:1583,0
DA:1586,1
DA:1590,0
DA:1593,0
DA:1597,0
DA:1600,0
DA:1603,0
DA:1606,0
DA:1609,0
DA:1613,1
DA:1617,0
DA:1621,0
DA:1623,0
DA:1626,0
DA:1628,0
DA:1631,0
DA:1633,0
DA:1635,0
DA:1641,0
DA:1644,0
DA:1646,0
DA:1648,0
DA:1654,0
DA:1657,0
DA:1659,0
DA:1661,0
DA:1667,0
DA:1670,0
DA:1672,0
DA:1674,0
DA:1680,0
DA:1683,0
DA:1685,0
DA:1687,0
DA:1693,0
DA:1696,0
DA:1698,0
DA:1700,0
DA:1706,0
DA:1709,0
DA:1711,0
DA:1713,0
DA:1719,0
DA:1722,0
DA:1724,0
DA:1726,0
DA:1732,0
DA:1735,0
DA:1737,0
DA:1739,0
DA:1745,0
DA:1748,0
DA:1750,0
DA:1752,0
DA:1758,0
DA:1761,0
DA:1763,0
DA:1765,0
DA:1771,0
DA:1774,0
DA:1776,0
DA:1778,0
DA:1784,0
DA:1787,0
DA:1789,0
DA:1791,0
DA:1797,0
DA:1800,0
DA:1802,0
DA:1804,0
DA:1810,0
DA:1813,0
DA:1815,0
DA:1817,0
DA:1823,0
DA:1826,0
DA:1828,0
DA:1830,0
DA:1836,0
DA:1839,0
DA:1841,0
DA:1843,0
DA:1849,0
DA:1852,0
DA:1854,0
DA:1856,0
DA:1862,0
DA:1865,0
DA:1867,0
DA:1869,0
DA:1875,0
DA:1878,0
DA:1880,0
DA:1882,0
DA:1888,0
DA:1891,0
DA:1893,0
DA:1895,0
DA:1901,0
DA:1904,0
DA:1906,0
DA:1908,0
DA:1914,0
DA:1917,0
DA:1919,0
DA:1921,0
DA:1927,0
DA:1930,0
DA:1932,0
DA:1934,0
DA:1940,0
DA:1943,0
DA:1945,0
DA:1947,0
DA:1953,0
DA:1956,0
DA:1958,0
DA:1960,0
DA:1966,0
DA:1969,0
DA:1971,0
DA:1973,0
DA:1979,0
DA:1982,0
DA:1984,0
DA:1986,0
DA:1992,0
DA:1995,0
DA:1997,0
DA:1999,0
DA:2005,0
DA:2008,0
DA:2010,0
DA:2012,0
DA:2018,0
DA:2021,0
DA:2023,0
DA:2025,0
DA:2031,0
DA:2034,0
DA:2036,0
DA:2038,0
DA:2044,0
DA:2047,0
DA:2049,0
DA:2051,0
DA:2059,0
DA:2062,0
DA:2064,0
DA:2066,0
DA:2072,0
DA:2075,0
DA:2077,0
DA:2079,0
DA:2085,0
DA:2088,0
DA:2090,0
DA:2092,0
DA:2098,0
DA:2101,0
DA:2103,0
DA:2105,0
DA:2111,0
DA:2114,0
DA:2116,0
DA:2118,0
DA:2124,0
DA:2127,0
DA:2129,0
DA:2131,0
DA:2137,0
DA:2140,0
DA:2142,0
DA:2144,0
DA:2150,0
DA:2153,0
DA:2155,0
DA:2157,0
DA:2163,0
DA:2166,0
DA:2168,0
DA:2170,0
DA:2176,0
DA:2179,0
DA:2181,0
DA:2183,0
DA:2189,0
DA:2192,0
DA:2194,0
DA:2196,0
DA:2202,0
DA:2205,0
DA:2207,0
DA:2209,0
DA:2215,0
DA:2218,0
DA:2220,0
DA:2222,0
DA:2228,0
DA:2231,0
DA:2233,0
DA:2235,0
DA:2241,0
DA:2244,0
DA:2246,0
DA:2248,0
DA:2254,0
DA:2257,0
DA:2259,0
DA:2261,0
DA:2267,0
DA:2270,0
DA:2272,0
DA:2274,0
DA:2280,0
DA:2283,0
DA:2285,0
DA:2287,0
DA:2293,0
DA:2296,0
DA:2298,0
DA:2300,0
DA:2306,0
DA:2309,0
DA:2311,0
DA:2313,0
DA:2319,0
DA:2322,0
DA:2324,0
DA:2326,0
DA:2332,0
DA:2335,0
DA:2337,0
DA:2339,0
DA:2345,0
DA:2348,0
DA:2350,0
DA:2352,0
DA:2358,0
DA:2361,0
DA:2363,0
DA:2365,0
DA:2371,0
DA:2374,0
DA:2376,0
DA:2378,0
DA:2384,0
DA:2387,0
DA:2389,0
DA:2391,0
DA:2397,0
DA:2400,0
DA:2402,0
DA:2404,0
DA:2410,0
DA:2413,0
DA:2415,0
DA:2417,0
DA:2423,0
DA:2426,0
DA:2428,0
DA:2430,0
DA:2436,0
DA:2439,0
DA:2441,0
DA:2443,0
DA:2449,0
DA:2452,0
DA:2454,0
DA:2456,0
DA:2462,0
DA:2465,0
DA:2467,0
DA:2469,0
DA:2475,0
DA:2478,0
DA:2480,0
DA:2482,0
DA:2488,0
DA:2491,0
DA:2493,0
DA:2495,0
DA:2501,0
DA:2504,0
DA:2506,0
DA:2508,0
DA:2514,0
DA:2517,0
DA:2519,0
DA:2521,0
DA:2527,0
DA:2530,0
DA:2532,0
DA:2534,0
DA:2540,0
DA:2543,0
DA:2545,0
DA:2547,0
DA:2553,0
DA:2556,0
DA:2558,0
DA:2560,0
DA:2566,0
DA:2569,0
DA:2571,0
DA:2573,0
DA:2579,0
DA:2582,0
DA:2584,0
DA:2586,0
DA:2592,0
DA:2595,0
DA:2597,0
DA:2599,0
DA:2605,0
DA:2608,1
DA:2610,1
DA:2612,1
DA:2618,1
DA:2621,1
DA:2623,1
DA:2625,1
DA:2631,1
DA:2634,1
DA:2636,1
DA:2638,1
DA:2644,1
DA:2647,1
DA:2649,1
DA:2651,1
DA:2657,1
DA:2660,1
DA:2662,1
DA:2664,1
DA:2670,1
DA:2673,1
DA:2675,1
DA:2677,1
DA:2683,1
DA:2686,1
DA:2688,1
DA:2690,1
DA:2696,1
DA:2699,1
DA:2701,1
DA:2703,1
DA:2709,1
DA:2712,1
DA:2714,1
DA:2716,1
DA:2722,1
DA:2725,1
DA:2727,1
DA:2729,1
DA:2735,1
DA:2738,1
DA:2740,1
DA:2742,1
DA:2748,1
DA:2751,0
DA:2753,0
DA:2755,0
DA:2761,0
DA:2764,1
DA:2766,1
DA:2768,1
DA:2774,1
DA:2777,1
DA:2779,1
DA:2781,1
DA:2787,1
DA:2790,1
DA:2792,1
DA:2794,1
DA:2800,1
DA:2803,1
DA:2805,1
DA:2807,1
DA:2813,1
DA:2816,1
DA:2818,1
DA:2820,1
DA:2826,1
DA:2829,1
DA:2831,1
DA:2833,1
DA:2839,1
DA:2842,1
DA:2844,1
DA:2846,1
DA:2852,1
DA:2855,1
DA:2857,1
DA:2859,1
DA:2865,1
DA:2868,0
DA:2870,0
DA:2872,0
DA:2878,0
DA:2881,0
DA:2883,0
DA:2885,0
DA:2891,0
DA:2894,0
DA:2896,0
DA:2898,0
DA:2904,0
DA:2907,0
DA:2909,0
DA:2911,0
DA:2917,0
DA:2920,0
DA:2922,0
DA:2924,0
DA:2930,0
DA:2933,0
DA:2935,0
DA:2937,0
DA:2943,0
DA:2946,0
DA:2948,0
DA:2950,0
DA:2956,0
DA:2959,0
DA:2961,0
DA:2963,0
DA:2969,0
DA:2972,0
DA:2974,0
DA:2976,0
DA:2982,0
DA:2985,0
DA:2987,0
DA:2989,0
DA:2995,0
DA:2998,0
DA:3000,0
DA:3002,0
DA:3008,0
DA:3011,0
DA:3013,0
DA:3015,0
DA:3021,0
DA:3024,0
DA:3026,0
DA:3028,0
DA:3034,0
DA:3037,0
DA:3039,0
DA:3041,0
DA:3047,0
DA:3050,0
DA:3052,0
DA:3054,0
DA:3060,0
DA:3063,0
DA:3065,0
DA:3067,0
DA:3076,0
DA:3079,0
DA:3081,0
DA:3083,0
DA:3089,0
DA:3092,0
DA:3094,0
DA:3096,0
DA:3102,0
DA:3105,0
DA:3107,0
DA:3109,0
DA:3115,0
DA:3118,0
DA:3120,0
DA:3122,0
DA:3128,0
DA:3131,0
DA:3133,0
DA:3135,0
DA:3141,0
DA:3144,0
DA:3146,0
DA:3148,0
DA:3154,0
DA:3157,0
DA:3159,0
DA:3161,0
DA:3167,0
DA:3170,0
DA:3172,0
DA:3174,0
DA:3180,0
DA:3183,0
DA:3185,0
DA:3187,0
DA:3193,0
DA:3196,0
DA:3198,0
DA:3200,0
DA:3206,0
DA:3209,0
DA:3211,0
DA:3213,0
DA:3219,0
DA:3222,0
DA:3224,0
DA:3226,0
DA:3232,0
DA:3235,0
DA:3237,0
DA:3239,0
DA:3245,0
DA:3248,0
DA:3250,0
DA:3252,0
DA:3258,0
DA:3261,0
DA:3263,0
DA:3265,0
DA:3271,0
DA:3274,0
DA:3276,0
DA:3278,0
DA:3284,0
DA:3287,0
DA:3289,0
DA:3291,0
DA:3297,0
DA:3300,0
DA:3302,0
DA:3304,0
DA:3310,0
DA:3313,0
DA:3315,0
DA:3317,0
DA:3326,0
DA:3329,0
DA:3331,0
DA:3333,0
DA:3339,0
DA:3342,0
DA:3344,0
DA:3346,0
DA:3352,0
DA:3355,0
DA:3357,0
DA:3359,0
DA:3365,0
DA:3368,0
DA:3370,0
DA:3372,0
DA:3378,0
DA:3381,0
DA:3383,0
DA:3385,0
DA:3391,0
DA:3394,0
DA:3396,0
DA:3398,0
DA:3404,0
DA:3407,0
DA:3409,0
DA:3411,0
DA:3417,0
DA:3420,0
DA:3422,0
DA:3424,0
DA:3430,0
DA:3433,0
DA:3435,0
DA:3437,0
DA:3443,0
DA:3446,0
DA:3448,0
DA:3450,0
DA:3456,0
DA:3459,0
DA:3461,0
DA:3463,0
DA:3469,0
DA:3472,0
DA:3474,0
DA:3476,0
DA:3482,0
DA:3485,0
DA:3487,0
DA:3489,0
DA:3495,0
DA:3498,0
DA:3500,0
DA:3502,0
DA:3508,0
DA:3511,0
DA:3513,0
DA:3515,0
DA:3521,0
DA:3524,0
DA:3526,0
DA:3528,0
DA:3534,0
DA:3537,0
DA:3539,0
DA:3541,0
DA:3547,0
DA:3550,0
DA:3552,0
DA:3554,0
DA:3560,0
DA:3563,0
DA:3565,0
DA:3567,0
DA:3573,0
DA:3576,0
DA:3578,0
DA:3580,0
DA:3586,0
DA:3589,0
DA:3591,0
DA:3593,0
DA:3599,0
DA:3602,0
DA:3604,0
DA:3606,0
DA:3612,0
DA:3615,0
DA:3617,0
DA:3619,0
DA:3625,0
DA:3628,0
DA:3630,0
DA:3632,0
DA:3638,0
DA:3641,0
DA:3643,0
DA:3645,0
DA:3651,0
DA:3654,0
DA:3656,0
DA:3658,0
DA:3664,0
DA:3667,0
DA:3669,0
DA:3671,0
DA:3677,0
DA:3680,0
DA:3682,0
DA:3684,0
DA:3690,0
DA:3693,0
DA:3695,0
DA:3697,0
DA:3703,0
DA:3706,0
DA:3708,0
DA:3710,0
DA:3716,0
DA:3719,0
DA:3721,0
DA:3723,0
DA:3729,0
DA:3732,0
DA:3734,0
DA:3736,0
DA:3742,0
DA:3745,0
DA:3747,0
DA:3749,0
DA:3755,0
DA:3758,0
DA:3760,0
DA:3762,0
DA:3768,0
DA:3771,0
DA:3773,0
DA:3775,0
DA:3781,0
DA:3784,0
DA:3786,0
DA:3788,0
DA:3794,0
DA:3797,0
DA:3799,0
DA:3801,0
DA:3807,0
DA:3810,1
DA:3814,1
DA:3818,1
DA:3821,1
DA:3824,1
DA:3826,1
DA:3829,0
DA:3831,0
DA:3833,0
DA:3839,0
DA:3842,0
DA:3846,0
DA:3849,0
DA:3853,0
DA:3855,0
DA:3857,0
DA:3863,0
LF:1173
LH:137
end_of_record
SF:lib\l10n\app_localizations_en.dart
DA:9,32
DA:11,1
DA:14,13
DA:17,0
DA:19,0
DA:21,0
DA:27,0
DA:30,2
DA:32,2
DA:35,2
DA:37,2
DA:39,2
DA:45,2
DA:48,0
DA:50,0
DA:52,0
DA:58,0
DA:61,1
DA:63,1
DA:65,1
DA:71,1
DA:74,0
DA:76,0
DA:78,0
DA:84,0
DA:87,1
DA:89,1
DA:91,1
DA:97,1
DA:100,0
DA:102,0
DA:104,0
DA:110,0
DA:113,0
DA:115,0
DA:117,0
DA:123,0
DA:126,0
DA:128,0
DA:130,0
DA:136,0
DA:139,0
DA:141,0
DA:143,0
DA:149,0
DA:152,0
DA:154,0
DA:156,0
DA:162,0
DA:165,0
DA:167,0
DA:169,0
DA:175,0
DA:178,0
DA:180,0
DA:182,0
DA:188,0
DA:191,0
DA:193,0
DA:195,0
DA:201,0
DA:204,0
DA:206,0
DA:208,0
DA:214,0
DA:217,0
DA:219,0
DA:221,0
DA:227,0
DA:230,3
DA:232,3
DA:234,3
DA:240,3
DA:243,2
DA:245,2
DA:247,2
DA:253,2
DA:256,0
DA:258,0
DA:260,0
DA:266,0
DA:269,0
DA:271,0
DA:273,0
DA:279,0
DA:282,0
DA:284,0
DA:286,0
DA:292,0
DA:295,0
DA:297,0
DA:299,0
DA:305,0
DA:308,1
DA:310,1
DA:312,1
DA:318,1
DA:321,1
DA:323,1
DA:325,1
DA:331,1
DA:334,0
DA:336,0
DA:338,0
DA:344,0
DA:347,0
DA:349,0
DA:351,0
DA:357,0
DA:360,4
DA:362,4
DA:364,4
DA:370,4
DA:373,4
DA:375,4
DA:377,4
DA:383,4
DA:386,4
DA:388,4
DA:390,4
DA:396,4
DA:399,4
DA:401,4
DA:403,4
DA:409,4
DA:412,0
DA:414,0
DA:416,0
DA:425,0
DA:428,1
DA:430,1
DA:432,1
DA:441,1
DA:444,2
DA:446,2
DA:448,2
DA:454,2
DA:457,1
DA:459,1
DA:461,1
DA:467,1
DA:470,2
DA:472,2
DA:474,2
DA:480,2
DA:483,2
DA:485,2
DA:487,2
DA:493,2
DA:496,0
DA:498,0
DA:500,0
DA:506,0
DA:509,0
DA:511,0
DA:513,0
DA:519,0
DA:522,1
DA:524,1
DA:526,1
DA:532,1
DA:535,1
DA:537,1
DA:539,1
DA:548,1
DA:551,1
DA:553,1
DA:555,1
DA:564,1
DA:567,1
DA:569,1
DA:571,1
DA:577,1
DA:580,0
DA:582,0
DA:584,0
DA:590,0
DA:593,0
DA:595,0
DA:597,0
DA:603,0
DA:606,0
DA:608,0
DA:610,0
DA:616,0
DA:619,1
DA:621,1
DA:623,1
DA:629,1
DA:632,0
DA:634,0
DA:636,0
DA:642,0
DA:645,1
DA:647,1
DA:649,1
DA:655,1
DA:658,1
DA:660,1
DA:662,1
DA:668,1
DA:671,1
DA:673,1
DA:675,1
DA:681,1
DA:684,1
DA:686,1
DA:688,1
DA:694,1
DA:697,1
DA:699,1
DA:701,1
DA:707,1
DA:710,0
DA:712,0
DA:714,0
DA:720,0
DA:723,0
DA:725,0
DA:727,0
DA:736,0
DA:739,0
DA:741,0
DA:743,0
DA:752,0
DA:755,0
DA:757,0
DA:759,0
DA:765,0
DA:768,0
DA:770,0
DA:772,0
DA:778,0
DA:781,0
DA:783,0
DA:785,0
DA:791,0
DA:794,0
DA:796,0
DA:798,0
DA:807,0
DA:810,0
DA:812,0
DA:814,0
DA:823,0
DA:826,0
DA:828,0
DA:830,0
DA:836,0
DA:839,0
DA:841,0
DA:843,0
DA:852,0
DA:855,2
DA:857,2
DA:859,2
DA:865,2
DA:868,3
DA:870,3
DA:872,3
DA:881,3
DA:884,2
DA:886,2
DA:888,2
DA:894,2
DA:897,2
DA:899,2
DA:901,2
DA:907,2
DA:910,1
DA:912,1
DA:914,1
DA:920,1
DA:923,2
DA:925,2
DA:927,2
DA:936,2
DA:939,1
DA:941,1
DA:943,1
DA:949,1
DA:952,1
DA:954,1
DA:956,1
DA:962,1
DA:965,1
DA:967,1
DA:969,1
DA:978,1
DA:981,1
DA:983,1
DA:985,1
DA:994,1
DA:997,1
DA:999,1
DA:1001,1
DA:1007,1
DA:1010,1
DA:1012,1
DA:1014,1
DA:1020,1
DA:1023,1
DA:1025,1
DA:1027,1
DA:1036,1
DA:1039,2
DA:1041,2
DA:1043,2
DA:1049,2
DA:1052,1
DA:1054,1
DA:1056,1
DA:1062,1
DA:1065,1
DA:1067,1
DA:1069,1
DA:1075,1
DA:1078,1
DA:1080,1
DA:1082,1
DA:1088,1
DA:1091,1
DA:1093,1
DA:1095,1
DA:1101,1
DA:1104,2
DA:1106,2
DA:1108,2
DA:1117,2
DA:1120,1
DA:1122,1
DA:1124,1
DA:1133,1
DA:1136,1
DA:1138,1
DA:1140,1
DA:1146,1
DA:1149,1
DA:1151,1
DA:1153,1
DA:1159,1
DA:1162,1
DA:1164,1
DA:1166,1
DA:1172,1
DA:1175,2
DA:1177,2
DA:1179,2
DA:1185,2
DA:1188,2
DA:1190,2
DA:1192,2
DA:1198,2
DA:1201,2
DA:1203,2
DA:1205,2
DA:1211,2
DA:1214,0
DA:1216,0
DA:1218,0
DA:1224,0
DA:1227,1
DA:1229,1
DA:1231,1
DA:1237,1
DA:1240,2
DA:1242,2
DA:1244,2
DA:1250,2
DA:1253,0
DA:1255,0
DA:1257,0
DA:1263,0
DA:1266,0
DA:1268,0
DA:1270,0
DA:1276,0
DA:1279,1
DA:1281,1
DA:1283,1
DA:1289,1
DA:1292,2
DA:1294,2
DA:1296,2
DA:1302,2
DA:1305,0
DA:1307,0
DA:1309,0
DA:1315,0
DA:1318,2
DA:1320,2
DA:1322,2
DA:1328,2
DA:1331,3
DA:1333,3
DA:1335,3
DA:1341,3
DA:1344,2
DA:1346,2
DA:1348,2
DA:1354,2
DA:1357,1
DA:1359,1
DA:1361,1
DA:1367,1
DA:1370,1
DA:1372,1
DA:1374,1
DA:1380,1
DA:1383,1
DA:1385,1
DA:1387,1
DA:1396,1
DA:1399,1
DA:1402,0
DA:1405,0
DA:1408,0
DA:1411,0
DA:1414,0
DA:1417,0
DA:1419,0
DA:1421,0
DA:1427,0
DA:1430,0
DA:1432,0
DA:1434,0
DA:1440,0
DA:1443,0
DA:1445,0
DA:1447,0
DA:1453,0
DA:1456,0
DA:1458,0
DA:1460,0
DA:1469,0
DA:1472,1
DA:1475,1
DA:1478,0
DA:1481,1
DA:1484,1
DA:1487,3
DA:1489,3
DA:1491,3
DA:1497,3
DA:1500,0
DA:1502,0
DA:1504,0
DA:1510,0
DA:1513,1
DA:1515,1
DA:1517,1
DA:1523,1
DA:1526,1
DA:1528,1
DA:1530,1
DA:1536,1
DA:1539,1
DA:1541,1
DA:1543,1
DA:1549,1
DA:1552,0
DA:1554,0
DA:1556,0
DA:1562,0
DA:1565,0
DA:1567,0
DA:1569,0
DA:1575,0
DA:1578,1
DA:1580,1
DA:1582,1
DA:1588,1
DA:1591,1
DA:1594,0
DA:1597,0
DA:1601,1
DA:1604,0
DA:1608,0
DA:1611,0
DA:1614,0
DA:1617,0
DA:1620,0
DA:1624,1
DA:1628,2
DA:1632,0
DA:1634,0
DA:1637,0
DA:1639,0
DA:1642,0
DA:1644,0
DA:1646,0
DA:1652,0
DA:1655,3
DA:1657,3
DA:1659,3
DA:1665,3
DA:1668,3
DA:1670,3
DA:1672,3
DA:1678,3
DA:1681,3
DA:1683,3
DA:1685,3
DA:1691,3
DA:1694,3
DA:1696,3
DA:1698,3
DA:1704,3
DA:1707,3
DA:1709,3
DA:1711,3
DA:1717,3
DA:1720,3
DA:1722,3
DA:1724,3
DA:1730,3
DA:1733,3
DA:1735,3
DA:1737,3
DA:1743,3
DA:1746,3
DA:1748,3
DA:1750,3
DA:1756,3
DA:1759,3
DA:1761,3
DA:1763,3
DA:1769,3
DA:1772,3
DA:1774,3
DA:1776,3
DA:1782,3
DA:1785,3
DA:1787,3
DA:1789,3
DA:1795,3
DA:1798,3
DA:1800,3
DA:1802,3
DA:1808,3
DA:1811,3
DA:1813,3
DA:1815,3
DA:1821,3
DA:1824,3
DA:1826,3
DA:1828,3
DA:1834,3
DA:1837,3
DA:1839,3
DA:1841,3
DA:1847,3
DA:1850,3
DA:1852,3
DA:1854,3
DA:1860,3
DA:1863,3
DA:1865,3
DA:1867,3
DA:1873,3
DA:1876,3
DA:1878,3
DA:1880,3
DA:1886,3
DA:1889,3
DA:1891,3
DA:1893,3
DA:1899,3
DA:1902,3
DA:1904,3
DA:1906,3
DA:1912,3
DA:1915,0
DA:1917,0
DA:1919,0
DA:1925,0
DA:1928,0
DA:1930,0
DA:1932,0
DA:1938,0
DA:1941,0
DA:1943,0
DA:1945,0
DA:1951,0
DA:1954,0
DA:1956,0
DA:1958,0
DA:1964,0
DA:1967,0
DA:1969,0
DA:1971,0
DA:1977,0
DA:1980,0
DA:1982,0
DA:1984,0
DA:1990,0
DA:1993,0
DA:1995,0
DA:1997,0
DA:2003,0
DA:2006,0
DA:2008,0
DA:2010,0
DA:2016,0
DA:2019,0
DA:2021,0
DA:2023,0
DA:2029,0
DA:2032,0
DA:2034,0
DA:2036,0
DA:2042,0
DA:2045,0
DA:2047,0
DA:2049,0
DA:2055,0
DA:2058,0
DA:2060,0
DA:2062,0
DA:2068,0
DA:2071,0
DA:2073,0
DA:2075,0
DA:2081,0
DA:2084,0
DA:2086,0
DA:2088,0
DA:2094,0
DA:2097,0
DA:2099,0
DA:2101,0
DA:2107,0
DA:2110,0
DA:2112,0
DA:2114,0
DA:2120,0
DA:2123,0
DA:2125,0
DA:2127,0
DA:2133,0
DA:2136,0
DA:2138,0
DA:2140,0
DA:2146,0
DA:2149,0
DA:2151,0
DA:2153,0
DA:2159,0
DA:2162,0
DA:2164,0
DA:2166,0
DA:2172,0
DA:2175,0
DA:2177,0
DA:2179,0
DA:2185,0
DA:2188,4
DA:2190,4
DA:2192,4
DA:2198,4
DA:2201,4
DA:2203,4
DA:2205,4
DA:2211,4
DA:2214,4
DA:2216,4
DA:2218,4
DA:2224,4
DA:2227,4
DA:2229,4
DA:2231,4
DA:2237,4
DA:2240,4
DA:2242,4
DA:2244,4
DA:2250,4
DA:2253,4
DA:2255,4
DA:2257,4
DA:2263,4
DA:2266,4
DA:2268,4
DA:2270,4
DA:2276,4
DA:2279,4
DA:2281,4
DA:2283,4
DA:2289,4
DA:2292,4
DA:2294,4
DA:2296,4
DA:2302,4
DA:2305,4
DA:2307,4
DA:2309,4
DA:2315,4
DA:2318,4
DA:2320,4
DA:2322,4
DA:2328,4
DA:2331,4
DA:2333,4
DA:2335,4
DA:2341,4
DA:2344,4
DA:2346,4
DA:2348,4
DA:2354,4
DA:2357,4
DA:2359,4
DA:2361,4
DA:2367,4
DA:2370,4
DA:2372,4
DA:2374,4
DA:2380,4
DA:2383,4
DA:2385,4
DA:2387,4
DA:2393,4
DA:2396,4
DA:2398,4
DA:2400,4
DA:2406,4
DA:2409,4
DA:2411,4
DA:2413,4
DA:2419,4
DA:2422,4
DA:2424,4
DA:2426,4
DA:2432,4
DA:2435,4
DA:2437,4
DA:2439,4
DA:2445,4
DA:2448,4
DA:2450,4
DA:2452,4
DA:2458,4
DA:2461,4
DA:2463,4
DA:2465,4
DA:2471,4
DA:2474,4
DA:2476,4
DA:2478,4
DA:2484,4
DA:2487,0
DA:2489,0
DA:2491,0
DA:2497,0
DA:2500,4
DA:2502,4
DA:2504,4
DA:2510,4
DA:2513,4
DA:2515,4
DA:2517,4
DA:2523,4
DA:2526,4
DA:2528,4
DA:2530,4
DA:2536,4
DA:2539,4
DA:2541,4
DA:2543,4
DA:2549,4
DA:2552,4
DA:2554,4
DA:2556,4
DA:2562,4
DA:2565,4
DA:2567,4
DA:2569,4
DA:2575,4
DA:2578,4
DA:2580,4
DA:2582,4
DA:2588,4
DA:2591,4
DA:2593,4
DA:2595,4
DA:2601,4
DA:2604,4
DA:2606,4
DA:2608,4
DA:2614,4
DA:2617,2
DA:2619,2
DA:2621,2
DA:2627,2
DA:2630,2
DA:2632,2
DA:2634,2
DA:2640,2
DA:2643,2
DA:2645,2
DA:2647,2
DA:2653,2
DA:2656,2
DA:2658,2
DA:2660,2
DA:2666,2
DA:2669,2
DA:2671,2
DA:2673,2
DA:2679,2
DA:2682,2
DA:2684,2
DA:2686,2
DA:2692,2
DA:2695,2
DA:2697,2
DA:2699,2
DA:2705,2
DA:2708,2
DA:2710,2
DA:2712,2
DA:2718,2
DA:2721,2
DA:2723,2
DA:2725,2
DA:2731,2
DA:2734,2
DA:2736,2
DA:2738,2
DA:2744,2
DA:2747,2
DA:2749,2
DA:2751,2
DA:2757,2
DA:2760,0
DA:2762,0
DA:2764,0
DA:2770,0
DA:2773,2
DA:2775,2
DA:2777,2
DA:2783,2
DA:2786,2
DA:2788,2
DA:2790,2
DA:2796,2
DA:2799,2
DA:2801,2
DA:2803,2
DA:2809,2
DA:2812,2
DA:2814,2
DA:2816,2
DA:2822,2
DA:2825,2
DA:2827,2
DA:2829,2
DA:2835,2
DA:2838,2
DA:2840,2
DA:2842,2
DA:2848,2
DA:2851,2
DA:2853,2
DA:2855,2
DA:2861,2
DA:2864,2
DA:2866,2
DA:2868,2
DA:2874,2
DA:2877,1
DA:2879,1
DA:2881,1
DA:2887,1
DA:2890,1
DA:2892,1
DA:2894,1
DA:2903,1
DA:2906,1
DA:2908,1
DA:2910,1
DA:2916,1
DA:2919,1
DA:2921,1
DA:2923,1
DA:2929,1
DA:2932,1
DA:2934,1
DA:2936,1
DA:2942,1
DA:2945,1
DA:2947,1
DA:2949,1
DA:2955,1
DA:2958,1
DA:2960,1
DA:2962,1
DA:2968,1
DA:2971,1
DA:2973,1
DA:2975,1
DA:2981,1
DA:2984,1
DA:2986,1
DA:2988,1
DA:2994,1
DA:2997,1
DA:2999,1
DA:3001,1
DA:3007,1
DA:3010,1
DA:3012,1
DA:3014,1
DA:3020,1
DA:3023,0
DA:3025,0
DA:3027,0
DA:3033,0
DA:3036,1
DA:3038,1
DA:3040,1
DA:3046,1
DA:3049,1
DA:3051,1
DA:3053,1
DA:3059,1
DA:3062,1
DA:3064,1
DA:3066,1
DA:3072,1
DA:3075,1
DA:3077,1
DA:3079,1
DA:3088,1
DA:3091,1
DA:3093,1
DA:3095,1
DA:3101,1
DA:3104,1
DA:3106,1
DA:3108,1
DA:3114,1
DA:3117,1
DA:3119,1
DA:3121,1
DA:3127,1
DA:3130,1
DA:3132,1
DA:3134,1
DA:3140,1
DA:3143,1
DA:3145,1
DA:3147,1
DA:3153,1
DA:3156,1
DA:3158,1
DA:3160,1
DA:3166,1
DA:3169,1
DA:3171,1
DA:3173,1
DA:3179,1
DA:3182,1
DA:3184,1
DA:3186,1
DA:3192,1
DA:3195,1
DA:3197,1
DA:3199,1
DA:3205,1
DA:3208,1
DA:3210,1
DA:3212,1
DA:3218,1
DA:3221,1
DA:3223,1
DA:3225,1
DA:3231,1
DA:3234,1
DA:3236,1
DA:3238,1
DA:3244,1
DA:3247,0
DA:3249,0
DA:3251,0
DA:3257,0
DA:3260,1
DA:3262,1
DA:3264,1
DA:3270,1
DA:3273,1
DA:3275,1
DA:3277,1
DA:3283,1
DA:3286,1
DA:3288,1
DA:3290,1
DA:3296,1
DA:3299,1
DA:3301,1
DA:3303,1
DA:3309,1
DA:3312,1
DA:3314,1
DA:3316,1
DA:3322,1
DA:3325,1
DA:3327,1
DA:3329,1
DA:3338,1
DA:3341,1
DA:3343,1
DA:3345,1
DA:3351,1
DA:3354,1
DA:3356,1
DA:3358,1
DA:3367,1
DA:3370,1
DA:3372,1
DA:3374,1
DA:3380,1
DA:3383,1
DA:3385,1
DA:3387,1
DA:3393,1
DA:3396,1
DA:3398,1
DA:3400,1
DA:3406,1
DA:3409,1
DA:3411,1
DA:3413,1
DA:3419,1
DA:3422,1
DA:3424,1
DA:3426,1
DA:3432,1
DA:3435,1
DA:3437,1
DA:3439,1
DA:3445,1
DA:3448,1
DA:3450,1
DA:3452,1
DA:3458,1
DA:3461,1
DA:3463,1
DA:3465,1
DA:3471,1
DA:3474,1
DA:3476,1
DA:3478,1
DA:3484,1
DA:3487,1
DA:3489,1
DA:3491,1
DA:3497,1
DA:3500,1
DA:3502,1
DA:3504,1
DA:3510,1
DA:3513,1
DA:3515,1
DA:3517,1
DA:3523,1
DA:3526,0
DA:3528,0
DA:3530,0
DA:3536,0
DA:3539,1
DA:3541,1
DA:3543,1
DA:3549,1
DA:3552,1
DA:3554,1
DA:3556,1
DA:3562,1
DA:3565,1
DA:3567,1
DA:3569,1
DA:3575,1
DA:3578,1
DA:3580,1
DA:3582,1
DA:3591,1
DA:3594,1
DA:3596,1
DA:3598,1
DA:3604,1
DA:3607,1
DA:3609,1
DA:3611,1
DA:3617,1
DA:3620,1
DA:3622,1
DA:3624,1
DA:3630,1
DA:3633,1
DA:3635,1
DA:3637,1
DA:3643,1
DA:3646,1
DA:3648,1
DA:3650,1
DA:3656,1
DA:3659,1
DA:3661,1
DA:3663,1
DA:3669,1
DA:3672,1
DA:3674,1
DA:3676,1
DA:3682,1
DA:3685,1
DA:3687,1
DA:3689,1
DA:3695,1
DA:3698,1
DA:3700,1
DA:3702,1
DA:3708,1
DA:3711,1
DA:3713,1
DA:3715,1
DA:3721,1
DA:3724,1
DA:3726,1
DA:3728,1
DA:3734,1
DA:3737,1
DA:3739,1
DA:3741,1
DA:3747,1
DA:3750,1
DA:3752,1
DA:3754,1
DA:3760,1
DA:3763,1
DA:3765,1
DA:3767,1
DA:3773,1
DA:3776,1
DA:3778,1
DA:3780,1
DA:3786,1
DA:3789,1
DA:3791,1
DA:3793,1
DA:3799,1
DA:3802,1
DA:3804,1
DA:3806,1
DA:3812,1
DA:3815,1
DA:3817,1
DA:3819,1
DA:3825,1
DA:3828,0
DA:3832,0
DA:3836,0
DA:3839,0
DA:3842,0
DA:3844,0
DA:3847,1
DA:3849,1
DA:3851,1
DA:3857,1
DA:3860,1
DA:3864,1
DA:3867,0
DA:3871,1
DA:3873,1
DA:3875,1
DA:3884,1
LF:1173
LH:852
end_of_record
SF:lib\l10n\app_localizations_he.dart
DA:9,32
DA:11,1
DA:14,13
DA:17,0
DA:19,0
DA:21,0
DA:27,0
DA:30,5
DA:32,5
DA:35,0
DA:37,0
DA:39,0
DA:45,0
DA:48,0
DA:50,0
DA:52,0
DA:58,0
DA:61,1
DA:63,1
DA:65,1
DA:71,1
DA:74,0
DA:76,0
DA:78,0
DA:84,0
DA:87,0
DA:89,0
DA:91,0
DA:97,0
DA:100,0
DA:102,0
DA:104,0
DA:110,0
DA:113,0
DA:115,0
DA:117,0
DA:123,0
DA:126,0
DA:128,0
DA:130,0
DA:136,0
DA:139,0
DA:141,0
DA:143,0
DA:149,0
DA:152,0
DA:154,0
DA:156,0
DA:162,0
DA:165,0
DA:167,0
DA:169,0
DA:175,0
DA:178,0
DA:180,0
DA:182,0
DA:188,0
DA:191,0
DA:193,0
DA:195,0
DA:201,0
DA:204,0
DA:206,0
DA:208,0
DA:214,0
DA:217,0
DA:219,0
DA:221,0
DA:227,0
DA:230,6
DA:232,6
DA:234,6
DA:240,6
DA:243,5
DA:245,5
DA:247,5
DA:253,5
DA:256,0
DA:258,0
DA:260,0
DA:266,0
DA:269,0
DA:271,0
DA:273,0
DA:279,0
DA:282,0
DA:284,0
DA:286,0
DA:292,0
DA:295,0
DA:297,0
DA:299,0
DA:305,0
DA:308,1
DA:310,1
DA:312,1
DA:318,1
DA:321,1
DA:323,1
DA:325,1
DA:331,1
DA:334,0
DA:336,0
DA:338,0
DA:344,0
DA:347,0
DA:349,0
DA:351,0
DA:357,0
DA:360,5
DA:362,5
DA:364,5
DA:370,5
DA:373,5
DA:375,5
DA:377,5
DA:383,5
DA:386,5
DA:388,5
DA:390,5
DA:396,5
DA:399,5
DA:401,5
DA:403,5
DA:409,5
DA:412,0
DA:414,0
DA:416,0
DA:425,0
DA:428,0
DA:430,0
DA:432,0
DA:441,0
DA:444,5
DA:446,5
DA:448,5
DA:454,5
DA:457,2
DA:459,2
DA:461,2
DA:467,2
DA:470,5
DA:472,5
DA:474,5
DA:480,5
DA:483,5
DA:485,5
DA:487,5
DA:493,5
DA:496,0
DA:498,0
DA:500,0
DA:506,0
DA:509,0
DA:511,0
DA:513,0
DA:519,0
DA:522,1
DA:524,1
DA:526,1
DA:532,1
DA:535,1
DA:537,1
DA:539,1
DA:548,1
DA:551,1
DA:553,1
DA:555,1
DA:564,1
DA:567,1
DA:569,1
DA:571,1
DA:577,1
DA:580,0
DA:582,0
DA:584,0
DA:590,0
DA:593,0
DA:595,0
DA:597,0
DA:603,0
DA:606,0
DA:608,0
DA:610,0
DA:616,0
DA:619,1
DA:621,1
DA:623,1
DA:629,1
DA:632,0
DA:634,0
DA:636,0
DA:642,0
DA:645,1
DA:647,1
DA:649,1
DA:655,1
DA:658,3
DA:660,3
DA:662,3
DA:668,3
DA:671,3
DA:673,3
DA:675,3
DA:681,3
DA:684,3
DA:686,3
DA:688,3
DA:694,3
DA:697,2
DA:699,2
DA:701,2
DA:707,2
DA:710,2
DA:712,2
DA:714,2
DA:720,2
DA:723,2
DA:725,2
DA:727,2
DA:733,2
DA:736,2
DA:738,2
DA:740,2
DA:746,2
DA:749,0
DA:751,0
DA:753,0
DA:759,0
DA:762,0
DA:764,0
DA:766,0
DA:772,0
DA:775,1
DA:777,1
DA:779,1
DA:785,1
DA:788,1
DA:790,1
DA:792,1
DA:801,1
DA:804,1
DA:806,1
DA:808,1
DA:817,1
DA:820,2
DA:822,2
DA:824,2
DA:830,2
DA:833,2
DA:835,2
DA:837,2
DA:846,2
DA:849,4
DA:851,4
DA:853,4
DA:859,4
DA:862,6
DA:864,6
DA:866,6
DA:872,6
DA:875,3
DA:877,3
DA:879,3
DA:885,3
DA:888,3
DA:890,3
DA:892,3
DA:898,3
DA:901,3
DA:903,3
DA:905,3
DA:911,3
DA:914,6
DA:916,6
DA:918,6
DA:924,6
DA:927,2
DA:929,2
DA:931,2
DA:937,2
DA:940,2
DA:942,2
DA:944,2
DA:950,2
DA:953,3
DA:955,3
DA:957,3
DA:963,3
DA:966,6
DA:968,6
DA:970,6
DA:979,6
DA:982,2
DA:984,2
DA:986,2
DA:992,2
DA:995,2
DA:997,2
DA:999,2
DA:1005,2
DA:1008,3
DA:1010,3
DA:1012,3
DA:1021,3
DA:1024,6
DA:1026,6
DA:1028,6
DA:1034,6
DA:1037,2
DA:1039,2
DA:1041,2
DA:1047,2
DA:1050,2
DA:1052,2
DA:1054,2
DA:1060,2
DA:1063,0
DA:1065,0
DA:1067,0
DA:1073,0
DA:1076,0
DA:1078,0
DA:1080,0
DA:1086,0
DA:1089,3
DA:1091,3
DA:1093,3
DA:1102,3
DA:1105,2
DA:1107,2
DA:1109,2
DA:1115,2
DA:1118,0
DA:1120,0
DA:1122,0
DA:1128,0
DA:1131,0
DA:1133,0
DA:1135,0
DA:1141,0
DA:1144,0
DA:1146,0
DA:1148,0
DA:1154,0
DA:1157,1
DA:1159,1
DA:1161,1
DA:1167,1
DA:1170,6
DA:1172,6
DA:1174,6
DA:1180,6
DA:1183,3
DA:1185,3
DA:1187,3
DA:1193,3
DA:1196,1
DA:1198,1
DA:1200,1
DA:1206,1
DA:1209,0
DA:1211,0
DA:1213,0
DA:1219,0
DA:1222,2
DA:1224,2
DA:1226,2
DA:1232,2
DA:1235,1
DA:1237,1
DA:1239,1
DA:1245,1
DA:1248,0
DA:1250,0
DA:1252,0
DA:1258,0
DA:1261,2
DA:1263,2
DA:1265,2
DA:1271,2
DA:1274,5
DA:1276,5
DA:1278,5
DA:1284,5
DA:1287,2
DA:1289,2
DA:1291,2
DA:1297,2
DA:1300,0
DA:1302,0
DA:1304,0
DA:1310,0
DA:1313,0
DA:1315,0
DA:1317,0
DA:1323,0
DA:1326,0
DA:1328,0
DA:1330,0
DA:1336,0
DA:1339,0
DA:1341,0
DA:1343,0
DA:1349,0
DA:1352,0
DA:1354,0
DA:1356,0
DA:1362,0
DA:1365,0
DA:1367,0
DA:1369,0
DA:1378,0
DA:1381,0
DA:1384,0
DA:1387,0
DA:1390,0
DA:1393,1
DA:1396,1
DA:1399,1
DA:1401,1
DA:1403,1
DA:1409,1
DA:1412,1
DA:1414,1
DA:1416,1
DA:1422,1
DA:1425,1
DA:1427,1
DA:1429,1
DA:1435,1
DA:1438,1
DA:1440,1
DA:1442,1
DA:1451,1
DA:1454,3
DA:1457,3
DA:1460,0
DA:1463,3
DA:1466,3
DA:1469,5
DA:1471,5
DA:1473,5
DA:1479,5
DA:1482,0
DA:1484,0
DA:1486,0
DA:1492,0
DA:1495,1
DA:1497,1
DA:1499,1
DA:1505,1
DA:1508,1
DA:1510,1
DA:1512,1
DA:1518,1
DA:1521,1
DA:1523,1
DA:1525,1
DA:1531,1
DA:1534,0
DA:1536,0
DA:1538,0
DA:1544,0
DA:1547,1
DA:1549,1
DA:1551,1
DA:1557,1
DA:1560,1
DA:1562,1
DA:1564,1
DA:1570,1
DA:1573,0
DA:1576,1
DA:1579,0
DA:1582,0
DA:1585,0
DA:1589,1
DA:1592,1
DA:1595,1
DA:1598,1
DA:1601,0
DA:1605,1
DA:1609,0
DA:1613,0
DA:1615,0
DA:1618,0
DA:1620,0
DA:1623,0
DA:1625,0
DA:1627,0
DA:1633,0
DA:1636,6
DA:1638,6
DA:1640,6
DA:1646,6
DA:1649,6
DA:1651,6
DA:1653,6
DA:1659,6
DA:1662,6
DA:1664,6
DA:1666,6
DA:1672,6
DA:1675,6
DA:1677,6
DA:1679,6
DA:1685,6
DA:1688,6
DA:1690,6
DA:1692,6
DA:1698,6
DA:1701,6
DA:1703,6
DA:1705,6
DA:1711,6
DA:1714,6
DA:1716,6
DA:1718,6
DA:1724,6
DA:1727,6
DA:1729,6
DA:1731,6
DA:1737,6
DA:1740,6
DA:1742,6
DA:1744,6
DA:1750,6
DA:1753,6
DA:1755,6
DA:1757,6
DA:1763,6
DA:1766,6
DA:1768,6
DA:1770,6
DA:1776,6
DA:1779,6
DA:1781,6
DA:1783,6
DA:1789,6
DA:1792,6
DA:1794,6
DA:1796,6
DA:1802,6
DA:1805,6
DA:1807,6
DA:1809,6
DA:1815,6
DA:1818,6
DA:1820,6
DA:1822,6
DA:1828,6
DA:1831,6
DA:1833,6
DA:1835,6
DA:1841,6
DA:1844,6
DA:1846,6
DA:1848,6
DA:1854,6
DA:1857,6
DA:1859,6
DA:1861,6
DA:1867,6
DA:1870,6
DA:1872,6
DA:1874,6
DA:1880,6
DA:1883,6
DA:1885,6
DA:1887,6
DA:1893,6
DA:1896,0
DA:1898,0
DA:1900,0
DA:1906,0
DA:1909,0
DA:1911,0
DA:1913,0
DA:1919,0
DA:1922,0
DA:1924,0
DA:1926,0
DA:1932,0
DA:1935,0
DA:1937,0
DA:1939,0
DA:1945,0
DA:1948,0
DA:1950,0
DA:1952,0
DA:1958,0
DA:1961,0
DA:1963,0
DA:1965,0
DA:1971,0
DA:1974,0
DA:1976,0
DA:1978,0
DA:1984,0
DA:1987,0
DA:1989,0
DA:1991,0
DA:1997,0
DA:2000,0
DA:2002,0
DA:2004,0
DA:2010,0
DA:2013,0
DA:2015,0
DA:2017,0
DA:2023,0
DA:2026,0
DA:2028,0
DA:2030,0
DA:2036,0
DA:2039,0
DA:2041,0
DA:2043,0
DA:2049,0
DA:2052,0
DA:2054,0
DA:2056,0
DA:2062,0
DA:2065,0
DA:2067,0
DA:2069,0
DA:2075,0
DA:2078,0
DA:2080,0
DA:2082,0
DA:2088,0
DA:2091,0
DA:2093,0
DA:2095,0
DA:2101,0
DA:2104,0
DA:2106,0
DA:2108,0
DA:2114,0
DA:2117,0
DA:2119,0
DA:2121,0
DA:2127,0
DA:2130,0
DA:2132,0
DA:2134,0
DA:2140,0
DA:2143,0
DA:2145,0
DA:2147,0
DA:2153,0
DA:2156,0
DA:2158,0
DA:2160,0
DA:2166,0
DA:2169,5
DA:2171,5
DA:2173,5
DA:2179,5
DA:2182,5
DA:2184,5
DA:2186,5
DA:2192,5
DA:2195,5
DA:2197,5
DA:2199,5
DA:2205,5
DA:2208,5
DA:2210,5
DA:2212,5
DA:2218,5
DA:2221,5
DA:2223,5
DA:2225,5
DA:2231,5
DA:2234,5
DA:2236,5
DA:2238,5
DA:2244,5
DA:2247,5
DA:2249,5
DA:2251,5
DA:2257,5
DA:2260,5
DA:2262,5
DA:2264,5
DA:2270,5
DA:2273,5
DA:2275,5
DA:2277,5
DA:2283,5
DA:2286,5
DA:2288,5
DA:2290,5
DA:2296,5
DA:2299,5
DA:2301,5
DA:2303,5
DA:2309,5
DA:2312,5
DA:2314,5
DA:2316,5
DA:2322,5
DA:2325,5
DA:2327,5
DA:2329,5
DA:2335,5
DA:2338,5
DA:2340,5
DA:2342,5
DA:2348,5
DA:2351,5
DA:2353,5
DA:2355,5
DA:2361,5
DA:2364,5
DA:2366,5
DA:2368,5
DA:2374,5
DA:2377,5
DA:2379,5
DA:2381,5
DA:2387,5
DA:2390,5
DA:2392,5
DA:2394,5
DA:2400,5
DA:2403,5
DA:2405,5
DA:2407,5
DA:2413,5
DA:2416,5
DA:2418,5
DA:2420,5
DA:2426,5
DA:2429,5
DA:2431,5
DA:2433,5
DA:2439,5
DA:2442,5
DA:2444,5
DA:2446,5
DA:2452,5
DA:2455,5
DA:2457,5
DA:2459,5
DA:2465,5
DA:2468,0
DA:2470,0
DA:2472,0
DA:2478,0
DA:2481,5
DA:2483,5
DA:2485,5
DA:2491,5
DA:2494,5
DA:2496,5
DA:2498,5
DA:2504,5
DA:2507,5
DA:2509,5
DA:2511,5
DA:2517,5
DA:2520,5
DA:2522,5
DA:2524,5
DA:2530,5
DA:2533,5
DA:2535,5
DA:2537,5
DA:2543,5
DA:2546,5
DA:2548,5
DA:2550,5
DA:2556,5
DA:2559,5
DA:2561,5
DA:2563,5
DA:2569,5
DA:2572,5
DA:2574,5
DA:2576,5
DA:2582,5
DA:2585,5
DA:2587,5
DA:2589,5
DA:2595,5
DA:2598,3
DA:2600,3
DA:2602,3
DA:2608,3
DA:2611,3
DA:2613,3
DA:2615,3
DA:2621,3
DA:2624,3
DA:2626,3
DA:2628,3
DA:2634,3
DA:2637,3
DA:2639,3
DA:2641,3
DA:2647,3
DA:2650,3
DA:2652,3
DA:2654,3
DA:2660,3
DA:2663,3
DA:2665,3
DA:2667,3
DA:2673,3
DA:2676,3
DA:2678,3
DA:2680,3
DA:2686,3
DA:2689,3
DA:2691,3
DA:2693,3
DA:2699,3
DA:2702,3
DA:2704,3
DA:2706,3
DA:2712,3
DA:2715,3
DA:2717,3
DA:2719,3
DA:2725,3
DA:2728,3
DA:2730,3
DA:2732,3
DA:2738,3
DA:2741,0
DA:2743,0
DA:2745,0
DA:2751,0
DA:2754,3
DA:2756,3
DA:2758,3
DA:2764,3
DA:2767,3
DA:2769,3
DA:2771,3
DA:2777,3
DA:2780,3
DA:2782,3
DA:2784,3
DA:2790,3
DA:2793,3
DA:2795,3
DA:2797,3
DA:2803,3
DA:2806,3
DA:2808,3
DA:2810,3
DA:2816,3
DA:2819,3
DA:2821,3
DA:2823,3
DA:2829,3
DA:2832,3
DA:2834,3
DA:2836,3
DA:2842,3
DA:2845,3
DA:2847,3
DA:2849,3
DA:2855,3
DA:2858,2
DA:2860,2
DA:2862,2
DA:2868,2
DA:2871,2
DA:2873,2
DA:2875,2
DA:2881,2
DA:2884,2
DA:2886,2
DA:2888,2
DA:2894,2
DA:2897,2
DA:2899,2
DA:2901,2
DA:2907,2
DA:2910,2
DA:2912,2
DA:2914,2
DA:2920,2
DA:2923,2
DA:2925,2
DA:2927,2
DA:2933,2
DA:2936,2
DA:2938,2
DA:2940,2
DA:2946,2
DA:2949,2
DA:2951,2
DA:2953,2
DA:2959,2
DA:2962,2
DA:2964,2
DA:2966,2
DA:2972,2
DA:2975,2
DA:2977,2
DA:2979,2
DA:2985,2
DA:2988,2
DA:2990,2
DA:2992,2
DA:2998,2
DA:3001,0
DA:3003,0
DA:3005,0
DA:3011,0
DA:3014,2
DA:3016,2
DA:3018,2
DA:3024,2
DA:3027,2
DA:3029,2
DA:3031,2
DA:3037,2
DA:3040,2
DA:3042,2
DA:3044,2
DA:3050,2
DA:3053,2
DA:3055,2
DA:3057,2
DA:3066,2
DA:3069,2
DA:3071,2
DA:3073,2
DA:3079,2
DA:3082,2
DA:3084,2
DA:3086,2
DA:3092,2
DA:3095,2
DA:3097,2
DA:3099,2
DA:3105,2
DA:3108,2
DA:3110,2
DA:3112,2
DA:3118,2
DA:3121,2
DA:3123,2
DA:3125,2
DA:3131,2
DA:3134,2
DA:3136,2
DA:3138,2
DA:3144,2
DA:3147,2
DA:3149,2
DA:3151,2
DA:3157,2
DA:3160,2
DA:3162,2
DA:3164,2
DA:3170,2
DA:3173,2
DA:3175,2
DA:3177,2
DA:3183,2
DA:3186,2
DA:3188,2
DA:3190,2
DA:3196,2
DA:3199,2
DA:3201,2
DA:3203,2
DA:3209,2
DA:3212,2
DA:3214,2
DA:3216,2
DA:3222,2
DA:3225,0
DA:3227,0
DA:3229,0
DA:3235,0
DA:3238,2
DA:3240,2
DA:3242,2
DA:3248,2
DA:3251,2
DA:3253,2
DA:3255,2
DA:3261,2
DA:3264,2
DA:3266,2
DA:3268,2
DA:3274,2
DA:3277,2
DA:3279,2
DA:3281,2
DA:3287,2
DA:3290,2
DA:3292,2
DA:3294,2
DA:3300,2
DA:3303,2
DA:3305,2
DA:3307,2
DA:3316,2
DA:3319,2
DA:3321,2
DA:3323,2
DA:3329,2
DA:3332,2
DA:3334,2
DA:3336,2
DA:3342,2
DA:3345,2
DA:3347,2
DA:3349,2
DA:3355,2
DA:3358,2
DA:3360,2
DA:3362,2
DA:3368,2
DA:3371,2
DA:3373,2
DA:3375,2
DA:3381,2
DA:3384,2
DA:3386,2
DA:3388,2
DA:3394,2
DA:3397,2
DA:3399,2
DA:3401,2
DA:3407,2
DA:3410,2
DA:3412,2
DA:3414,2
DA:3420,2
DA:3423,2
DA:3425,2
DA:3427,2
DA:3433,2
DA:3436,2
DA:3438,2
DA:3440,2
DA:3446,2
DA:3449,2
DA:3451,2
DA:3453,2
DA:3459,2
DA:3462,2
DA:3464,2
DA:3466,2
DA:3472,2
DA:3475,2
DA:3477,2
DA:3479,2
DA:3485,2
DA:3488,2
DA:3490,2
DA:3492,2
DA:3498,2
DA:3501,0
DA:3503,0
DA:3505,0
DA:3511,0
DA:3514,2
DA:3516,2
DA:3518,2
DA:3524,2
DA:3527,2
DA:3529,2
DA:3531,2
DA:3537,2
DA:3540,2
DA:3542,2
DA:3544,2
DA:3550,2
DA:3553,2
DA:3555,2
DA:3557,2
DA:3563,2
DA:3566,2
DA:3568,2
DA:3570,2
DA:3576,2
DA:3579,2
DA:3581,2
DA:3583,2
DA:3589,2
DA:3592,2
DA:3594,2
DA:3596,2
DA:3602,2
DA:3605,2
DA:3607,2
DA:3609,2
DA:3615,2
DA:3618,2
DA:3620,2
DA:3622,2
DA:3628,2
DA:3631,2
DA:3633,2
DA:3635,2
DA:3641,2
DA:3644,2
DA:3646,2
DA:3648,2
DA:3654,2
DA:3657,2
DA:3659,2
DA:3661,2
DA:3667,2
DA:3670,2
DA:3672,2
DA:3674,2
DA:3680,2
DA:3683,2
DA:3685,2
DA:3687,2
DA:3693,2
DA:3696,2
DA:3698,2
DA:3700,2
DA:3706,2
DA:3709,2
DA:3711,2
DA:3713,2
DA:3719,2
DA:3722,2
DA:3724,2
DA:3726,2
DA:3732,2
DA:3735,2
DA:3737,2
DA:3739,2
DA:3745,2
DA:3748,2
DA:3750,2
DA:3752,2
DA:3758,2
DA:3761,2
DA:3763,2
DA:3765,2
DA:3771,2
DA:3774,2
DA:3776,2
DA:3778,2
DA:3784,2
DA:3787,2
DA:3789,2
DA:3791,2
DA:3797,2
DA:3800,0
DA:3804,0
DA:3808,0
DA:3811,0
DA:3814,0
DA:3816,0
DA:3819,3
DA:3821,3
DA:3823,3
DA:3829,3
DA:3832,1
DA:3836,2
DA:3839,0
DA:3843,3
DA:3845,3
DA:3847,3
DA:3856,3
LF:1173
LH:859
end_of_record
SF:lib\util\logger_service.dart
DA:13,0
DA:16,0
DA:17,0
DA:18,0
DA:20,0
DA:21,0
DA:22,0
DA:23,0
DA:25,0
DA:29,0
DA:30,0
DA:31,0
DA:35,1
DA:38,1
DA:40,0
DA:41,0
DA:42,0
DA:43,0
DA:46,0
LF:19
LH:2
end_of_record
SF:lib\Locale\locale_service.dart
DA:11,1
DA:12,1
DA:13,1
DA:14,1
DA:16,1
DA:18,1
DA:25,1
DA:27,1
DA:30,1
DA:32,1
LF:10
LH:10
end_of_record
SF:lib\disclaimerPage.dart
DA:20,1
DA:24,1
DA:25,1
DA:29,1
DA:31,2
DA:34,1
DA:36,1
DA:40,1
DA:41,2
DA:42,1
DA:43,1
DA:48,1
DA:52,1
DA:53,1
DA:57,1
DA:59,1
DA:60,1
DA:61,1
DA:62,1
DA:63,1
DA:64,1
DA:65,3
DA:66,1
DA:68,1
DA:69,2
DA:70,1
DA:71,1
DA:74,3
DA:79,1
DA:81,1
DA:82,1
DA:83,1
DA:84,1
DA:85,1
DA:88,3
DA:94,2
DA:95,2
DA:96,1
DA:102,2
DA:103,2
DA:104,1
DA:106,1
LF:42
LH:42
end_of_record
SF:lib\util\appInformation.dart
DA:66,21
DA:124,2
DA:125,2
DA:126,2
DA:129,2
DA:130,2
DA:131,2
DA:134,7
DA:135,7
DA:136,7
DA:139,8
DA:140,16
DA:141,8
DA:144,3
DA:145,6
DA:146,3
DA:149,3
DA:150,6
DA:151,3
DA:154,3
DA:155,6
DA:156,3
DA:159,3
DA:160,6
DA:161,3
DA:164,3
DA:165,6
DA:166,3
DA:169,8
DA:170,8
DA:171,8
DA:174,3
DA:175,3
DA:176,3
DA:179,8
DA:180,8
DA:181,8
DA:184,3
DA:185,3
DA:186,3
DA:189,3
DA:190,3
DA:191,3
DA:194,3
DA:195,3
DA:196,3
DA:199,8
DA:200,8
DA:201,8
DA:204,2
DA:205,2
DA:206,2
DA:209,8
DA:210,8
DA:211,8
DA:214,1
DA:215,2
DA:216,1
DA:219,8
DA:220,8
DA:221,8
DA:224,3
DA:225,6
DA:226,3
DA:229,8
DA:231,16
DA:232,8
DA:235,3
DA:236,6
DA:237,3
DA:240,3
DA:241,6
DA:242,3
DA:245,8
DA:246,8
DA:247,8
DA:250,8
DA:251,8
DA:252,8
DA:255,8
DA:256,8
DA:257,8
DA:260,8
DA:261,8
DA:262,8
DA:265,8
DA:266,8
DA:267,8
DA:270,8
DA:271,8
DA:272,8
DA:275,8
DA:276,16
DA:278,8
DA:281,1
DA:282,3
DA:283,1
DA:286,2
DA:287,2
DA:288,2
DA:291,1
DA:292,2
DA:293,1
DA:296,1
DA:297,2
DA:298,1
DA:301,1
DA:302,2
DA:303,1
DA:306,1
DA:307,2
DA:308,1
DA:311,8
DA:312,16
DA:313,8
DA:316,8
DA:317,16
DA:318,8
DA:321,2
DA:322,4
DA:323,2
DA:326,3
DA:327,3
DA:328,3
DA:331,3
DA:332,3
DA:333,3
DA:336,3
DA:337,6
DA:338,3
DA:341,8
DA:342,16
DA:343,8
DA:346,3
DA:347,6
DA:348,3
DA:351,3
DA:352,6
DA:353,3
DA:356,3
DA:357,6
DA:358,3
DA:361,3
DA:362,6
DA:363,3
DA:366,3
DA:368,6
DA:369,3
DA:372,3
DA:374,6
DA:375,3
DA:378,3
DA:379,6
DA:380,3
DA:383,3
DA:384,6
DA:385,3
DA:388,3
DA:389,6
DA:390,3
LF:160
LH:160
end_of_record
SF:lib\util\disclaimerLanguageSelect.dart
DA:21,3
DA:23,3
DA:24,3
DA:30,3
DA:32,3
DA:34,9
DA:35,6
DA:36,15
DA:37,3
DA:38,6
DA:39,6
DA:40,0
DA:43,3
DA:45,3
DA:46,3
DA:47,3
DA:48,3
DA:50,3
DA:54,6
DA:55,3
DA:56,6
DA:57,3
DA:64,3
DA:67,3
DA:68,12
DA:70,12
DA:71,3
DA:72,3
DA:73,3
DA:75,3
DA:76,3
DA:77,3
DA:79,3
DA:80,2
DA:82,4
DA:83,2
DA:84,6
DA:88,6
DA:89,6
DA:90,3
DA:91,3
DA:92,3
DA:94,3
DA:97,6
DA:101,3
DA:104,3
LF:46
LH:45
end_of_record
SF:lib\file_service.dart
DA:33,1
DA:34,2
DA:37,1
DA:38,1
DA:41,1
DA:43,1
DA:45,1
DA:47,1
DA:49,1
DA:51,1
DA:54,2
DA:55,2
DA:57,1
DA:58,2
DA:59,2
DA:60,2
DA:61,2
DA:62,2
DA:63,2
DA:64,1
DA:68,1
DA:69,1
DA:70,3
DA:71,2
DA:74,2
DA:79,1
DA:81,1
DA:82,3
DA:83,4
DA:88,1
DA:94,1
DA:96,1
DA:97,1
DA:98,1
DA:99,1
DA:100,1
DA:101,1
DA:102,1
DA:103,1
DA:105,1
DA:106,2
DA:115,2
DA:118,1
DA:119,1
DA:120,1
DA:121,1
DA:122,1
DA:123,1
DA:124,1
DA:125,1
DA:132,1
DA:135,1
DA:149,1
DA:150,1
DA:153,1
DA:163,1
DA:166,1
DA:167,1
DA:170,1
DA:171,1
DA:172,1
DA:174,3
DA:175,0
DA:177,0
DA:178,0
DA:181,1
DA:185,1
DA:188,0
DA:189,0
DA:192,2
DA:193,1
DA:200,0
DA:203,0
DA:205,0
DA:209,0
DA:210,0
DA:214,0
DA:215,0
DA:223,0
DA:237,0
DA:238,0
DA:242,1
DA:249,1
DA:251,1
DA:253,1
DA:254,0
DA:255,0
DA:259,0
DA:263,1
DA:265,1
DA:268,0
DA:269,0
DA:272,0
DA:277,1
DA:280,3
DA:281,0
DA:282,0
DA:285,2
DA:286,1
LF:99
LH:76
end_of_record
SF:lib\util\PDF\create_pdf.dart
DA:11,2
DA:12,4
DA:17,2
DA:18,4
DA:23,2
DA:24,4
DA:29,2
DA:37,4
DA:38,6
DA:39,4
DA:42,4
DA:43,4
DA:44,2
DA:45,2
DA:54,6
DA:55,4
DA:60,2
DA:61,4
DA:62,2
DA:63,2
DA:64,2
DA:65,2
DA:66,2
DA:67,2
DA:69,2
DA:75,2
DA:76,2
DA:81,4
DA:86,2
DA:87,2
DA:89,2
DA:90,4
DA:91,4
DA:92,2
DA:93,2
DA:94,2
DA:96,4
DA:97,2
DA:99,4
DA:100,2
DA:101,2
DA:102,2
DA:110,2
DA:111,2
DA:112,2
DA:113,2
DA:114,2
DA:115,2
DA:116,2
DA:118,4
DA:119,2
DA:120,2
DA:121,2
DA:129,2
DA:130,2
DA:132,2
DA:133,2
DA:134,2
DA:135,6
DA:136,2
DA:137,2
DA:138,2
DA:140,2
DA:141,4
DA:142,2
DA:143,8
DA:145,2
DA:146,4
DA:158,2
DA:159,2
DA:160,2
DA:166,6
DA:167,2
DA:168,4
DA:169,2
DA:170,2
DA:171,2
DA:172,4
DA:175,2
DA:176,2
DA:177,4
DA:178,2
DA:179,2
DA:180,2
DA:181,2
DA:182,2
DA:183,4
DA:187,2
DA:188,2
DA:189,4
DA:190,2
DA:191,2
DA:192,2
DA:193,4
DA:196,2
DA:197,2
DA:198,4
DA:199,2
DA:200,2
DA:201,2
DA:202,4
DA:205,2
DA:206,2
DA:207,4
DA:208,2
DA:209,2
DA:210,2
DA:211,2
DA:212,2
DA:213,4
DA:217,2
DA:218,2
DA:219,4
DA:220,2
DA:221,2
DA:222,2
DA:223,4
DA:229,2
DA:230,2
DA:231,2
DA:232,2
DA:233,2
DA:234,2
DA:239,2
DA:242,2
DA:245,1
DA:246,1
DA:247,1
DA:248,0
DA:249,0
DA:250,0
LF:131
LH:128
end_of_record
SF:lib\util\type_utils.dart
DA:3,16
DA:4,18
DA:9,1
DA:10,1
LF:4
LH:4
end_of_record
SF:lib\pages\FeelGood\image_picker_service_impl.dart
DA:25,0
DA:27,0
DA:30,0
DA:32,0
DA:33,0
DA:35,0
DA:36,0
DA:37,0
DA:38,0
DA:42,0
DA:44,0
DA:45,0
DA:48,0
DA:51,0
DA:53,0
DA:56,0
DA:57,0
DA:59,0
DA:60,0
DA:61,0
DA:62,0
DA:63,0
DA:66,0
DA:68,0
DA:69,0
DA:76,0
DA:78,0
DA:79,0
DA:80,0
DA:83,0
DA:86,0
DA:87,0
DA:89,0
DA:90,0
DA:93,0
DA:94,0
DA:98,0
DA:103,0
DA:104,0
DA:105,0
DA:108,0
DA:110,0
DA:111,0
DA:116,0
DA:118,0
LF:45
LH:0
end_of_record
SF:lib\pages\WellnessTools\VideoPlayerInheritedWidget.dart
DA:8,1
DA:13,1
DA:16,1
DA:18,1
DA:21,1
DA:23,3
LF:6
LH:6
end_of_record
SF:lib\pages\WellnessTools\VideoPlayerPageFactory.dart
DA:13,1
DA:18,1
LF:2
LH:2
end_of_record
SF:lib\pages\WellnessTools\player.dart
DA:10,1
DA:12,1
DA:13,0
DA:14,0
DA:22,0
DA:24,0
DA:26,0
DA:27,0
DA:28,0
DA:31,0
DA:32,0
DA:33,0
DA:35,0
DA:38,0
DA:39,0
DA:40,0
DA:41,0
DA:42,0
DA:46,0
DA:48,0
DA:50,0
DA:51,0
DA:52,0
DA:56,0
DA:58,0
DA:59,0
DA:62,0
DA:63,0
DA:64,0
DA:67,0
DA:69,0
DA:73,0
DA:75,0
DA:76,0
DA:77,0
DA:78,0
DA:80,0
DA:81,0
LF:38
LH:2
end_of_record
SF:lib\util\languages_util_functions.dart
DA:1,3
DA:3,3
DA:5,3
DA:7,3
DA:14,3
DA:15,3
DA:16,3
DA:17,3
DA:19,3
DA:26,2
DA:28,2
DA:30,2
DA:32,2
LF:13
LH:13
end_of_record
SF:lib\util\Phone\EmergencyPhones.dart
DA:11,0
DA:12,0
DA:15,1
DA:17,1
DA:19,4
DA:21,4
DA:23,4
DA:24,1
DA:25,2
DA:26,1
DA:34,2
DA:36,2
DA:38,2
DA:39,4
DA:40,2
DA:41,2
DA:42,3
DA:45,2
DA:47,2
DA:48,3
DA:50,1
DA:51,2
DA:52,2
DA:54,6
DA:55,1
DA:57,2
DA:59,2
DA:60,2
DA:62,4
DA:64,10
DA:67,2
DA:70,2
DA:71,6
DA:72,2
DA:74,2
DA:76,2
DA:92,2
DA:94,2
DA:96,2
DA:97,4
DA:99,4
DA:100,4
DA:101,2
DA:102,1
DA:104,1
DA:106,1
DA:107,1
DA:108,2
DA:109,4
DA:110,2
DA:111,2
DA:112,2
DA:113,2
DA:114,2
DA:115,3
DA:116,2
DA:121,2
DA:124,2
DA:125,4
DA:127,2
DA:129,2
DA:131,2
DA:132,2
DA:134,2
DA:137,2
DA:138,2
DA:139,2
DA:140,4
DA:141,2
DA:142,2
DA:144,2
DA:150,2
DA:151,2
DA:152,2
DA:154,2
DA:156,2
DA:157,2
DA:164,2
DA:166,2
DA:168,2
DA:171,2
DA:172,4
DA:173,2
DA:176,2
DA:177,4
LF:85
LH:83
end_of_record
SF:lib\util\Phone\emergencyDialogBox.dart
DA:22,2
DA:34,2
DA:36,2
DA:37,2
DA:38,2
DA:39,6
DA:40,4
DA:41,2
DA:43,2
DA:44,2
DA:45,2
DA:46,6
DA:49,2
DA:50,2
DA:51,2
DA:52,2
DA:57,2
DA:58,2
DA:59,2
DA:60,2
DA:61,0
DA:62,0
DA:67,1
DA:69,1
DA:70,1
DA:71,1
DA:72,1
DA:77,2
DA:78,3
DA:79,2
DA:82,2
DA:83,1
DA:84,0
DA:85,0
DA:86,0
DA:98,2
DA:99,2
DA:100,2
DA:101,2
DA:102,2
DA:104,5
DA:106,0
DA:107,0
LF:43
LH:36
end_of_record
SF:lib\util\Firebase\firebase_functions.dart
DA:28,0
DA:29,0
DA:36,1
DA:39,1
DA:42,2
DA:44,1
DA:45,1
DA:46,2
DA:47,1
DA:50,2
DA:51,1
DA:55,1
DA:61,1
DA:64,2
DA:67,1
DA:68,1
DA:69,4
DA:70,1
DA:72,1
DA:74,2
DA:75,1
DA:89,0
DA:94,2
DA:96,4
DA:97,2
DA:98,2
DA:99,2
DA:100,2
DA:101,2
DA:102,2
DA:103,2
DA:104,2
DA:107,2
DA:109,2
DA:111,2
DA:113,2
DA:115,2
DA:117,2
DA:119,2
DA:120,2
DA:122,2
DA:123,2
DA:124,2
DA:127,4
DA:128,4
DA:130,4
DA:131,4
DA:132,4
DA:133,4
DA:134,4
DA:135,4
DA:137,2
DA:138,4
DA:139,6
DA:140,6
DA:142,6
DA:143,4
DA:144,4
DA:145,4
DA:146,4
DA:147,2
DA:148,2
DA:149,4
DA:150,2
DA:151,4
DA:152,4
DA:153,4
DA:154,4
DA:164,2
DA:167,2
DA:168,2
DA:169,2
DA:170,2
DA:171,2
DA:172,2
DA:173,2
DA:174,2
DA:175,2
DA:176,2
DA:177,2
DA:178,2
DA:179,2
DA:180,2
DA:181,2
DA:182,2
DA:183,2
DA:184,2
DA:185,2
DA:186,2
DA:187,2
DA:188,2
DA:189,2
DA:190,2
DA:191,2
DA:192,2
DA:193,2
DA:194,2
DA:195,2
DA:196,2
DA:197,2
DA:198,2
DA:199,4
DA:200,2
DA:201,2
DA:202,2
DA:203,2
DA:204,2
DA:205,2
DA:206,2
DA:207,2
DA:208,2
DA:209,2
DA:210,2
DA:211,2
DA:212,2
DA:213,2
DA:214,2
DA:215,2
DA:216,2
DA:217,2
DA:218,2
DA:228,1
DA:234,0
DA:236,2
DA:238,2
DA:239,1
DA:240,1
DA:244,1
DA:245,1
DA:247,1
DA:248,1
DA:249,1
DA:251,1
DA:255,2
DA:256,2
DA:257,2
DA:258,1
DA:259,2
DA:261,1
DA:262,2
DA:264,3
DA:266,3
DA:268,1
DA:269,2
DA:270,1
DA:271,2
DA:272,1
DA:273,2
DA:275,1
DA:276,2
DA:277,3
DA:279,1
DA:280,2
DA:282,1
DA:283,2
DA:284,1
DA:285,2
DA:286,1
DA:287,2
DA:288,1
DA:289,2
DA:290,1
DA:291,2
DA:293,1
DA:294,2
DA:295,1
DA:296,2
DA:297,1
DA:298,2
DA:299,1
DA:300,2
DA:301,3
DA:302,3
DA:304,3
DA:306,1
DA:307,2
DA:308,1
DA:309,2
DA:310,1
DA:311,2
DA:312,1
DA:313,2
DA:314,1
DA:315,2
DA:316,1
DA:317,2
DA:319,1
DA:320,2
DA:322,1
DA:323,2
DA:325,1
DA:326,1
DA:327,4
DA:329,1
DA:330,1
DA:331,4
DA:333,1
DA:334,1
DA:335,4
DA:337,2
DA:338,3
DA:339,3
DA:340,2
DA:341,2
DA:344,1
DA:345,4
DA:349,1
DA:350,1
DA:351,2
DA:352,1
DA:353,2
DA:354,1
DA:355,2
DA:357,3
DA:382,1
DA:384,0
DA:386,1
DA:388,1
DA:390,1
DA:392,1
DA:394,1
DA:396,1
DA:398,1
DA:400,1
DA:402,1
DA:404,1
DA:406,1
DA:408,1
DA:410,1
DA:412,1
DA:414,1
DA:417,1
DA:420,1
DA:421,1
DA:422,1
DA:423,1
DA:424,1
DA:425,1
DA:426,1
DA:427,1
DA:428,1
DA:429,1
DA:430,1
DA:431,2
DA:432,3
DA:433,1
DA:435,1
DA:436,1
DA:438,1
DA:439,4
DA:440,4
DA:441,4
DA:443,1
DA:444,4
DA:445,4
DA:446,4
DA:448,1
DA:449,4
DA:450,4
DA:451,4
DA:453,1
DA:454,0
DA:455,0
DA:456,0
DA:458,1
DA:459,2
DA:460,3
DA:462,0
DA:463,0
DA:464,0
DA:468,1
DA:469,1
DA:470,1
DA:471,1
DA:472,3
DA:475,3
DA:476,4
DA:477,4
DA:480,1
DA:481,1
DA:482,1
DA:483,1
DA:484,0
DA:487,3
DA:488,4
DA:489,4
DA:492,1
DA:493,1
DA:494,1
DA:495,1
DA:496,0
DA:499,3
DA:500,4
DA:501,4
DA:504,1
DA:505,1
DA:506,1
DA:507,1
DA:508,3
DA:511,0
DA:512,0
DA:513,0
DA:517,1
DA:518,3
DA:519,4
DA:520,4
DA:522,1
DA:523,3
DA:524,4
DA:525,4
DA:527,1
DA:528,1
DA:529,1
DA:530,4
DA:531,4
DA:532,4
DA:535,1
DA:536,0
DA:537,0
DA:538,0
DA:541,1
DA:542,4
DA:543,4
DA:544,4
DA:547,1
DA:548,0
DA:549,0
DA:550,0
DA:553,1
DA:554,4
DA:555,4
DA:556,4
DA:559,1
DA:560,0
DA:561,0
DA:562,0
DA:565,1
DA:566,0
DA:567,0
DA:568,0
DA:569,1
DA:570,0
DA:571,0
DA:572,0
DA:575,1
DA:576,0
DA:577,0
DA:578,0
DA:581,1
DA:582,4
DA:583,4
DA:584,4
DA:585,1
DA:586,1
DA:587,2
DA:596,1
DA:597,1
DA:598,1
DA:599,1
DA:600,1
DA:601,1
DA:602,3
DA:605,0
DA:606,0
DA:607,0
DA:611,1
DA:612,4
DA:613,4
DA:614,4
DA:616,1
DA:617,4
DA:618,4
DA:619,4
DA:622,1
DA:623,4
DA:624,4
DA:625,4
DA:627,1
DA:628,4
DA:629,4
DA:630,4
DA:638,2
DA:640,2
DA:641,1
DA:642,2
DA:645,1
DA:646,1
DA:647,1
DA:648,1
DA:649,1
DA:650,1
DA:651,1
DA:652,1
DA:653,1
DA:654,1
DA:655,1
DA:656,1
DA:657,1
DA:658,1
DA:659,1
DA:660,1
DA:661,1
DA:662,1
DA:663,1
DA:664,1
DA:665,1
DA:666,1
DA:667,1
DA:668,1
DA:669,1
DA:670,1
DA:671,1
DA:674,1
DA:676,1
DA:678,1
DA:680,1
DA:682,1
DA:683,1
DA:685,1
DA:686,1
DA:688,1
DA:691,1
DA:694,1
DA:696,1
DA:698,1
DA:700,1
DA:701,1
DA:703,1
DA:704,1
DA:705,1
DA:706,1
DA:707,1
DA:708,1
DA:709,1
DA:710,1
DA:711,2
DA:712,2
DA:713,1
DA:714,1
DA:715,2
DA:718,1
DA:719,4
DA:723,0
DA:728,0
DA:731,0
DA:735,0
DA:739,0
DA:740,0
DA:744,0
DA:750,0
DA:751,0
DA:752,0
DA:753,0
DA:754,0
DA:755,0
DA:759,0
DA:760,0
DA:761,0
DA:762,0
DA:763,0
DA:764,0
DA:768,0
DA:769,0
DA:770,0
DA:771,0
DA:772,0
DA:773,0
DA:777,0
DA:778,0
DA:779,0
DA:780,0
DA:781,0
DA:782,0
DA:783,0
DA:784,0
DA:785,0
DA:790,0
DA:791,0
DA:792,0
DA:793,0
DA:794,0
DA:795,0
DA:796,0
DA:797,0
DA:798,0
DA:803,0
DA:804,0
DA:805,0
DA:806,0
DA:807,0
DA:808,0
DA:809,0
DA:810,0
DA:815,0
DA:816,0
DA:817,0
DA:818,0
DA:819,0
DA:820,0
DA:821,0
DA:822,0
DA:823,0
DA:824,0
DA:825,0
DA:826,0
DA:827,0
DA:832,0
DA:833,0
DA:834,0
DA:835,0
DA:836,0
DA:837,0
DA:841,2
DA:843,0
DA:845,2
DA:846,2
DA:847,2
DA:848,2
DA:849,2
DA:850,2
DA:851,2
DA:852,2
DA:856,2
DA:858,0
DA:860,2
DA:861,2
DA:862,2
DA:863,2
DA:864,2
DA:865,2
DA:866,2
DA:867,2
DA:871,0
DA:872,0
DA:873,0
DA:874,0
DA:875,0
DA:876,0
DA:880,0
DA:881,0
DA:882,0
DA:883,0
DA:884,0
DA:885,0
DA:889,0
DA:891,0
DA:892,0
DA:894,0
DA:895,0
DA:896,0
DA:897,0
DA:898,0
DA:901,2
DA:903,0
DA:905,2
DA:906,2
DA:907,2
DA:908,6
DA:909,2
DA:910,2
DA:914,2
DA:916,0
DA:917,4
DA:918,2
DA:919,2
DA:920,2
DA:921,4
DA:922,4
DA:923,4
DA:924,4
DA:927,2
DA:930,0
DA:935,0
DA:936,0
DA:937,0
DA:938,0
DA:939,0
DA:942,0
DA:946,0
DA:947,0
DA:948,0
DA:949,0
DA:950,0
DA:953,0
DA:957,0
DA:958,0
DA:959,0
DA:960,0
DA:961,0
DA:964,0
DA:965,0
DA:966,0
DA:967,0
DA:968,0
DA:969,0
DA:973,2
DA:975,0
DA:977,2
DA:978,2
DA:979,2
DA:981,6
DA:984,0
DA:985,0
DA:986,0
DA:987,0
DA:988,0
DA:989,0
DA:992,0
DA:993,0
DA:994,0
DA:995,0
DA:996,0
DA:998,0
DA:999,0
DA:1000,0
DA:1004,0
DA:1005,0
DA:1006,0
DA:1007,0
DA:1008,0
DA:1009,0
DA:1013,0
DA:1014,0
DA:1015,0
DA:1016,0
DA:1017,0
DA:1018,0
DA:1022,0
DA:1023,0
DA:1024,0
DA:1025,0
DA:1026,0
DA:1027,0
DA:1030,0
DA:1031,0
DA:1032,0
DA:1033,0
DA:1034,0
DA:1035,0
DA:1038,2
DA:1040,0
DA:1042,2
DA:1043,2
DA:1044,2
DA:1045,2
DA:1047,2
DA:1048,2
DA:1049,2
DA:1051,2
DA:1058,2
DA:1060,0
DA:1061,4
DA:1062,2
DA:1063,2
DA:1064,2
DA:1065,4
DA:1066,4
DA:1067,4
DA:1068,4
DA:1071,2
DA:1074,0
DA:1075,0
DA:1076,0
DA:1077,0
DA:1078,0
DA:1079,0
DA:1081,0
DA:1084,2
DA:1086,0
DA:1088,2
DA:1089,2
DA:1090,2
DA:1092,6
DA:1095,2
DA:1097,0
DA:1099,2
DA:1100,2
DA:1101,2
DA:1103,2
DA:1105,2
DA:1106,2
DA:1107,2
DA:1108,2
DA:1109,2
DA:1110,2
DA:1111,2
DA:1112,2
DA:1113,2
DA:1117,0
DA:1118,0
DA:1119,0
DA:1120,0
DA:1121,0
DA:1122,0
DA:1125,0
DA:1127,0
DA:1128,0
DA:1130,0
DA:1131,0
DA:1133,0
DA:1134,0
DA:1135,0
DA:1136,0
DA:1137,0
DA:1143,2
DA:1145,0
DA:1146,4
DA:1147,4
DA:1148,1
DA:1151,6
DA:1152,6
DA:1153,6
DA:1154,2
DA:1155,4
DA:1156,4
DA:1157,4
DA:1158,4
DA:1159,4
DA:1160,4
DA:1161,4
DA:1162,4
DA:1163,4
DA:1164,2
DA:1165,6
DA:1166,6
DA:1167,6
DA:1168,6
DA:1170,2
DA:1171,6
DA:1172,6
DA:1173,6
DA:1174,6
DA:1176,2
DA:1177,6
DA:1178,6
DA:1179,6
DA:1180,6
DA:1182,2
DA:1183,6
DA:1184,6
DA:1185,6
DA:1186,6
DA:1188,2
DA:1189,6
DA:1190,6
DA:1191,6
DA:1192,6
DA:1194,2
DA:1195,6
DA:1196,6
DA:1197,6
DA:1198,6
DA:1200,2
DA:1201,6
DA:1202,6
DA:1203,6
DA:1204,6
DA:1206,2
DA:1207,6
DA:1208,6
DA:1209,6
DA:1210,6
DA:1212,2
DA:1213,6
DA:1214,6
DA:1215,6
DA:1216,6
DA:1218,2
DA:1219,6
DA:1220,6
DA:1221,6
DA:1222,6
DA:1224,2
DA:1225,6
DA:1226,6
DA:1227,6
DA:1228,6
DA:1233,0
DA:1234,0
DA:1235,0
DA:1236,0
DA:1238,0
DA:1239,0
DA:1240,0
DA:1242,0
DA:1243,0
DA:1245,0
DA:1246,0
DA:1248,0
DA:1249,0
DA:1250,0
DA:1251,0
DA:1252,0
DA:1258,0
DA:1259,0
DA:1260,0
DA:1261,0
DA:1262,0
DA:1263,0
DA:1265,0
DA:1266,0
DA:1267,0
DA:1269,0
DA:1270,0
DA:1272,0
DA:1273,0
DA:1275,0
DA:1276,0
DA:1277,0
DA:1278,0
DA:1279,0
DA:1285,0
DA:1286,0
DA:1287,0
DA:1288,0
DA:1289,0
DA:1290,0
DA:1293,0
DA:1295,0
DA:1296,0
DA:1298,0
DA:1299,0
DA:1301,0
DA:1302,0
DA:1303,0
DA:1304,0
DA:1305,0
DA:1310,0
DA:1311,0
DA:1312,0
DA:1313,0
DA:1315,0
DA:1317,0
DA:1318,0
DA:1320,0
DA:1321,0
DA:1323,0
DA:1324,0
DA:1325,0
DA:1326,0
DA:1327,0
DA:1332,0
DA:1333,0
DA:1334,0
DA:1335,0
DA:1336,0
DA:1337,0
DA:1340,0
DA:1341,0
DA:1342,0
DA:1343,0
DA:1344,0
DA:1345,0
DA:1346,0
DA:1347,0
DA:1348,0
DA:1349,0
DA:1350,0
DA:1351,0
DA:1352,0
DA:1356,0
DA:1357,0
DA:1358,0
DA:1359,0
DA:1361,0
DA:1363,0
DA:1364,0
DA:1366,0
DA:1367,0
DA:1370,0
DA:1371,0
DA:1372,0
DA:1377,2
DA:1379,0
DA:1380,4
DA:1381,2
DA:1383,8
DA:1384,8
DA:1385,6
DA:1391,2
DA:1393,0
DA:1394,4
DA:1395,2
DA:1396,2
DA:1397,2
DA:1398,2
DA:1399,2
DA:1402,8
DA:1403,10
DA:1404,10
DA:1405,10
DA:1406,10
DA:1411,2
DA:1413,0
DA:1414,2
DA:1415,4
DA:1417,4
DA:1418,10
DA:1419,12
DA:1420,12
LF:900
LH:580
end_of_record
SF:lib\util\SignIn\popup_toast.dart
DA:5,3
DA:6,3
LF:2
LH:2
end_of_record
SF:lib\pages\phone.dart
DA:16,1
DA:18,1
DA:19,1
DA:31,1
DA:32,2
DA:34,4
DA:36,4
DA:40,1
DA:42,1
DA:43,4
DA:44,1
DA:47,1
DA:50,1
DA:52,1
DA:54,1
DA:55,1
DA:56,1
DA:57,4
DA:58,4
DA:59,4
DA:60,1
DA:61,1
DA:63,1
DA:65,1
DA:66,1
DA:67,1
DA:68,2
DA:69,2
DA:73,1
DA:74,1
DA:76,1
DA:77,1
DA:78,2
DA:79,1
DA:81,1
DA:88,1
DA:89,3
DA:92,1
DA:95,1
DA:96,2
DA:97,1
DA:98,1
DA:106,1
DA:107,2
DA:108,0
DA:111,0
DA:114,0
DA:115,0
DA:118,1
DA:119,1
DA:120,3
DA:123,1
DA:126,1
DA:127,2
DA:128,1
DA:129,1
DA:134,1
DA:136,1
LF:58
LH:54
end_of_record
SF:lib\util\Form\formPagePhoneModel.dart
DA:23,12
DA:36,12
DA:39,1
DA:40,1
DA:41,1
DA:42,1
DA:43,1
DA:44,1
DA:45,1
DA:46,1
DA:47,1
DA:48,1
DA:49,1
DA:50,1
DA:51,1
DA:56,1
DA:57,1
DA:58,1
DA:59,1
DA:60,1
DA:61,1
DA:62,1
DA:63,1
DA:64,2
DA:65,2
DA:66,2
DA:67,2
DA:68,2
DA:71,1
DA:72,3
DA:73,3
DA:74,3
DA:75,3
DA:76,3
DA:77,4
DA:78,4
DA:79,1
DA:80,3
DA:81,1
DA:82,3
DA:83,1
DA:84,3
DA:87,1
DA:90,2
DA:91,2
DA:94,1
DA:95,2
DA:96,2
DA:97,1
DA:98,1
DA:101,1
DA:102,6
DA:103,2
DA:104,2
DA:105,1
DA:106,1
DA:110,12
DA:111,24
DA:114,36
DA:115,24
DA:116,36
DA:117,24
DA:118,12
DA:121,1
DA:122,2
DA:123,2
DA:124,1
DA:125,1
DA:128,1
DA:129,6
DA:130,2
DA:131,2
DA:132,1
DA:133,1
DA:137,1
DA:138,2
DA:139,2
DA:140,1
DA:141,1
DA:144,1
DA:145,2
DA:147,3
DA:148,1
DA:149,3
DA:150,1
LF:85
LH:85
end_of_record
SF:lib\iFx\service_locator.dart
DA:12,27
DA:14,1
DA:16,2
DA:17,0
DA:18,2
DA:19,0
DA:21,4
DA:22,4
DA:23,4
DA:24,4
DA:25,2
DA:26,2
LF:12
LH:10
end_of_record
SF:lib\form\formpagetemplate.dart
DA:25,3
DA:30,3
DA:32,3
DA:33,3
DA:41,3
DA:43,3
DA:46,3
DA:48,6
DA:49,3
DA:52,3
DA:53,6
DA:56,0
DA:57,0
DA:58,0
DA:61,0
DA:62,0
DA:63,0
DA:65,0
DA:68,0
DA:69,0
DA:71,0
DA:75,0
DA:76,0
DA:77,0
DA:79,0
DA:82,0
DA:85,0
DA:86,0
DA:89,0
DA:90,0
DA:91,0
DA:93,0
DA:94,0
DA:96,0
DA:97,0
DA:99,0
DA:100,0
DA:104,0
DA:106,0
DA:107,0
DA:108,0
DA:109,0
DA:112,3
DA:113,6
DA:114,3
DA:115,9
DA:117,0
DA:118,0
DA:120,0
DA:121,0
DA:123,0
DA:124,0
DA:130,3
DA:133,3
DA:134,3
DA:137,12
DA:138,9
DA:139,3
DA:141,3
DA:142,3
DA:143,3
DA:145,3
DA:147,3
DA:149,3
DA:153,3
DA:154,3
DA:155,3
DA:157,3
DA:158,3
DA:159,3
DA:160,3
DA:162,3
DA:167,3
DA:168,3
DA:170,3
DA:172,3
DA:173,3
DA:174,3
DA:175,3
DA:177,3
DA:178,3
DA:185,3
DA:186,3
DA:188,3
DA:192,3
DA:195,6
DA:196,0
DA:197,0
DA:198,0
DA:199,0
DA:200,0
DA:201,0
DA:202,0
DA:204,0
DA:205,0
DA:206,0
DA:212,3
DA:213,12
DA:215,9
DA:216,3
DA:220,3
DA:221,3
DA:222,0
DA:223,0
DA:227,0
DA:228,0
DA:229,0
DA:230,0
DA:233,3
DA:238,3
DA:240,3
DA:249,3
DA:250,6
DA:251,3
DA:252,3
DA:259,3
DA:260,3
DA:261,3
DA:263,9
DA:264,3
DA:265,3
DA:267,0
DA:274,3
DA:275,3
DA:277,3
DA:278,3
DA:279,3
DA:281,3
DA:282,3
DA:283,3
DA:284,3
DA:285,3
DA:289,3
DA:290,3
DA:292,3
DA:294,3
DA:295,3
DA:296,3
DA:297,3
DA:299,3
DA:300,3
DA:307,3
DA:308,3
DA:310,3
DA:313,3
DA:316,3
DA:317,3
DA:318,6
DA:319,3
DA:323,3
DA:324,3
DA:326,3
DA:327,0
DA:328,0
DA:331,0
DA:334,0
DA:335,0
DA:338,0
DA:340,0
DA:342,0
DA:344,0
DA:346,0
DA:348,0
DA:350,0
DA:355,3
DA:356,3
DA:359,3
DA:362,3
DA:363,9
DA:367,3
DA:369,3
DA:371,3
DA:373,3
DA:377,3
DA:381,3
DA:383,3
DA:388,3
DA:389,0
DA:390,0
DA:392,0
DA:393,0
DA:395,0
DA:397,0
DA:406,12
DA:407,3
DA:408,0
DA:409,0
DA:411,3
DA:416,3
DA:418,3
DA:427,3
DA:429,3
DA:430,3
DA:431,3
DA:432,3
DA:438,0
DA:439,0
DA:442,3
DA:443,3
DA:446,3
DA:448,0
DA:449,0
DA:450,0
DA:451,0
DA:452,0
DA:454,3
DA:455,6
DA:456,3
LF:208
LH:127
end_of_record
SF:lib\pages\FormAnswer.dart
DA:18,0
DA:26,0
DA:27,0
DA:32,0
DA:34,0
DA:35,0
DA:37,0
DA:38,0
DA:42,0
DA:43,0
DA:45,0
DA:46,0
DA:48,0
DA:49,0
DA:50,0
DA:52,0
DA:53,0
DA:54,0
DA:55,0
DA:56,0
DA:57,0
DA:59,0
DA:60,0
DA:65,0
DA:66,0
DA:67,0
DA:69,0
DA:70,0
DA:71,0
DA:74,0
DA:75,0
DA:84,0
DA:85,0
DA:86,0
DA:88,0
DA:90,0
DA:91,0
DA:92,0
DA:100,0
DA:101,0
DA:103,0
DA:104,0
DA:105,0
DA:106,0
DA:107,0
LF:45
LH:0
end_of_record
SF:lib\util\Form\retrieveInformation.dart
DA:2,6
DA:12,6
DA:13,6
DA:14,6
DA:15,6
DA:16,6
DA:17,6
DA:18,6
DA:21,3
DA:22,3
DA:23,3
DA:24,3
DA:25,3
DA:26,3
DA:27,3
DA:30,3
DA:31,3
DA:32,3
DA:33,3
DA:34,3
DA:35,3
DA:36,3
DA:39,3
DA:40,3
DA:41,3
DA:42,3
DA:43,3
DA:44,3
DA:45,3
DA:49,1
DA:51,6
DA:52,6
DA:54,6
DA:65,7
DA:66,7
DA:68,14
DA:69,14
DA:70,14
DA:71,14
DA:72,14
DA:73,14
DA:74,14
DA:75,14
DA:76,14
DA:77,14
DA:78,14
DA:79,14
DA:80,14
DA:81,14
DA:82,14
DA:83,14
DA:84,14
DA:85,14
DA:86,14
DA:87,14
DA:91,8
DA:92,8
DA:93,16
DA:94,16
DA:95,16
DA:96,16
DA:97,16
DA:98,16
DA:99,16
DA:100,16
DA:101,16
DA:102,16
DA:103,16
DA:104,16
DA:108,8
DA:109,8
DA:110,16
DA:111,16
DA:112,16
DA:113,16
DA:114,16
DA:115,16
DA:116,16
DA:117,16
DA:118,16
DA:119,16
DA:120,16
DA:121,16
DA:122,16
DA:123,16
DA:124,16
DA:125,16
DA:126,16
DA:127,16
DA:128,16
DA:129,16
DA:134,6
DA:135,6
DA:136,12
DA:137,12
DA:138,12
DA:139,12
DA:140,12
DA:141,12
DA:142,12
DA:143,12
DA:144,12
DA:145,12
DA:146,12
DA:147,12
DA:148,12
DA:149,12
DA:150,12
DA:151,12
DA:152,12
DA:153,12
DA:154,12
DA:159,3
DA:160,3
DA:161,6
DA:162,6
DA:163,6
DA:164,6
DA:165,6
DA:166,6
DA:167,6
DA:168,6
DA:169,6
DA:170,6
DA:171,6
DA:172,6
DA:173,6
DA:174,6
DA:175,6
DA:176,6
DA:181,3
DA:182,3
DA:183,6
DA:184,6
DA:185,6
DA:186,6
DA:187,6
DA:188,6
DA:189,6
DA:190,6
DA:191,6
DA:192,6
DA:193,6
DA:194,6
DA:195,6
DA:196,6
DA:197,6
DA:198,6
DA:199,6
DA:200,6
DA:201,6
DA:202,6
DA:207,3
DA:208,3
DA:209,6
DA:210,6
DA:211,6
DA:212,6
DA:213,6
DA:214,6
DA:215,6
DA:216,6
DA:217,6
DA:218,6
DA:219,6
DA:220,6
DA:221,6
DA:222,6
DA:223,6
DA:224,6
DA:225,6
DA:226,6
DA:227,6
DA:228,6
DA:229,6
DA:230,6
DA:231,6
DA:232,6
DA:233,6
DA:234,6
DA:235,6
DA:236,6
DA:237,6
DA:238,6
DA:239,6
DA:240,6
DA:241,6
LF:187
LH:187
end_of_record
SF:lib\util\FormAnswer\addFormAnswer.dart
DA:14,2
DA:22,4
DA:30,2
DA:32,2
DA:33,8
DA:36,2
DA:38,2
DA:40,2
DA:41,2
DA:42,2
DA:43,8
DA:45,2
DA:46,2
DA:47,2
DA:48,8
DA:49,10
DA:50,4
DA:51,1
DA:53,2
DA:54,2
DA:55,2
DA:56,2
DA:58,2
DA:59,2
DA:60,2
DA:61,2
DA:62,2
DA:64,2
DA:68,2
DA:72,2
DA:73,4
DA:77,2
DA:81,5
DA:83,2
DA:86,5
DA:87,1
DA:88,1
DA:89,1
DA:90,1
DA:99,2
DA:102,2
DA:103,2
DA:104,2
DA:105,4
DA:107,4
DA:110,1
DA:111,2
DA:114,2
DA:115,2
DA:116,4
DA:118,4
DA:121,1
DA:122,3
DA:123,3
DA:124,2
DA:125,1
DA:126,1
DA:128,1
DA:129,1
LF:59
LH:59
end_of_record
SF:lib\util\Form\myDropdownMenuEntry.dart
DA:6,4
DA:7,4
DA:10,4
DA:11,4
DA:13,4
DA:16,8
DA:19,4
LF:7
LH:7
end_of_record
SF:lib\MainPageHelpers\MainPageList\list_utils.dart
DA:11,7
DA:14,7
DA:15,7
DA:16,7
DA:17,7
DA:21,7
DA:22,7
DA:23,7
DA:24,7
DA:28,1
DA:29,1
DA:33,2
DA:34,1
DA:36,1
DA:40,7
DA:41,7
DA:42,7
DA:43,14
DA:45,15
DA:46,4
DA:47,2
DA:53,7
DA:55,7
DA:58,7
DA:62,1
DA:64,2
DA:65,2
DA:67,1
DA:69,1
DA:70,2
DA:71,1
DA:72,1
DA:74,3
DA:75,2
DA:76,2
DA:78,1
DA:80,2
DA:81,1
DA:86,1
DA:88,1
DA:89,1
DA:90,1
DA:92,2
DA:93,1
DA:98,1
DA:100,1
DA:101,1
DA:102,1
DA:105,1
DA:107,2
DA:108,1
DA:109,2
DA:110,1
DA:117,1
DA:119,2
DA:120,2
DA:122,1
DA:123,1
DA:124,1
DA:131,1
DA:133,1
DA:134,1
DA:135,1
LF:63
LH:63
end_of_record
SF:lib\MainPageHelpers\MainPageList\mainpage_list_body_widget.dart
DA:11,6
DA:18,6
DA:19,6
DA:23,6
DA:25,6
DA:27,6
DA:28,6
DA:31,31
DA:32,1
DA:33,1
DA:34,1
DA:36,1
DA:38,1
DA:39,1
DA:41,1
DA:43,0
DA:44,0
DA:49,6
LF:18
LH:16
end_of_record
SF:lib\MainPageHelpers\MainPageList\mainpage_list_item_number_widget.dart
DA:9,1
DA:12,1
DA:14,1
DA:16,1
DA:17,1
DA:18,1
DA:19,3
DA:22,1
DA:23,1
DA:24,3
DA:25,1
DA:27,5
LF:12
LH:12
end_of_record
SF:lib\MainPageHelpers\MainPageList\mainpage_list_item_widget.dart
DA:10,1
DA:17,1
DA:19,1
DA:20,1
DA:22,3
DA:25,4
DA:27,4
DA:28,1
DA:30,1
DA:32,1
DA:34,1
DA:35,1
DA:37,1
DA:38,1
DA:40,1
DA:42,1
DA:44,2
DA:50,1
DA:52,1
DA:53,1
DA:59,1
DA:61,1
DA:63,1
DA:64,1
LF:24
LH:24
end_of_record
SF:lib\MainPageHelpers\MainPageList\mainpage_list_widget.dart
DA:27,6
DA:29,6
DA:30,6
DA:36,6
DA:38,6
DA:41,0
DA:42,0
DA:43,0
DA:44,0
DA:45,0
DA:46,0
DA:47,0
DA:49,0
DA:50,0
DA:51,0
DA:52,0
DA:55,0
DA:56,0
DA:57,0
DA:58,0
DA:59,0
DA:70,0
DA:72,0
DA:74,0
DA:76,0
DA:80,0
DA:81,0
DA:82,0
DA:86,6
DA:87,18
DA:88,6
DA:89,6
DA:91,6
DA:92,6
DA:96,0
DA:97,0
DA:98,0
DA:99,0
DA:100,0
DA:101,0
DA:102,0
DA:104,0
DA:105,0
DA:112,0
DA:113,0
DA:114,0
DA:115,0
DA:116,0
DA:117,0
DA:118,0
DA:120,0
DA:121,0
DA:127,6
DA:129,18
DA:130,0
DA:131,0
DA:133,0
DA:134,0
DA:135,0
DA:136,0
DA:140,6
DA:142,18
DA:143,0
DA:144,0
DA:146,0
DA:148,0
DA:149,0
DA:151,0
DA:155,6
DA:156,6
DA:158,0
DA:159,0
DA:160,0
DA:164,12
DA:168,6
DA:169,6
DA:171,0
DA:172,0
DA:175,12
DA:179,0
DA:180,0
DA:181,0
DA:183,0
DA:188,6
DA:193,6
DA:194,6
DA:195,12
DA:196,12
DA:197,30
DA:198,18
DA:200,24
DA:202,24
DA:203,12
DA:204,6
DA:206,24
DA:208,18
DA:209,6
DA:211,6
DA:212,6
DA:216,6
DA:217,6
DA:218,0
DA:219,0
DA:221,6
DA:222,6
DA:223,6
DA:224,6
DA:230,6
DA:231,6
DA:233,6
DA:234,6
DA:235,6
DA:240,6
DA:244,6
DA:245,6
DA:246,6
DA:247,6
DA:249,6
DA:251,6
DA:256,6
DA:257,24
LF:121
LH:57
end_of_record
SF:lib\MainPageHelpers\show_all_button.dart
DA:10,6
DA:16,6
DA:17,6
DA:21,6
DA:24,6
DA:26,6
DA:27,6
DA:28,6
DA:29,6
DA:30,0
DA:31,0
DA:33,6
DA:35,6
DA:36,6
DA:37,12
LF:15
LH:13
end_of_record
SF:lib\util\HomePage\sectionBarHome.dart
DA:16,7
DA:24,7
DA:25,7
DA:29,7
DA:31,7
DA:33,7
DA:34,7
DA:36,7
DA:37,7
DA:38,7
DA:39,14
DA:40,7
DA:41,14
DA:47,21
DA:50,21
DA:51,7
DA:54,7
DA:55,14
DA:56,7
DA:58,7
DA:59,7
DA:61,21
DA:66,0
LF:23
LH:22
end_of_record
SF:lib\util\Thanks\AddForm.dart
DA:17,0
DA:26,0
DA:33,0
DA:34,0
DA:35,0
DA:36,0
DA:38,0
DA:40,0
DA:44,0
DA:46,0
DA:47,0
DA:50,0
DA:52,0
DA:53,0
DA:57,0
DA:62,0
DA:63,0
DA:65,0
DA:66,0
DA:68,0
DA:70,0
DA:71,0
DA:73,0
DA:74,0
DA:75,0
DA:79,0
DA:80,0
DA:81,0
DA:82,0
DA:86,0
DA:88,0
DA:89,0
DA:90,0
DA:91,0
DA:92,0
DA:93,0
DA:94,0
DA:96,0
DA:98,0
DA:99,0
DA:100,0
DA:103,0
DA:105,0
DA:106,0
DA:107,0
DA:108,0
DA:114,0
DA:116,0
DA:117,0
DA:130,0
DA:132,0
DA:134,0
DA:135,0
DA:136,0
DA:137,0
DA:139,0
DA:143,0
DA:144,0
DA:148,0
DA:149,0
DA:150,0
DA:151,0
DA:153,0
DA:157,0
LF:64
LH:0
end_of_record
SF:lib\util\Thanks\thanksItemSug.dart
DA:25,7
DA:32,7
DA:33,7
DA:43,7
DA:44,7
DA:45,7
DA:46,14
DA:47,15
DA:48,4
DA:49,0
DA:55,7
DA:59,7
DA:60,14
DA:61,21
DA:62,21
DA:64,14
DA:66,21
DA:68,14
DA:70,14
DA:71,35
DA:72,0
DA:75,21
DA:76,35
DA:77,0
DA:79,7
DA:81,7
DA:82,42
DA:86,7
DA:88,7
DA:92,7
DA:96,7
DA:97,7
DA:98,7
DA:99,0
DA:101,7
DA:104,7
DA:106,7
DA:108,7
DA:111,0
DA:112,0
DA:113,0
DA:116,0
DA:117,0
DA:118,0
DA:119,0
DA:121,0
DA:122,0
DA:123,0
DA:124,0
DA:125,0
DA:126,0
DA:129,0
DA:130,0
DA:131,0
DA:136,7
DA:137,7
DA:143,7
DA:149,7
DA:151,7
DA:157,7
DA:175,7
DA:176,7
DA:179,7
DA:182,7
DA:184,7
DA:186,7
DA:187,7
DA:189,7
DA:190,7
DA:191,7
DA:192,21
DA:195,28
DA:197,35
DA:198,28
DA:200,7
DA:201,21
DA:202,6
DA:203,1
DA:204,1
DA:211,7
DA:213,7
DA:215,7
LF:82
LH:62
end_of_record
SF:lib\util\Traits\positiveTraitItemSug.dart
DA:31,7
DA:38,7
DA:39,7
DA:47,7
DA:49,21
DA:53,6
DA:55,12
DA:56,12
DA:58,12
DA:60,24
DA:62,12
DA:63,18
DA:64,12
DA:65,0
DA:68,18
DA:69,30
DA:70,0
DA:72,6
DA:74,18
DA:75,24
DA:79,7
DA:81,7
DA:85,7
DA:89,7
DA:90,7
DA:91,0
DA:93,7
DA:96,7
DA:98,7
DA:100,7
DA:103,0
DA:104,0
DA:108,0
DA:109,0
DA:110,0
DA:112,0
DA:113,0
DA:115,0
DA:116,0
DA:117,0
DA:119,0
DA:121,0
DA:123,0
DA:124,0
DA:126,0
DA:127,0
DA:128,0
DA:129,0
DA:134,0
DA:135,0
DA:136,0
DA:142,7
DA:143,7
DA:149,7
DA:155,7
DA:157,7
DA:163,7
DA:183,7
DA:184,7
DA:187,7
DA:190,7
DA:192,7
DA:194,7
DA:195,7
DA:197,7
DA:198,7
DA:199,7
DA:200,21
DA:203,28
DA:205,35
DA:206,28
DA:207,7
DA:208,21
DA:209,6
DA:210,1
DA:211,1
DA:215,7
DA:217,7
DA:219,7
LF:79
LH:55
end_of_record
SF:lib\MainPageHelpers\personalPlanWidget.dart
DA:25,6
DA:28,6
DA:29,6
DA:36,6
DA:37,6
DA:42,30
DA:43,5
DA:45,5
DA:46,1
DA:47,2
DA:48,2
DA:49,4
DA:50,4
DA:53,25
DA:55,0
DA:56,0
DA:59,10
DA:60,10
DA:65,6
DA:67,18
DA:68,6
DA:69,6
DA:73,6
DA:75,6
DA:77,6
DA:79,6
DA:80,6
DA:81,6
DA:83,6
DA:85,6
DA:86,6
DA:91,6
DA:92,6
DA:93,0
DA:94,0
DA:97,6
DA:98,12
DA:99,6
DA:100,6
DA:107,6
DA:109,7
DA:110,1
DA:113,7
DA:115,3
DA:116,2
DA:117,2
DA:118,2
DA:119,2
DA:120,2
DA:121,1
DA:122,2
DA:123,2
DA:124,2
DA:125,2
DA:126,2
DA:127,1
DA:128,2
DA:131,3
DA:135,0
DA:139,18
DA:140,6
DA:143,6
DA:149,6
DA:150,8
DA:153,1
DA:155,6
DA:159,6
DA:160,0
DA:161,0
DA:164,6
DA:165,6
DA:166,6
DA:167,12
DA:168,6
DA:170,6
DA:174,24
LF:76
LH:69
end_of_record
SF:lib\util\Share\show_share_dialog.dart
DA:4,1
DA:5,1
DA:7,1
DA:8,1
LF:4
LH:4
end_of_record
SF:lib\util\personalPlanItem.dart
DA:9,1
DA:11,1
DA:12,1
DA:16,1
DA:18,1
DA:20,1
DA:21,1
DA:22,1
DA:24,1
DA:25,2
DA:29,1
DA:30,1
DA:34,1
DA:35,4
DA:36,0
DA:37,2
DA:39,1
DA:40,1
LF:18
LH:17
end_of_record
SF:lib\form\form.dart
DA:25,3
DA:36,1
DA:42,1
DA:43,1
DA:51,0
DA:52,0
DA:53,0
DA:57,0
DA:58,0
DA:59,0
DA:63,0
DA:64,0
DA:65,0
DA:69,0
DA:70,0
DA:73,0
DA:74,0
DA:76,0
DA:79,0
DA:80,0
DA:81,0
DA:82,0
DA:83,0
DA:84,0
DA:85,0
DA:88,0
DA:92,0
DA:93,0
DA:95,0
DA:96,0
DA:97,0
DA:99,0
DA:102,0
DA:107,1
DA:109,1
DA:115,2
DA:116,1
DA:117,1
DA:118,1
DA:119,1
DA:120,2
DA:122,1
DA:123,1
DA:124,1
DA:125,1
DA:126,2
DA:128,1
DA:129,1
DA:130,1
DA:131,1
DA:132,2
DA:134,1
DA:135,1
DA:136,1
DA:137,1
DA:138,2
DA:142,1
DA:143,1
DA:144,1
DA:145,2
DA:152,1
DA:155,1
DA:157,1
DA:158,1
DA:160,0
DA:164,0
DA:167,1
DA:168,1
DA:170,1
DA:172,1
DA:173,1
DA:174,1
DA:175,1
DA:176,1
DA:177,1
DA:179,1
DA:180,1
DA:181,2
DA:184,1
DA:185,2
DA:186,0
DA:188,0
DA:189,0
DA:192,1
DA:193,1
DA:194,2
DA:195,2
DA:198,0
DA:202,0
DA:209,1
DA:211,1
DA:212,3
DA:213,2
DA:218,1
DA:219,2
DA:220,1
DA:222,1
DA:225,1
DA:235,1
DA:238,1
DA:241,1
DA:243,1
DA:244,1
DA:248,3
LF:104
LH:68
end_of_record
SF:lib\form\phonePageform.dart
DA:22,1
DA:27,1
DA:29,1
DA:30,1
DA:42,0
DA:44,0
DA:46,0
DA:48,0
DA:49,0
DA:51,0
DA:52,0
DA:54,0
DA:58,0
DA:59,0
DA:61,0
DA:62,0
DA:64,0
DA:65,0
DA:67,0
DA:70,0
DA:72,0
DA:76,1
DA:78,2
DA:79,2
DA:80,2
DA:81,2
DA:82,1
DA:85,1
DA:87,1
DA:88,5
DA:89,0
DA:90,0
DA:91,0
DA:92,0
DA:94,3
DA:95,4
DA:99,1
DA:101,1
DA:104,1
DA:107,1
DA:109,1
DA:110,1
DA:111,1
DA:112,1
DA:115,1
DA:116,2
DA:117,1
DA:119,1
DA:120,1
DA:121,1
DA:123,1
DA:124,1
DA:125,2
DA:126,1
DA:128,1
DA:134,1
DA:135,1
DA:137,1
DA:138,1
DA:139,1
DA:140,1
DA:142,1
DA:143,1
DA:144,1
DA:146,1
DA:147,1
DA:151,1
DA:152,2
DA:153,1
DA:155,1
DA:156,1
DA:165,2
DA:167,1
DA:168,1
DA:169,1
DA:170,1
DA:171,3
DA:177,1
DA:178,1
DA:181,1
DA:182,0
DA:183,0
DA:184,0
DA:185,0
DA:187,2
DA:188,2
DA:189,1
DA:190,1
DA:191,1
DA:193,1
DA:194,1
DA:195,2
DA:196,1
DA:198,1
LF:94
LH:69
end_of_record
SF:lib\form\shareform.dart
DA:22,1
DA:26,1
DA:28,1
DA:29,1
DA:34,1
DA:35,2
DA:38,1
DA:41,1
DA:43,1
DA:44,3
DA:45,1
DA:48,1
DA:50,1
DA:52,1
DA:53,1
DA:55,1
DA:57,1
DA:58,1
DA:59,1
DA:60,1
DA:61,1
DA:62,1
DA:63,1
DA:65,1
DA:67,1
DA:68,2
DA:69,1
DA:70,1
DA:76,1
DA:77,2
DA:78,1
DA:80,1
DA:84,1
DA:85,1
DA:86,3
DA:87,1
DA:88,2
DA:89,2
DA:96,1
DA:97,3
DA:98,1
DA:100,1
DA:102,1
DA:103,0
DA:104,0
DA:106,1
DA:110,1
DA:113,1
DA:114,1
DA:117,1
DA:118,1
DA:122,1
DA:123,0
DA:124,0
DA:125,0
DA:126,0
DA:127,0
DA:128,0
DA:129,0
DA:130,0
DA:131,0
DA:132,0
DA:133,0
DA:134,0
DA:135,0
DA:136,0
DA:137,0
DA:140,0
DA:141,0
DA:145,0
DA:147,0
DA:150,1
DA:154,1
DA:157,1
DA:158,1
DA:161,1
DA:162,1
DA:170,1
DA:171,0
DA:173,2
DA:174,2
DA:175,1
LF:82
LH:60
end_of_record
SF:lib\menu.dart
DA:41,5
DA:47,5
DA:48,5
DA:62,5
DA:63,10
DA:66,5
DA:69,5
DA:70,10
DA:73,5
DA:76,5
DA:78,4
DA:79,0
DA:84,0
DA:85,0
DA:86,0
DA:91,0
DA:92,0
DA:94,0
DA:95,0
DA:96,0
DA:98,0
DA:99,0
DA:103,0
DA:104,0
DA:107,0
DA:108,0
DA:111,0
DA:112,0
DA:113,0
DA:114,0
DA:116,0
DA:117,0
DA:120,0
DA:121,0
DA:122,0
DA:125,0
DA:127,0
DA:129,0
DA:130,0
DA:131,0
DA:132,0
DA:133,0
DA:134,0
DA:135,0
DA:136,0
DA:147,5
DA:148,5
DA:149,4
DA:152,1
DA:154,1
DA:155,1
DA:156,1
DA:157,1
DA:158,1
DA:161,4
DA:162,2
DA:163,4
DA:168,4
DA:169,4
DA:170,1
DA:171,3
DA:172,4
DA:179,5
DA:180,5
DA:181,10
DA:182,5
DA:183,10
DA:184,5
DA:188,1
DA:189,2
DA:190,2
DA:191,1
DA:192,2
DA:193,1
DA:194,1
DA:198,2
DA:200,4
DA:201,2
DA:202,2
DA:204,2
DA:206,4
DA:207,4
DA:209,0
DA:210,0
DA:211,0
DA:212,0
DA:215,0
DA:216,0
DA:219,0
DA:220,0
DA:221,0
DA:227,5
DA:234,5
DA:236,5
DA:237,5
DA:243,5
DA:247,5
DA:253,5
DA:255,5
DA:256,5
DA:257,5
DA:259,10
DA:262,5
DA:264,10
DA:265,5
DA:266,5
DA:267,5
DA:268,5
DA:270,5
DA:273,0
DA:277,0
DA:278,0
DA:280,0
DA:281,0
DA:284,5
DA:285,5
DA:287,5
DA:289,5
DA:291,5
DA:294,5
DA:295,5
DA:297,5
DA:299,5
DA:301,5
DA:310,0
DA:311,0
DA:312,0
DA:313,0
DA:314,0
DA:320,5
DA:322,5
DA:324,5
DA:327,5
DA:328,5
DA:330,5
DA:331,5
DA:332,5
DA:333,5
DA:335,2
DA:336,4
DA:337,4
DA:338,2
DA:341,10
DA:343,10
DA:346,5
DA:347,5
DA:349,1
DA:350,2
DA:351,2
DA:352,2
DA:353,2
DA:354,2
DA:356,1
DA:359,10
DA:361,10
DA:365,5
DA:366,5
DA:368,1
DA:369,2
DA:370,1
DA:373,2
DA:374,1
DA:377,10
DA:379,5
DA:380,5
DA:383,5
DA:384,5
DA:386,1
DA:387,1
DA:389,10
DA:391,10
LF:171
LH:118
end_of_record
SF:lib\form\phonePageListItem.dart
DA:16,1
DA:17,1
DA:18,1
DA:21,1
DA:29,1
DA:31,1
DA:32,2
DA:34,4
DA:35,1
DA:36,4
DA:37,1
DA:38,4
DA:42,1
DA:44,1
DA:45,1
DA:46,1
DA:47,1
DA:48,1
DA:49,5
DA:50,1
DA:51,2
DA:52,1
DA:53,2
DA:54,1
DA:55,1
DA:57,1
DA:58,2
DA:59,2
DA:62,1
DA:63,1
DA:64,1
DA:65,1
DA:66,2
DA:70,1
DA:71,0
DA:73,0
DA:74,0
DA:75,0
DA:77,0
DA:81,1
DA:82,1
DA:83,1
DA:86,2
DA:89,1
DA:91,1
DA:92,2
DA:93,2
DA:95,1
DA:97,1
DA:98,1
DA:99,1
DA:100,2
DA:102,1
DA:103,0
DA:105,0
DA:106,0
DA:108,1
DA:109,1
DA:111,2
DA:112,1
DA:113,2
DA:114,1
DA:116,1
DA:123,1
DA:125,1
DA:127,1
DA:128,2
DA:129,0
DA:131,0
DA:132,0
DA:134,0
DA:136,0
DA:138,0
DA:145,1
DA:146,2
DA:147,0
DA:149,0
DA:152,0
DA:153,0
DA:155,0
DA:156,0
DA:158,0
DA:164,1
DA:165,1
DA:167,1
DA:168,1
DA:169,2
DA:171,1
DA:172,1
DA:175,2
DA:176,2
DA:179,2
DA:180,2
DA:182,4
DA:183,1
DA:186,1
DA:188,1
DA:189,1
DA:193,1
DA:194,2
DA:195,1
DA:197,1
DA:198,1
LF:103
LH:82
end_of_record
SF:lib\initialForm\form.dart
DA:25,1
DA:31,1
DA:33,1
DA:44,1
DA:45,2
DA:49,1
DA:50,2
DA:51,1
DA:55,1
DA:56,2
DA:58,7
DA:63,0
DA:64,0
DA:65,0
DA:71,0
DA:72,0
DA:73,0
DA:77,0
DA:78,0
DA:79,0
DA:83,0
DA:84,0
DA:87,0
DA:88,0
DA:90,0
DA:93,0
DA:94,0
DA:95,0
DA:96,0
DA:97,0
DA:98,0
DA:99,0
DA:100,0
DA:102,0
DA:107,1
DA:109,1
DA:110,1
DA:113,1
DA:116,1
DA:118,1
DA:119,1
DA:120,0
DA:122,2
DA:125,1
DA:126,1
DA:127,1
DA:128,1
DA:129,1
DA:131,1
DA:132,1
DA:133,1
DA:134,1
DA:136,1
DA:137,2
DA:138,2
DA:142,1
DA:144,0
DA:148,0
DA:151,1
DA:152,1
DA:154,1
DA:156,1
DA:157,5
DA:158,5
DA:159,1
DA:160,1
DA:161,2
DA:162,2
DA:165,0
DA:167,0
DA:168,0
DA:171,1
DA:173,0
DA:174,0
DA:179,1
DA:182,1
DA:185,1
DA:187,1
DA:188,1
DA:192,3
DA:194,1
DA:196,1
DA:199,1
DA:200,2
DA:202,2
DA:207,1
DA:208,4
DA:209,1
DA:212,1
LF:89
LH:58
end_of_record
SF:lib\initialForm\toFormPage.dart
DA:25,1
DA:27,1
DA:29,1
DA:30,1
DA:35,1
DA:36,2
DA:40,1
DA:42,2
DA:43,1
DA:47,1
DA:50,1
DA:51,1
DA:54,1
DA:56,1
DA:57,1
DA:59,1
DA:60,1
DA:61,2
DA:62,1
DA:63,2
DA:64,1
DA:65,1
DA:70,1
DA:72,1
DA:73,2
DA:74,1
DA:75,1
DA:77,1
DA:81,1
DA:82,1
DA:84,1
DA:86,1
DA:87,2
DA:88,1
DA:89,1
DA:91,1
DA:95,1
DA:96,1
DA:98,1
DA:100,1
DA:101,0
DA:102,0
DA:104,0
DA:105,0
DA:106,0
DA:107,0
DA:108,0
DA:111,0
DA:112,0
DA:114,0
DA:115,0
DA:117,0
DA:118,0
DA:120,0
DA:122,0
DA:131,1
DA:132,1
DA:133,2
DA:134,2
DA:135,1
DA:138,2
DA:139,1
DA:140,0
DA:141,0
DA:143,0
DA:144,0
DA:145,0
DA:146,0
DA:147,0
DA:148,0
DA:151,2
DA:152,2
DA:153,1
DA:154,1
DA:155,1
DA:156,2
DA:157,2
DA:158,1
LF:78
LH:55
end_of_record
SF:lib\initialForm\initialFormPage2.dart
DA:22,2
DA:28,2
DA:29,2
DA:39,2
DA:40,2
DA:41,4
DA:43,6
DA:44,2
DA:46,2
DA:47,2
DA:48,2
DA:49,2
DA:50,2
DA:53,4
DA:57,2
DA:58,2
DA:59,2
DA:60,2
DA:63,4
DA:71,2
DA:73,2
DA:75,4
DA:76,4
DA:77,4
DA:78,4
DA:79,4
DA:81,2
DA:82,4
DA:85,4
DA:86,0
DA:87,4
DA:88,4
DA:89,0
DA:90,0
DA:91,0
DA:92,2
DA:93,0
DA:94,0
DA:96,2
DA:97,2
DA:98,2
DA:99,2
DA:100,2
DA:101,2
DA:103,2
DA:104,4
DA:105,2
DA:106,2
DA:112,2
DA:114,2
DA:115,4
DA:116,2
DA:117,2
DA:119,2
DA:123,2
DA:124,2
DA:126,2
DA:128,2
DA:129,2
DA:130,4
DA:132,2
DA:134,2
DA:136,2
DA:137,2
DA:138,2
DA:139,2
DA:141,1
DA:143,1
DA:149,2
DA:150,4
DA:151,2
DA:152,2
DA:158,2
DA:160,2
DA:162,2
DA:163,2
DA:164,2
DA:165,6
DA:167,4
DA:168,0
DA:171,2
DA:173,1
DA:174,2
DA:176,1
DA:177,1
DA:185,2
DA:186,4
DA:187,2
DA:188,2
DA:194,2
DA:196,2
DA:198,2
DA:199,0
DA:200,4
DA:201,4
DA:202,0
DA:203,0
DA:204,0
DA:205,2
DA:206,2
DA:207,6
DA:209,4
DA:210,2
DA:213,2
DA:216,1
DA:217,2
DA:219,1
DA:220,3
DA:221,0
DA:222,0
DA:223,3
DA:224,1
DA:225,1
DA:226,0
DA:227,0
DA:228,0
DA:230,0
DA:231,0
DA:239,2
DA:240,4
DA:241,4
DA:245,2
DA:246,2
DA:248,4
DA:249,4
DA:251,4
DA:252,4
DA:254,10
DA:256,2
DA:257,8
DA:258,2
DA:259,0
DA:260,0
DA:262,0
DA:265,6
DA:266,4
DA:267,6
LF:137
LH:116
end_of_record
SF:lib\initialForm\initialFormPage1.dart
DA:20,2
DA:27,2
DA:28,2
DA:32,2
DA:35,2
DA:36,2
DA:38,2
DA:39,2
DA:40,2
DA:41,2
DA:42,2
DA:43,2
DA:44,4
DA:45,2
DA:46,2
DA:51,2
DA:52,2
DA:53,8
DA:55,8
DA:57,2
DA:58,4
DA:59,2
DA:60,2
DA:62,2
DA:66,2
DA:69,2
DA:70,2
DA:71,8
DA:73,8
DA:75,2
DA:76,4
DA:77,2
DA:78,2
DA:80,2
DA:84,2
DA:86,8
DA:88,6
DA:91,6
DA:93,3
DA:94,3
DA:96,4
DA:97,4
DA:99,2
DA:101,2
DA:102,2
DA:104,2
DA:105,0
DA:107,4
DA:108,4
DA:110,2
LF:50
LH:49
end_of_record
SF:lib\main_menu_dialog.dart
DA:10,2
DA:21,2
DA:22,2
DA:23,2
DA:24,4
DA:25,4
DA:26,4
DA:27,2
DA:28,2
DA:29,2
DA:30,2
DA:31,2
DA:32,6
DA:33,2
DA:34,6
DA:36,4
DA:38,2
DA:41,2
DA:42,5
DA:43,10
DA:46,8
DA:48,2
DA:51,4
DA:54,2
DA:56,2
DA:57,2
DA:58,2
DA:62,2
DA:66,2
DA:67,2
DA:70,2
DA:72,2
DA:73,2
DA:76,2
DA:77,2
DA:80,0
DA:81,0
DA:84,2
DA:85,2
DA:89,2
DA:90,2
DA:92,2
DA:95,4
DA:98,0
DA:99,0
DA:100,0
DA:107,2
DA:114,2
DA:115,2
DA:117,2
DA:120,4
DA:123,0
DA:124,0
DA:125,0
DA:127,0
DA:128,0
DA:130,0
DA:138,2
DA:139,2
DA:141,2
DA:144,4
DA:147,0
DA:148,0
DA:149,0
DA:151,0
DA:167,2
DA:174,2
DA:178,2
DA:179,2
DA:181,2
DA:184,4
DA:187,0
DA:188,0
DA:189,0
LF:74
LH:56
end_of_record
SF:lib\pages\UserSettings.dart
DA:31,1
DA:39,1
DA:40,1
DA:55,2
DA:57,3
DA:59,0
DA:61,0
DA:64,0
DA:66,0
DA:67,0
DA:68,0
DA:72,1
DA:73,1
DA:74,1
DA:75,1
DA:77,1
DA:78,1
DA:81,0
DA:86,0
DA:87,0
DA:88,0
DA:91,0
DA:93,0
DA:95,0
DA:97,0
DA:98,0
DA:99,0
DA:100,0
DA:103,0
DA:104,0
DA:106,0
DA:107,0
DA:108,0
DA:109,0
DA:110,0
DA:111,0
DA:112,0
DA:113,0
DA:117,1
DA:118,2
DA:119,1
DA:120,0
DA:122,0
DA:123,0
DA:125,0
DA:126,0
DA:129,0
DA:136,1
DA:138,3
DA:139,1
DA:141,1
DA:142,1
DA:143,1
DA:144,1
DA:145,1
DA:148,2
DA:152,1
DA:153,1
DA:154,1
DA:155,1
DA:158,2
DA:166,1
DA:168,3
DA:170,1
DA:171,4
DA:172,3
DA:175,1
DA:177,1
DA:178,2
DA:181,1
DA:185,2
DA:186,2
DA:187,2
DA:188,2
DA:189,2
DA:192,1
DA:194,1
DA:196,1
DA:197,0
DA:198,0
DA:200,1
DA:201,1
DA:202,1
DA:203,3
DA:204,2
DA:206,1
DA:207,1
DA:208,1
DA:209,1
DA:210,1
DA:211,2
DA:212,1
DA:214,1
DA:218,1
DA:219,4
DA:221,1
DA:223,1
DA:224,1
DA:225,2
DA:227,1
DA:229,1
DA:231,1
DA:232,1
DA:237,1
DA:239,1
DA:240,1
DA:245,1
DA:246,4
DA:248,1
DA:249,2
DA:250,1
DA:251,1
DA:257,1
DA:259,1
DA:261,1
DA:262,1
DA:263,1
DA:264,3
DA:266,2
DA:270,1
DA:272,0
DA:273,0
DA:275,0
DA:282,1
DA:283,4
DA:285,1
DA:286,2
DA:287,1
DA:288,2
DA:294,1
DA:296,1
DA:297,1
DA:298,2
DA:299,2
DA:300,2
DA:301,2
DA:302,0
DA:303,2
DA:305,1
DA:306,1
DA:307,3
DA:309,2
DA:313,1
DA:315,0
DA:316,0
DA:317,0
DA:319,0
DA:320,0
DA:327,1
DA:328,4
DA:330,1
DA:331,2
DA:332,1
DA:333,1
DA:338,1
DA:340,1
DA:341,2
DA:342,3
DA:344,1
DA:345,1
DA:346,3
DA:348,1
DA:352,1
DA:354,0
DA:355,0
DA:357,0
DA:358,0
DA:360,0
DA:367,1
DA:368,2
DA:369,2
DA:373,1
DA:374,4
DA:376,2
DA:377,2
DA:379,3
DA:380,1
DA:381,4
DA:382,3
DA:383,0
DA:384,1
DA:385,1
DA:386,4
DA:387,0
DA:388,4
DA:389,0
DA:391,1
DA:394,1
DA:397,2
DA:398,3
DA:400,2
DA:401,1
DA:403,1
DA:404,1
DA:405,1
DA:407,4
DA:409,3
DA:410,1
DA:412,1
DA:413,1
DA:414,1
DA:418,1
DA:419,2
DA:420,1
DA:422,1
DA:427,1
DA:430,1
DA:433,1
DA:435,1
DA:436,1
DA:437,2
DA:438,1
DA:441,1
DA:445,0
DA:446,0
DA:450,1
DA:451,1
DA:452,2
DA:453,1
DA:456,1
DA:460,0
DA:461,0
DA:474,2
DA:475,3
LF:224
LH:168
end_of_record
SF:lib\pages\notifications\notification_service.dart
DA:19,3
DA:28,5
DA:37,4
DA:38,5
DA:41,2
DA:47,2
DA:51,2
DA:56,1
DA:57,2
DA:58,1
DA:59,1
DA:62,0
DA:63,0
DA:64,0
DA:68,0
DA:69,0
DA:74,0
DA:79,1
DA:80,2
DA:91,2
DA:99,1
DA:100,1
DA:103,1
DA:105,1
DA:110,0
DA:112,0
DA:113,0
DA:117,0
DA:122,0
DA:123,0
DA:127,0
DA:128,0
DA:130,0
DA:131,0
DA:133,0
DA:134,0
DA:141,0
DA:143,0
DA:144,0
DA:150,0
DA:153,0
DA:154,0
DA:155,0
DA:158,0
DA:160,0
DA:164,0
DA:165,0
DA:166,0
DA:167,0
DA:168,0
DA:171,0
DA:173,0
DA:175,0
DA:176,0
DA:177,0
DA:178,0
DA:180,0
DA:181,0
DA:196,1
DA:199,2
DA:202,2
DA:204,0
DA:206,3
LF:63
LH:22
end_of_record
SF:lib\pages\about.dart
DA:18,1
DA:21,1
DA:23,1
DA:25,1
DA:26,1
DA:27,1
DA:28,1
DA:29,1
DA:32,1
DA:34,5
DA:36,4
DA:41,1
DA:42,1
DA:43,1
DA:44,1
DA:45,1
DA:47,1
DA:48,1
DA:49,1
DA:50,1
DA:58,1
DA:60,1
DA:61,1
DA:62,1
DA:63,1
DA:64,2
DA:70,1
DA:72,1
DA:73,1
DA:75,1
DA:77,1
DA:83,1
DA:85,1
DA:86,1
DA:87,1
DA:88,1
DA:93,1
DA:95,1
DA:96,1
DA:97,1
DA:98,1
DA:99,2
DA:104,1
DA:106,1
DA:108,1
DA:109,1
DA:113,2
DA:118,1
DA:119,1
DA:120,1
DA:122,1
DA:124,1
DA:125,2
DA:127,1
DA:131,1
DA:134,1
DA:135,1
DA:136,1
DA:138,4
DA:146,1
DA:147,1
DA:149,4
LF:62
LH:62
end_of_record
SF:lib\pages\FeelGood\feelGood.dart
DA:18,1
DA:20,1
DA:21,1
DA:30,1
DA:32,1
DA:33,3
DA:35,2
DA:38,1
DA:39,3
DA:40,2
DA:43,1
DA:46,1
DA:47,1
DA:49,1
DA:50,2
DA:51,2
DA:52,1
DA:53,3
DA:54,2
DA:56,1
DA:57,2
DA:58,3
DA:61,1
DA:62,1
DA:64,1
DA:65,1
DA:67,1
DA:69,5
DA:71,4
DA:76,1
DA:77,1
DA:78,1
DA:79,3
DA:81,1
DA:82,1
DA:83,1
DA:86,1
DA:87,2
DA:96,1
DA:98,3
DA:99,2
DA:101,1
DA:103,1
DA:105,1
DA:106,1
DA:107,1
DA:108,2
DA:115,1
DA:119,3
DA:127,1
DA:129,3
DA:130,1
DA:132,1
DA:133,2
DA:135,1
LF:55
LH:55
end_of_record
SF:lib\pages\WellnessTools\wellnessTools.dart
DA:16,2
DA:23,2
DA:24,2
DA:35,1
DA:36,1
DA:37,1
DA:40,0
DA:41,0
DA:42,0
DA:44,0
DA:47,2
DA:49,2
DA:52,2
DA:54,2
DA:57,1
DA:58,2
DA:59,1
DA:61,3
DA:64,2
DA:66,8
DA:67,1
DA:68,1
DA:69,2
DA:70,2
DA:74,1
DA:75,1
DA:76,1
DA:77,1
DA:78,1
DA:79,1
DA:81,1
DA:82,1
DA:83,1
DA:84,1
DA:85,1
DA:89,1
DA:91,4
DA:93,1
DA:94,1
DA:99,1
DA:100,1
DA:101,1
DA:103,1
DA:104,1
DA:105,4
DA:106,1
DA:107,1
DA:110,3
DA:117,1
DA:118,2
DA:119,1
DA:120,2
DA:123,1
DA:126,1
DA:127,1
DA:128,1
DA:130,1
DA:131,4
DA:132,1
DA:133,1
DA:134,1
DA:137,3
DA:144,1
DA:145,1
DA:146,1
DA:148,1
DA:149,2
DA:150,1
DA:151,1
DA:154,3
DA:161,1
DA:162,1
DA:163,1
DA:164,1
DA:165,1
DA:166,2
DA:167,1
DA:169,4
DA:170,1
DA:171,1
DA:172,2
DA:175,1
DA:176,1
DA:177,2
DA:178,1
DA:179,1
DA:180,2
DA:181,4
DA:182,1
DA:189,4
DA:190,1
LF:91
LH:87
end_of_record
SF:lib\pages\notifications\notification_page.dart
DA:13,0
DA:15,0
DA:16,0
DA:20,0
DA:22,0
DA:23,0
DA:26,0
DA:27,0
DA:28,0
DA:29,0
DA:30,0
DA:31,0
DA:41,0
DA:44,0
DA:46,0
DA:47,0
DA:48,0
DA:49,0
DA:50,0
DA:52,0
DA:54,0
DA:55,0
DA:56,0
DA:58,0
DA:59,0
DA:60,0
DA:63,0
DA:64,0
LF:28
LH:0
end_of_record
SF:lib\pages\home.dart
DA:38,5
DA:46,5
DA:47,5
DA:60,5
DA:61,10
DA:65,5
DA:67,10
DA:68,5
DA:72,5
DA:74,5
DA:75,5
DA:81,5
DA:83,5
DA:84,5
DA:87,5
DA:88,10
DA:89,10
DA:90,10
DA:91,5
DA:95,5
DA:96,8
DA:97,8
DA:98,8
DA:99,4
DA:103,4
DA:104,8
DA:105,8
DA:106,8
DA:107,4
DA:111,4
DA:112,8
DA:113,8
DA:114,8
DA:115,4
DA:120,0
DA:121,0
DA:126,5
DA:129,5
DA:130,5
DA:133,10
DA:135,5
DA:136,5
DA:138,5
DA:140,5
DA:141,5
DA:142,5
DA:143,5
DA:144,5
DA:146,5
DA:147,10
DA:148,5
DA:149,5
DA:150,10
DA:151,8
DA:153,5
DA:157,5
DA:159,5
DA:160,5
DA:162,5
DA:163,5
DA:164,10
DA:171,5
DA:172,5
DA:173,10
DA:177,5
DA:178,10
DA:184,5
DA:185,10
LF:68
LH:66
end_of_record
SF:lib\pages\journal.dart
DA:25,0
DA:27,1
DA:28,1
DA:44,0
DA:45,0
DA:46,0
DA:47,0
DA:49,0
DA:50,0
DA:51,0
DA:58,1
DA:59,2
DA:61,1
DA:63,2
DA:64,4
DA:65,5
DA:66,2
DA:67,3
DA:70,3
DA:71,2
DA:74,2
DA:75,5
DA:76,0
DA:79,4
DA:80,1
DA:81,4
DA:82,3
DA:83,4
DA:84,3
DA:85,4
DA:90,0
DA:91,0
DA:92,0
DA:93,0
DA:94,0
DA:95,0
DA:101,0
DA:102,0
DA:103,0
DA:104,0
DA:105,0
DA:106,0
DA:108,0
DA:109,0
DA:110,0
DA:111,0
DA:116,0
DA:117,0
DA:118,0
DA:119,0
DA:120,0
DA:121,0
DA:122,0
DA:123,0
DA:124,0
DA:126,0
DA:127,0
DA:128,0
DA:130,0
DA:133,0
DA:134,0
DA:135,0
DA:137,0
DA:139,0
DA:140,0
DA:150,0
DA:151,0
DA:152,0
DA:153,0
DA:154,0
DA:155,0
DA:156,0
DA:158,0
DA:159,0
DA:160,0
DA:163,0
DA:164,0
DA:165,0
DA:166,0
DA:169,0
DA:170,0
DA:181,1
DA:183,1
DA:187,0
DA:188,0
DA:189,0
DA:190,0
DA:191,0
DA:192,0
DA:194,0
DA:201,1
DA:206,1
DA:207,1
DA:208,2
DA:209,1
DA:210,1
DA:212,1
DA:213,1
DA:214,1
DA:215,1
DA:216,1
DA:218,1
DA:219,1
DA:220,1
DA:222,1
DA:223,1
DA:225,1
DA:226,2
DA:227,1
DA:229,1
DA:236,1
DA:238,0
DA:239,0
DA:240,0
DA:243,1
DA:246,1
DA:250,1
DA:251,1
DA:253,1
DA:255,1
DA:256,2
DA:257,1
DA:258,1
DA:259,1
DA:270,1
DA:273,2
DA:274,2
DA:275,1
DA:276,0
DA:277,0
DA:278,0
DA:283,0
DA:284,0
DA:285,2
DA:286,2
DA:289,2
DA:290,2
DA:291,1
DA:292,1
DA:293,1
DA:298,1
DA:300,1
DA:301,1
DA:302,1
DA:303,2
DA:304,1
DA:306,1
DA:307,1
DA:308,1
DA:309,2
DA:310,1
DA:312,1
DA:313,1
DA:314,1
DA:315,2
DA:317,1
DA:318,1
DA:319,2
DA:322,3
DA:323,2
DA:324,2
DA:325,3
DA:326,2
DA:327,0
DA:331,4
DA:332,1
DA:333,4
DA:334,3
DA:335,4
DA:336,3
DA:337,4
DA:341,1
DA:343,1
DA:344,1
DA:345,2
DA:347,2
DA:350,1
DA:352,1
LF:178
LH:102
end_of_record
SF:lib\pages\positive.dart
DA:25,0
DA:27,1
DA:28,1
DA:44,1
DA:46,1
DA:47,2
DA:48,2
DA:50,2
DA:51,3
DA:53,1
DA:55,3
DA:59,2
DA:63,2
DA:64,3
DA:65,2
DA:66,0
DA:69,4
DA:70,1
DA:71,4
DA:72,3
DA:73,4
DA:74,3
DA:75,4
DA:80,0
DA:82,0
DA:83,0
DA:84,0
DA:85,0
DA:90,0
DA:91,0
DA:94,0
DA:95,0
DA:97,0
DA:98,0
DA:99,0
DA:101,0
DA:102,0
DA:103,0
DA:104,0
DA:109,0
DA:111,0
DA:112,0
DA:114,0
DA:115,0
DA:116,0
DA:117,0
DA:119,0
DA:120,0
DA:125,1
DA:127,1
DA:128,3
DA:130,2
DA:131,1
DA:133,1
DA:134,1
DA:135,1
DA:136,1
DA:137,1
DA:138,1
DA:140,2
DA:142,2
DA:144,1
DA:146,1
DA:147,2
DA:148,1
DA:149,2
DA:160,0
DA:162,0
DA:163,0
DA:164,0
DA:165,0
DA:166,0
DA:168,0
DA:176,1
DA:181,1
DA:182,1
DA:183,1
DA:184,1
DA:185,1
DA:187,1
DA:188,1
DA:189,1
DA:190,1
DA:191,1
DA:193,1
DA:194,1
DA:195,1
DA:197,1
DA:198,1
DA:200,1
DA:201,1
DA:202,1
DA:204,1
DA:210,1
DA:211,0
DA:212,0
DA:213,0
DA:215,1
DA:218,1
DA:222,1
DA:223,1
DA:225,1
DA:226,1
DA:228,1
DA:229,1
DA:230,1
DA:231,1
DA:232,1
DA:235,2
DA:248,1
DA:251,2
DA:252,2
DA:253,2
DA:254,1
DA:255,0
DA:256,0
DA:257,0
DA:259,0
DA:260,0
DA:262,2
DA:264,1
DA:267,2
DA:268,1
DA:269,1
DA:270,1
DA:275,1
DA:277,1
DA:278,1
DA:279,1
DA:280,1
DA:282,3
DA:283,1
DA:285,1
DA:286,1
DA:287,1
DA:288,1
DA:290,0
DA:291,3
DA:292,1
DA:294,1
DA:295,1
DA:296,1
DA:297,1
DA:299,0
DA:301,1
DA:302,1
DA:303,1
DA:304,1
DA:305,1
DA:306,2
DA:307,2
DA:308,3
DA:309,2
DA:310,0
DA:313,2
DA:314,1
DA:315,3
DA:316,1
DA:317,4
DA:318,3
DA:319,4
DA:320,3
DA:321,4
DA:325,1
DA:327,1
DA:329,1
DA:330,1
DA:332,2
DA:335,1
DA:337,1
LF:170
LH:125
end_of_record
SF:lib\pages\PersonalPlan\myPlanPageFull.dart
DA:27,2
DA:33,2
DA:34,2
DA:58,2
DA:60,4
DA:61,4
DA:71,2
DA:72,2
DA:73,4
DA:74,0
DA:76,4
DA:77,4
DA:82,0
DA:83,0
DA:84,0
DA:86,0
DA:90,2
DA:92,2
DA:95,2
DA:98,2
DA:100,2
DA:103,8
DA:104,6
DA:105,6
DA:106,4
DA:108,2
DA:109,2
DA:112,2
DA:113,2
DA:114,2
DA:115,2
DA:116,2
DA:117,2
DA:118,2
DA:119,2
DA:121,2
DA:122,2
DA:123,2
DA:124,2
DA:125,2
DA:126,2
DA:127,4
DA:128,4
DA:132,2
DA:133,2
DA:134,2
DA:135,2
DA:136,2
DA:138,2
DA:139,2
DA:142,2
DA:144,2
DA:145,2
DA:146,2
DA:147,8
DA:149,2
DA:150,2
DA:151,2
DA:152,4
DA:157,2
DA:160,2
DA:161,4
DA:162,4
DA:163,2
DA:165,2
DA:169,4
DA:170,6
DA:171,1
DA:172,2
DA:174,2
DA:176,4
DA:177,2
DA:178,2
DA:179,2
DA:180,2
DA:184,2
DA:185,2
DA:186,2
DA:187,0
DA:188,2
DA:189,2
DA:190,2
DA:192,2
DA:194,2
DA:195,2
DA:196,2
DA:197,2
DA:201,2
DA:202,2
DA:203,2
DA:204,2
DA:208,2
DA:209,2
DA:210,2
DA:211,0
DA:212,2
DA:213,2
DA:214,2
DA:216,2
DA:218,2
DA:219,2
DA:220,2
DA:221,2
DA:227,2
DA:231,2
DA:232,0
DA:233,0
DA:235,0
DA:236,0
DA:237,0
DA:238,0
DA:239,0
DA:242,0
DA:243,0
DA:245,0
DA:246,0
DA:248,0
DA:249,0
DA:251,0
DA:253,0
DA:260,0
DA:263,2
DA:264,2
DA:265,2
DA:270,2
DA:271,4
DA:272,2
DA:273,4
DA:274,2
DA:275,2
DA:281,2
LF:131
LH:108
end_of_record
SF:lib\util\HomePage\bottomNavigationItem.dart
DA:8,5
DA:14,10
DA:15,5
DA:17,5
DA:18,5
DA:19,5
DA:24,5
DA:25,5
DA:27,5
DA:30,5
DA:33,5
DA:34,5
LF:12
LH:12
end_of_record
SF:lib\pages\FeelGood\FeelGoodInheritedWidget.dart
DA:11,1
DA:21,1
DA:23,1
DA:26,1
DA:28,5
DA:31,3
DA:32,0
LF:7
LH:6
end_of_record
SF:lib\pages\FeelGood\add_Image_item.dart
DA:16,2
DA:17,1
DA:18,1
DA:22,1
DA:23,1
DA:24,1
DA:25,2
DA:26,1
DA:27,1
DA:29,1
DA:30,1
DA:32,1
DA:33,1
DA:34,1
DA:35,1
DA:36,1
DA:38,1
DA:39,1
DA:42,1
DA:43,1
DA:44,2
DA:45,1
DA:46,1
DA:56,1
DA:58,1
DA:59,2
DA:60,3
DA:64,1
DA:65,1
DA:66,1
DA:67,1
DA:72,1
DA:73,1
DA:74,1
DA:75,1
DA:78,1
DA:79,1
DA:80,2
DA:84,1
DA:85,2
LF:40
LH:40
end_of_record
SF:lib\pages\FeelGood\image_display_item.dart
DA:10,1
DA:12,2
DA:13,1
DA:14,1
DA:16,1
DA:19,2
DA:20,1
DA:22,1
DA:24,0
DA:25,0
DA:27,0
DA:30,1
DA:31,1
DA:32,1
DA:33,1
DA:34,1
DA:36,2
DA:39,1
DA:41,1
DA:42,1
DA:43,1
DA:45,0
DA:47,1
DA:48,1
DA:50,1
DA:51,1
DA:53,2
DA:54,1
DA:55,1
DA:56,1
DA:57,1
DA:59,0
DA:61,1
DA:62,1
DA:63,1
DA:64,1
DA:66,1
DA:67,1
DA:68,1
DA:69,3
DA:92,1
DA:93,1
DA:96,2
DA:97,0
DA:99,1
DA:101,1
DA:102,1
DA:104,2
DA:105,1
DA:106,1
DA:107,3
DA:108,1
DA:111,1
DA:112,1
LF:54
LH:48
end_of_record
SF:lib\pages\PersonalPlan\myPlan.dart
DA:18,3
DA:24,3
DA:25,3
DA:29,3
DA:31,3
DA:34,3
DA:36,3
DA:37,3
DA:40,3
DA:41,3
DA:46,3
DA:48,3
DA:49,6
DA:50,3
DA:51,3
DA:53,3
DA:58,3
DA:60,3
DA:61,6
DA:62,3
DA:63,3
DA:65,3
DA:70,3
DA:71,2
DA:72,6
DA:73,2
DA:74,2
DA:75,2
DA:77,2
DA:79,2
DA:81,2
DA:82,2
DA:86,2
DA:87,2
DA:88,6
DA:89,2
DA:91,2
DA:93,6
DA:99,2
DA:105,3
DA:106,6
DA:109,3
LF:42
LH:42
end_of_record
SF:lib\pages\SignIn_Pages\firstPage.dart
DA:19,0
DA:26,0
DA:27,0
DA:31,0
DA:34,0
DA:38,0
DA:39,0
DA:45,0
DA:46,0
DA:47,0
DA:48,0
DA:50,0
DA:51,0
DA:52,0
DA:53,0
LF:15
LH:0
end_of_record
SF:lib\pages\WellnessTools\more_videos_item.dart
DA:15,1
DA:22,1
DA:25,2
DA:26,1
DA:27,1
DA:30,1
DA:31,2
DA:32,1
DA:34,1
DA:35,1
DA:38,2
DA:40,1
DA:41,4
DA:42,1
DA:45,1
DA:46,1
DA:47,4
DA:48,1
DA:49,1
DA:52,2
LF:20
LH:20
end_of_record
SF:lib\util\HomePage\inspirationalQuote.dart
DA:13,5
DA:14,5
DA:15,5
DA:24,0
DA:26,0
DA:27,0
DA:32,5
DA:34,5
DA:36,30
DA:39,0
DA:40,0
DA:41,0
DA:42,0
DA:43,0
DA:44,0
DA:45,0
DA:50,5
DA:52,5
DA:53,5
DA:54,5
DA:55,5
DA:56,5
DA:57,5
DA:59,20
DA:61,15
DA:63,5
DA:64,5
DA:65,5
DA:67,15
DA:68,15
DA:70,5
DA:71,5
DA:78,5
DA:80,5
DA:83,5
DA:84,5
DA:85,5
DA:87,10
DA:88,5
DA:91,5
DA:96,5
DA:97,5
DA:98,5
DA:99,15
DA:101,15
DA:103,5
DA:104,20
DA:105,5
DA:107,5
DA:108,5
DA:109,15
LF:51
LH:41
end_of_record
SF:lib\util\HomePage\NameBar.dart
DA:15,6
DA:21,6
DA:22,6
DA:26,6
DA:28,6
DA:30,6
DA:31,24
DA:33,18
DA:34,6
DA:36,6
DA:38,6
DA:39,6
DA:41,6
DA:42,6
DA:43,6
DA:44,6
DA:45,18
DA:50,6
DA:51,6
DA:66,18
DA:69,6
DA:70,12
DA:71,6
DA:72,6
DA:74,6
DA:77,6
DA:78,6
LF:27
LH:27
end_of_record
SF:lib\pages\thankYou.dart
DA:18,2
DA:28,2
DA:29,2
DA:34,2
DA:36,8
DA:37,2
DA:38,0
DA:40,2
DA:44,2
DA:47,2
DA:48,2
DA:50,2
DA:52,2
DA:54,2
DA:55,2
DA:56,2
DA:58,2
DA:59,2
DA:61,6
DA:62,2
DA:64,2
DA:65,8
DA:76,2
DA:77,2
DA:79,6
DA:82,2
DA:83,2
DA:84,2
DA:86,2
DA:87,2
DA:93,2
DA:94,2
DA:95,2
DA:96,4
DA:100,2
DA:103,4
DA:114,2
DA:116,2
DA:117,0
DA:118,0
DA:129,2
DA:131,2
DA:132,0
DA:133,0
DA:134,0
DA:135,0
LF:46
LH:39
end_of_record
SF:lib\pages\notifications\reminder_debug_recorder.dart
DA:15,3
DA:18,1
DA:21,0
DA:22,0
DA:23,0
DA:24,0
DA:26,0
DA:32,1
DA:33,2
DA:35,1
DA:36,1
DA:38,2
DA:43,1
DA:49,1
DA:50,2
DA:52,1
DA:53,1
DA:54,1
DA:55,1
DA:56,1
DA:58,1
DA:62,2
DA:63,1
DA:65,2
DA:66,1
DA:67,2
DA:68,1
DA:70,1
DA:76,1
DA:78,1
DA:79,1
DA:80,1
DA:81,1
DA:82,1
DA:83,1
LF:35
LH:30
end_of_record
SF:lib\pages\notifications\set_notification_widget.dart
DA:22,0
DA:24,1
DA:25,1
DA:32,0
DA:33,0
DA:34,0
DA:35,0
DA:39,1
DA:41,1
DA:42,1
DA:43,2
DA:44,1
DA:45,1
DA:49,1
DA:51,1
DA:52,2
DA:53,3
DA:56,1
DA:58,1
DA:59,1
DA:60,3
DA:61,2
DA:62,2
DA:63,2
DA:64,2
DA:69,1
DA:71,1
DA:73,1
DA:75,2
DA:76,1
DA:78,1
DA:79,1
DA:83,1
DA:84,1
DA:85,1
DA:86,1
DA:88,1
DA:89,1
DA:93,1
DA:94,1
DA:95,1
DA:97,1
DA:98,1
DA:99,1
DA:101,1
DA:102,1
DA:103,1
DA:104,3
DA:106,1
DA:107,2
DA:109,1
DA:114,1
DA:115,1
DA:116,1
DA:118,1
DA:119,1
DA:120,1
DA:122,1
DA:123,1
DA:124,1
DA:125,4
DA:127,1
DA:128,2
DA:130,1
DA:135,1
DA:136,1
DA:137,1
DA:139,1
DA:140,1
DA:141,1
DA:143,1
DA:144,1
DA:145,1
DA:148,1
DA:149,2
DA:151,1
DA:156,1
DA:157,0
DA:158,0
DA:159,0
DA:161,0
DA:163,0
DA:164,0
DA:165,0
DA:166,0
LF:85
LH:72
end_of_record
SF:lib\pages\notifications\reminder_debug_panel.dart
DA:18,0
DA:20,1
DA:21,1
DA:35,1
DA:36,2
DA:38,1
DA:40,1
DA:41,1
DA:44,1
DA:45,3
DA:46,1
DA:47,1
DA:50,1
DA:51,0
DA:52,0
DA:54,1
DA:55,2
DA:56,2
DA:57,2
DA:58,2
DA:59,2
DA:60,1
DA:61,1
DA:62,1
DA:63,1
DA:64,1
DA:68,0
DA:69,0
DA:70,0
DA:72,0
DA:73,0
DA:75,0
DA:76,0
DA:78,0
DA:79,0
DA:80,0
DA:83,0
DA:85,0
DA:89,0
DA:90,0
DA:91,0
DA:94,0
DA:95,0
DA:96,0
DA:97,0
DA:98,0
DA:99,0
DA:100,0
DA:101,0
DA:102,0
DA:103,0
DA:104,0
DA:106,0
DA:107,0
DA:108,0
DA:113,1
DA:115,0
DA:118,1
DA:120,1
DA:122,7
DA:124,1
DA:125,2
DA:126,1
DA:138,1
DA:139,1
DA:140,1
DA:144,1
DA:145,2
DA:146,2
DA:147,2
DA:148,2
DA:149,2
DA:150,0
DA:151,1
DA:155,3
DA:156,2
DA:157,3
DA:158,2
DA:159,1
DA:160,1
DA:167,1
DA:168,1
DA:171,1
DA:172,1
DA:173,2
DA:176,1
DA:177,2
DA:180,1
DA:181,0
DA:184,1
DA:185,1
DA:188,1
DA:189,3
DA:194,1
DA:195,1
DA:197,1
DA:198,3
DA:202,1
DA:203,1
DA:206,1
DA:207,1
DA:208,1
DA:210,2
DA:215,1
DA:217,2
DA:218,1
DA:219,2
DA:221,1
DA:230,1
DA:238,1
DA:240,1
DA:241,1
DA:242,1
DA:243,0
DA:249,1
DA:251,0
DA:252,0
DA:253,0
DA:258,1
DA:259,1
DA:261,1
DA:263,1
DA:264,1
DA:266,1
DA:271,1
DA:272,1
DA:274,1
LF:127
LH:88
end_of_record
SF:lib\pages\notifications\time_picker.dart
DA:12,2
DA:19,2
DA:20,2
DA:24,0
DA:25,0
DA:28,2
DA:30,2
DA:31,2
DA:34,2
DA:36,2
DA:38,4
DA:39,2
DA:42,2
DA:43,2
DA:44,2
DA:45,2
DA:49,4
DA:50,0
DA:52,2
DA:55,2
DA:56,2
DA:57,2
DA:58,2
DA:62,4
DA:63,0
LF:25
LH:21
end_of_record
SF:lib\util\Share\LP_alert_dialog.dart
DA:10,1
DA:16,1
DA:17,1
DA:21,1
DA:23,1
DA:24,1
DA:25,1
DA:26,2
DA:28,1
DA:29,1
DA:33,1
DA:34,2
LF:12
LH:12
end_of_record
SF:lib\util\Share\LP_alert_dialog_box_item.dart
DA:10,1
DA:16,1
DA:17,2
DA:20,1
DA:22,1
DA:24,1
DA:25,1
DA:26,1
DA:28,1
DA:29,1
DA:31,1
DA:32,1
DA:33,3
DA:34,1
DA:35,1
DA:36,1
DA:37,1
DA:38,1
DA:39,2
LF:19
LH:19
end_of_record
SF:lib\util\Share\LP_share_alert_dialog.dart
DA:14,1
DA:18,1
DA:19,1
DA:22,1
DA:23,2
DA:24,1
DA:26,1
DA:27,1
DA:28,1
DA:29,1
DA:30,1
DA:31,1
DA:33,1
DA:34,1
DA:35,1
DA:36,1
DA:37,1
DA:38,1
DA:40,1
DA:42,1
DA:46,1
DA:48,2
DA:49,1
DA:50,1
DA:51,1
DA:53,1
DA:54,2
DA:55,1
DA:56,1
DA:57,3
DA:58,2
DA:61,1
DA:62,0
DA:63,0
DA:66,2
DA:69,1
DA:70,0
DA:71,0
DA:74,2
LF:39
LH:35
end_of_record
SF:lib\form\shareform.dart
DA:22,1
DA:26,1
DA:28,1
DA:29,1
DA:34,1
DA:35,2
DA:38,1
DA:41,1
DA:43,1
DA:44,3
DA:45,1
DA:48,1
DA:50,1
DA:52,1
DA:53,1
DA:55,1
DA:57,1
DA:58,1
DA:59,1
DA:60,1
DA:61,1
DA:62,1
DA:63,1
DA:65,1
DA:67,1
DA:68,2
DA:69,1
DA:70,1
DA:76,1
DA:77,2
DA:78,1
DA:80,1
DA:84,1
DA:85,1
DA:86,3
DA:87,1
DA:88,2
DA:89,2
DA:96,1
DA:97,3
DA:98,1
DA:100,1
DA:102,1
DA:103,0
DA:104,0
DA:106,1
DA:110,1
DA:113,1
DA:114,1
DA:117,1
DA:118,1
DA:122,1
DA:123,0
DA:124,0
DA:125,0
DA:126,0
DA:127,0
DA:128,0
DA:129,0
DA:130,0
DA:131,0
DA:132,0
DA:133,0
DA:134,0
DA:135,0
DA:136,0
DA:137,0
DA:140,0
DA:141,0
DA:145,0
DA:147,0
DA:150,1
DA:154,1
DA:157,1
DA:158,1
DA:161,1
DA:162,1
DA:170,1
DA:171,0
DA:173,2
DA:174,2
DA:175,1
LF:82
LH:60
end_of_record
SF:lib\util\Form\PagePhoneItem.dart
DA:10,1
DA:16,1
DA:17,1
DA:22,1
DA:24,1
DA:27,1
DA:28,1
DA:31,1
DA:32,3
DA:34,1
DA:35,2
DA:36,2
DA:41,1
DA:44,1
DA:45,2
DA:46,1
DA:48,1
LF:17
LH:17
end_of_record
SF:lib\main.dart
DA:32,0
DA:40,0
DA:43,0
DA:45,0
DA:46,0
DA:47,0
DA:50,0
DA:51,0
DA:52,0
DA:53,0
DA:54,0
DA:56,0
DA:57,0
DA:58,0
DA:59,0
DA:60,0
DA:61,0
DA:63,0
DA:65,0
DA:66,0
DA:68,0
DA:72,0
DA:75,0
DA:78,0
DA:81,0
DA:84,0
DA:86,0
DA:91,1
DA:100,1
DA:101,1
DA:104,0
DA:105,0
DA:106,0
DA:108,0
DA:111,0
DA:112,0
DA:114,0
DA:118,0
DA:124,0
DA:125,0
DA:126,0
DA:127,0
DA:131,0
DA:132,0
DA:134,0
DA:135,0
DA:141,0
DA:142,0
DA:143,0
DA:145,0
DA:149,0
DA:151,0
DA:153,0
DA:159,0
DA:160,0
DA:186,0
DA:188,0
DA:189,0
DA:190,0
DA:193,0
DA:194,0
DA:195,0
DA:196,0
DA:199,0
DA:200,0
DA:202,0
DA:204,0
DA:206,0
DA:207,0
DA:211,0
DA:214,0
DA:215,0
DA:217,0
DA:219,0
DA:221,0
DA:222,0
DA:226,0
DA:229,0
DA:231,0
DA:232,0
DA:233,0
DA:234,0
DA:235,0
DA:239,0
DA:241,0
DA:245,0
DA:247,0
DA:248,0
DA:252,0
DA:253,0
DA:258,0
DA:260,0
DA:262,0
DA:266,0
DA:268,0
DA:269,0
DA:270,0
DA:274,0
DA:275,0
DA:276,0
DA:277,0
DA:282,0
DA:284,0
DA:288,0
DA:291,0
DA:292,0
DA:296,0
DA:297,0
DA:302,0
DA:304,0
DA:305,0
DA:306,0
DA:307,0
DA:308,0
DA:309,0
DA:310,0
DA:312,0
DA:313,0
DA:314,0
DA:315,0
DA:319,0
DA:321,0
DA:325,0
DA:327,0
DA:328,0
DA:329,0
DA:331,0
DA:334,0
DA:335,0
DA:336,0
DA:338,0
DA:339,0
DA:340,0
DA:342,0
DA:343,0
DA:344,0
DA:345,0
DA:346,0
DA:348,0
DA:352,0
DA:353,0
DA:354,0
DA:355,0
DA:356,0
DA:357,0
DA:365,0
DA:367,0
DA:368,0
DA:370,0
DA:372,0
DA:373,0
DA:375,0
DA:377,0
DA:378,0
DA:379,0
DA:380,0
DA:382,0
DA:383,0
DA:384,0
DA:385,0
DA:386,0
DA:387,0
DA:391,0
DA:392,0
DA:395,0
DA:399,0
DA:400,0
DA:408,0
DA:409,0
DA:410,0
DA:411,0
DA:413,0
DA:416,0
DA:417,0
DA:419,0
DA:420,0
DA:421,0
LF:177
LH:3
end_of_record
SF:lib\util\Firebase\firebase_options.dart
DA:22,0
DA:26,0
DA:27,0
DA:29,0
DA:31,0
DA:33,0
DA:34,0
DA:38,0
DA:39,0
DA:44,0
LF:10
LH:0
end_of_record
SF:lib\pages\SignIn_Pages\introduction.dart
DA:15,1
DA:17,0
DA:18,0
DA:22,0
DA:25,0
DA:27,0
DA:28,0
DA:29,0
DA:31,0
DA:33,0
DA:34,0
DA:35,0
DA:36,0
DA:37,0
LF:14
LH:1
end_of_record
SF:lib\util\SignIn\form_container.dart
DA:19,1
DA:33,1
DA:34,1
DA:42,1
DA:44,1
DA:45,4
DA:47,1
DA:48,1
DA:49,1
DA:51,1
DA:52,1
DA:53,1
DA:55,1
DA:59,2
DA:60,2
DA:61,2
DA:62,3
DA:63,1
DA:65,2
DA:66,2
DA:68,2
DA:69,1
DA:72,2
DA:76,1
DA:77,1
DA:78,2
DA:79,1
DA:80,1
DA:83,3
DA:84,1
DA:85,1
DA:88,2
LF:32
LH:32
end_of_record
SF:lib\util\SignIn\sign_callback.dart
DA:5,1
DA:9,1
DA:11,1
DA:12,0
DA:14,0
DA:16,0
DA:19,1
LF:7
LH:4
end_of_record
