SF:lib\AnalyticsService.dart
DA:14,2
DA:16,2
DA:19,0
DA:22,0
DA:23,0
DA:26,2
DA:29,4
DA:32,0
DA:33,0
DA:36,0
DA:39,0
LF:11
LH:4
end_of_record
SF:lib\EmergencyNumbers.dart
DA:10,10
DA:61,30
DA:62,10
DA:64,10
DA:66,10
DA:67,10
DA:77,10
DA:87,10
DA:96,10
DA:107,10
DA:109,10
DA:110,10
DA:111,10
DA:120,10
DA:131,10
DA:144,10
DA:155,10
DA:168,10
DA:170,10
DA:171,10
DA:172,10
DA:181,10
DA:192,10
DA:203,10
DA:213,10
DA:226,10
DA:230,10
DA:231,10
DA:242,10
DA:255,10
DA:257,10
DA:258,10
DA:259,10
DA:268,10
DA:281,10
DA:293,10
DA:303,10
DA:317,24
DA:318,24
DA:319,8
DA:321,4
DA:322,2
DA:323,0
DA:325,4
DA:326,2
DA:327,0
DA:329,2
DA:330,4
DA:331,2
DA:334,6
DA:335,4
LF:51
LH:49
end_of_record
SF:lib\Locale\locale_service.dart
DA:11,1
DA:12,1
DA:13,1
DA:14,1
DA:16,1
DA:18,1
DA:25,1
DA:27,1
DA:30,1
DA:32,1
LF:10
LH:10
end_of_record
SF:lib\MainPageHelpers\MainPageList\list_utils.dart
DA:11,16
DA:14,16
DA:15,16
DA:16,16
DA:17,16
DA:21,16
DA:22,16
DA:23,16
DA:24,16
DA:28,1
DA:29,1
DA:34,2
DA:35,1
DA:37,1
DA:41,3
DA:42,3
DA:43,9
DA:44,9
DA:45,1
DA:46,3
DA:48,6
DA:49,6
DA:50,6
DA:56,1
DA:61,1
DA:64,1
DA:68,3
DA:74,7
DA:75,7
DA:77,3
DA:79,3
DA:80,6
DA:81,3
DA:82,3
DA:84,3
DA:85,6
DA:86,6
DA:87,6
DA:89,2
DA:91,6
DA:92,3
DA:95,3
DA:100,3
DA:101,3
DA:102,3
DA:104,6
DA:105,3
DA:108,2
DA:114,2
DA:115,2
DA:116,2
DA:119,2
DA:125,4
DA:126,2
DA:127,4
DA:128,2
DA:131,2
DA:136,4
DA:137,4
DA:139,2
DA:140,2
DA:141,2
DA:144,3
DA:149,3
DA:150,3
DA:151,3
LF:66
LH:66
end_of_record
SF:lib\util\logger_service.dart
DA:13,0
DA:16,0
DA:17,0
DA:18,0
DA:20,0
DA:21,0
DA:22,0
DA:23,0
DA:25,0
DA:29,0
DA:30,0
DA:31,0
DA:35,1
DA:38,1
DA:40,0
DA:41,0
DA:42,0
DA:43,0
DA:46,0
LF:19
LH:2
end_of_record
SF:lib\util\userInformation.dart
DA:40,61
DA:66,88
DA:68,2
DA:69,2
DA:70,4
DA:71,2
DA:72,2
DA:73,2
DA:74,2
DA:75,2
DA:76,2
DA:77,2
DA:78,2
DA:79,2
DA:80,2
DA:81,4
DA:82,4
DA:83,4
DA:84,4
DA:85,2
DA:86,2
DA:87,2
DA:88,2
DA:89,2
DA:90,4
DA:91,4
DA:92,2
DA:94,2
DA:97,3
DA:98,3
DA:99,6
DA:102,3
DA:103,3
DA:104,3
DA:107,4
DA:108,4
DA:109,8
DA:112,4
DA:113,4
DA:114,4
DA:117,4
DA:118,4
DA:119,8
DA:122,4
DA:123,4
DA:124,4
DA:127,3
DA:128,3
DA:129,6
DA:132,3
DA:133,3
DA:134,3
DA:137,5
DA:138,5
DA:139,5
DA:142,4
DA:143,4
DA:144,4
DA:147,4
DA:148,4
DA:149,4
DA:152,4
DA:153,4
DA:154,4
DA:157,4
DA:158,4
DA:159,4
DA:162,3
DA:163,3
DA:164,6
DA:165,3
DA:168,3
DA:169,3
DA:170,6
DA:171,3
DA:174,2
DA:175,2
DA:176,2
DA:179,2
DA:180,2
DA:181,2
DA:184,3
DA:185,3
DA:186,6
DA:187,3
DA:190,4
DA:191,8
DA:193,2
DA:194,8
DA:195,2
DA:196,2
DA:199,1
DA:200,4
DA:201,1
DA:202,1
DA:210,1
DA:211,1
DA:212,1
DA:214,1
DA:216,1
DA:217,4
DA:218,4
DA:219,4
DA:221,1
DA:224,1
DA:225,2
DA:227,2
DA:233,1
DA:234,2
DA:238,4
DA:239,4
DA:240,1
DA:244,1
DA:245,1
DA:246,1
DA:247,1
DA:248,1
DA:249,1
DA:251,1
DA:252,1
DA:253,1
DA:254,1
DA:255,1
DA:256,1
DA:260,1
DA:261,1
DA:262,1
DA:263,2
DA:264,1
DA:265,1
DA:267,1
DA:268,1
DA:269,1
DA:270,2
DA:271,1
DA:272,1
DA:275,1
DA:280,1
DA:282,3
DA:285,2
DA:286,4
DA:287,4
DA:296,2
DA:303,2
DA:304,4
DA:305,4
DA:306,4
DA:307,4
DA:308,2
DA:312,2
DA:319,1
DA:320,0
DA:322,1
DA:323,0
DA:325,1
DA:326,0
DA:332,1
DA:333,0
DA:336,2
DA:337,3
DA:338,3
DA:339,3
DA:340,3
DA:341,2
DA:343,4
DA:344,4
DA:347,4
DA:349,4
DA:352,2
DA:354,4
DA:357,2
DA:359,4
DA:362,2
DA:364,4
DA:367,2
DA:372,6
DA:374,6
DA:376,2
DA:377,2
DA:380,2
DA:381,2
DA:384,2
DA:385,2
DA:386,4
DA:387,6
DA:390,2
DA:391,4
DA:397,4
DA:402,2
DA:405,3
DA:406,3
DA:407,3
DA:410,8
DA:411,8
DA:412,16
DA:419,16
DA:420,8
DA:421,8
DA:424,9
DA:425,9
DA:426,18
DA:431,18
DA:434,38
DA:435,29
DA:436,9
DA:439,9
DA:440,9
DA:442,9
LF:208
LH:204
end_of_record
SF:lib\MainPageHelpers\MainPageList\mainpage_list_body_widget.dart
DA:11,15
DA:18,15
DA:19,15
DA:23,15
DA:25,15
DA:27,15
DA:28,15
DA:31,79
DA:32,4
DA:33,4
DA:34,4
DA:36,4
DA:38,4
DA:39,4
DA:41,4
DA:43,8
DA:44,8
DA:49,15
LF:18
LH:18
end_of_record
SF:lib\MainPageHelpers\MainPageList\mainpage_list_item_number_widget.dart
DA:8,4
DA:10,4
DA:12,4
DA:13,4
DA:14,4
DA:15,12
DA:18,12
DA:19,4
DA:20,12
DA:21,4
DA:22,12
DA:23,20
LF:12
LH:12
end_of_record
SF:lib\MainPageHelpers\MainPageList\mainpage_list_item_widget.dart
DA:10,4
DA:17,4
DA:19,4
DA:20,4
DA:22,12
DA:25,16
DA:27,16
DA:28,4
DA:29,12
DA:30,4
DA:32,4
DA:34,4
DA:35,4
DA:37,4
DA:38,4
DA:40,4
DA:42,4
DA:44,8
DA:50,4
DA:52,4
DA:53,4
DA:59,4
DA:61,4
DA:63,4
DA:64,4
LF:25
LH:25
end_of_record
SF:lib\MainPageHelpers\MainPageList\mainpage_list_widget.dart
DA:27,15
DA:32,15
DA:33,15
DA:41,15
DA:43,15
DA:44,15
DA:45,30
DA:49,15
DA:50,30
DA:52,15
DA:53,44
DA:54,44
DA:55,45
DA:56,30
DA:57,30
DA:58,45
DA:59,15
DA:60,15
DA:63,34
DA:64,15
DA:66,30
DA:67,15
DA:68,15
DA:69,15
DA:76,15
DA:77,45
DA:81,4
DA:82,6
DA:90,15
DA:91,30
DA:92,30
DA:94,30
DA:95,0
DA:96,0
DA:102,15
DA:106,15
DA:107,15
DA:109,15
DA:110,4
DA:114,30
DA:115,15
DA:116,15
DA:119,15
DA:120,45
DA:121,45
DA:122,1
DA:123,15
DA:124,15
DA:126,17
DA:127,4
DA:128,2
DA:135,1
DA:136,2
DA:137,1
DA:140,1
DA:141,1
DA:142,1
DA:143,1
DA:144,1
DA:146,1
DA:147,2
DA:152,2
DA:155,1
DA:156,1
DA:157,2
DA:158,1
DA:159,2
DA:160,1
DA:170,2
DA:175,4
DA:176,4
DA:180,2
DA:184,2
DA:185,4
DA:186,2
DA:187,2
DA:191,3
DA:192,3
DA:193,3
DA:194,3
DA:195,3
DA:196,0
DA:199,0
DA:202,1
DA:203,2
DA:211,3
DA:212,3
DA:213,3
DA:214,3
DA:215,3
DA:216,0
DA:219,0
DA:220,0
DA:223,1
DA:224,2
DA:232,15
DA:236,45
DA:237,15
DA:238,44
DA:240,15
DA:241,44
DA:243,2
DA:244,6
DA:247,2
DA:248,4
DA:249,4
DA:250,2
DA:251,2
DA:252,2
DA:253,4
DA:254,4
DA:255,4
DA:256,4
DA:259,8
DA:262,30
DA:263,2
DA:264,6
DA:267,2
DA:268,2
DA:269,2
DA:270,2
DA:271,4
DA:272,4
DA:275,8
DA:280,15
DA:284,45
DA:285,15
DA:286,44
DA:288,15
DA:289,44
DA:291,1
DA:292,3
DA:295,1
DA:296,2
DA:297,2
DA:298,1
DA:299,1
DA:300,1
DA:301,2
DA:302,2
DA:303,2
DA:304,2
DA:307,2
DA:310,30
DA:311,2
DA:312,6
DA:315,2
DA:316,2
DA:317,2
DA:318,2
DA:319,4
DA:320,4
DA:323,2
DA:326,2
DA:332,15
DA:333,15
DA:335,2
DA:336,2
DA:339,2
DA:340,2
DA:344,30
DA:348,15
DA:349,15
DA:351,2
DA:352,4
DA:355,30
DA:359,15
DA:360,45
DA:361,15
DA:364,15
DA:367,1
DA:368,3
DA:369,3
DA:371,3
DA:376,15
DA:380,15
DA:384,30
DA:386,15
DA:387,44
DA:388,44
DA:389,45
DA:390,45
DA:391,15
DA:392,30
DA:393,20
DA:396,15
DA:397,16
DA:398,2
DA:399,8
DA:401,15
DA:402,15
DA:403,15
DA:405,30
DA:407,15
DA:409,60
DA:411,45
DA:412,15
DA:414,15
DA:415,15
DA:419,15
DA:420,15
DA:421,1
DA:422,5
DA:424,15
DA:425,15
DA:426,15
DA:427,15
DA:429,15
DA:431,30
DA:437,15
DA:438,15
DA:440,15
DA:441,15
DA:443,45
DA:446,30
DA:447,15
DA:452,15
DA:456,15
DA:458,15
DA:459,15
DA:461,15
DA:462,30
DA:463,30
DA:465,15
DA:466,15
DA:467,15
DA:468,1
DA:469,2
DA:470,1
DA:473,15
DA:475,15
DA:476,15
DA:477,30
DA:478,15
DA:480,45
DA:484,15
DA:486,45
LF:237
LH:230
end_of_record
SF:lib\MainPageHelpers\show_all_button.dart
DA:10,15
DA:16,15
DA:17,15
DA:21,15
DA:24,15
DA:26,15
DA:27,15
DA:28,15
DA:29,15
DA:30,0
DA:31,0
DA:33,15
DA:35,15
DA:36,15
DA:37,30
LF:15
LH:13
end_of_record
SF:lib\util\Form\retrieveInformation.dart
DA:2,12
DA:12,12
DA:13,11
DA:14,11
DA:15,11
DA:16,11
DA:17,11
DA:18,11
DA:21,8
DA:22,8
DA:23,8
DA:24,8
DA:25,8
DA:26,8
DA:27,8
DA:30,7
DA:31,7
DA:32,7
DA:33,7
DA:34,7
DA:35,7
DA:36,7
DA:39,7
DA:40,7
DA:41,7
DA:42,7
DA:43,7
DA:44,7
DA:45,7
DA:49,1
DA:51,12
DA:52,12
DA:54,12
DA:65,12
DA:66,12
DA:68,24
DA:69,24
DA:70,24
DA:71,24
DA:72,24
DA:73,24
DA:74,24
DA:75,24
DA:76,24
DA:77,24
DA:78,24
DA:79,24
DA:80,24
DA:81,24
DA:82,24
DA:83,24
DA:84,24
DA:85,24
DA:86,24
DA:87,24
DA:91,19
DA:92,19
DA:93,38
DA:94,38
DA:95,38
DA:96,38
DA:97,38
DA:98,38
DA:99,38
DA:100,38
DA:101,38
DA:102,38
DA:103,38
DA:104,38
DA:108,18
DA:109,18
DA:110,36
DA:111,36
DA:112,36
DA:113,36
DA:114,36
DA:115,36
DA:116,36
DA:117,36
DA:118,36
DA:119,36
DA:120,36
DA:121,36
DA:122,36
DA:123,36
DA:124,36
DA:125,36
DA:126,36
DA:127,36
DA:128,36
DA:129,36
DA:134,11
DA:135,11
DA:136,22
DA:137,22
DA:138,22
DA:139,22
DA:140,22
DA:141,22
DA:142,22
DA:143,22
DA:144,22
DA:145,22
DA:146,22
DA:147,22
DA:148,22
DA:149,22
DA:150,22
DA:151,22
DA:152,22
DA:153,22
DA:154,22
DA:159,8
DA:160,8
DA:161,16
DA:162,16
DA:163,16
DA:164,16
DA:165,16
DA:166,16
DA:167,16
DA:168,16
DA:169,16
DA:170,16
DA:171,16
DA:172,16
DA:173,16
DA:174,16
DA:175,16
DA:176,16
DA:181,7
DA:182,7
DA:183,14
DA:184,14
DA:185,14
DA:186,14
DA:187,14
DA:188,14
DA:189,14
DA:190,14
DA:191,14
DA:192,14
DA:193,14
DA:194,14
DA:195,14
DA:196,14
DA:197,14
DA:198,14
DA:199,14
DA:200,14
DA:201,14
DA:202,14
DA:207,7
DA:208,7
DA:209,14
DA:210,14
DA:211,14
DA:212,14
DA:213,14
DA:214,14
DA:215,14
DA:216,14
DA:217,14
DA:218,14
DA:219,14
DA:220,14
DA:221,14
DA:222,14
DA:223,14
DA:224,14
DA:225,14
DA:226,14
DA:227,14
DA:228,14
DA:229,14
DA:230,14
DA:231,14
DA:232,14
DA:233,14
DA:234,14
DA:235,14
DA:236,14
DA:237,14
DA:238,14
DA:239,14
DA:240,14
DA:241,14
LF:187
LH:187
end_of_record
SF:lib\util\HomePage\sectionBarHome.dart
DA:16,16
DA:24,16
DA:25,16
DA:29,16
DA:31,16
DA:33,16
DA:34,16
DA:35,16
DA:36,16
DA:37,16
DA:38,16
DA:39,48
DA:40,16
DA:41,32
DA:42,48
DA:48,48
DA:51,48
DA:52,16
DA:54,16
DA:55,32
DA:56,16
DA:58,16
DA:59,48
DA:61,48
DA:67,0
LF:25
LH:24
end_of_record
SF:lib\util\LP_extended_state.dart
DA:9,54
DA:11,54
DA:13,162
LF:3
LH:3
end_of_record
SF:lib\util\Thanks\AddForm.dart
DA:16,6
DA:24,6
DA:25,6
DA:32,3
DA:33,9
DA:34,9
DA:35,21
DA:37,5
DA:39,9
DA:43,6
DA:45,6
DA:46,24
DA:49,6
DA:51,6
DA:52,12
DA:56,6
DA:60,6
DA:64,6
DA:66,6
DA:67,6
DA:69,24
DA:71,18
DA:72,6
DA:74,6
DA:75,6
DA:76,6
DA:78,6
DA:79,24
DA:80,6
DA:82,6
DA:87,6
DA:89,6
DA:90,6
DA:91,6
DA:92,6
DA:93,6
DA:94,6
DA:95,6
DA:97,6
DA:99,6
DA:100,2
DA:101,2
DA:104,6
DA:106,6
DA:107,12
DA:108,6
DA:109,6
DA:116,3
DA:118,3
DA:119,2
DA:132,6
DA:134,6
DA:136,6
DA:137,6
DA:138,12
DA:139,6
DA:141,6
DA:146,3
DA:147,6
DA:151,6
DA:152,6
DA:153,12
DA:154,6
DA:156,6
DA:161,4
LF:65
LH:65
end_of_record
SF:lib\util\Thanks\thanksItemSug.dart
DA:23,19
DA:31,19
DA:32,19
DA:42,19
DA:43,19
DA:44,57
DA:45,57
DA:46,1
DA:47,19
DA:48,25
DA:49,12
DA:50,8
DA:56,19
DA:59,19
DA:63,38
DA:64,55
DA:65,55
DA:67,38
DA:68,19
DA:69,38
DA:72,38
DA:74,38
DA:75,95
DA:76,6
DA:79,57
DA:80,25
DA:81,1
DA:83,19
DA:85,19
DA:86,114
DA:90,19
DA:92,19
DA:96,19
DA:100,19
DA:101,19
DA:102,19
DA:103,1
DA:105,19
DA:108,19
DA:110,19
DA:112,19
DA:113,4
DA:115,8
DA:116,12
DA:117,21
DA:121,9
DA:122,9
DA:123,8
DA:124,29
DA:125,4
DA:126,8
DA:128,8
DA:129,8
DA:130,12
DA:131,8
DA:132,6
DA:135,8
DA:136,4
DA:137,16
DA:138,8
DA:147,19
DA:148,19
DA:151,57
DA:154,19
DA:156,19
DA:158,19
DA:160,19
DA:162,19
DA:163,19
DA:164,19
DA:165,57
DA:168,76
DA:170,95
DA:171,76
DA:173,19
DA:174,57
DA:175,1
DA:176,19
DA:177,19
DA:183,19
DA:185,19
DA:187,57
LF:82
LH:82
end_of_record
SF:lib\util\styles.dart
DA:22,18
DA:23,72
DA:24,1
DA:27,72
DA:28,1
DA:30,72
DA:31,1
DA:33,18
DA:36,8
DA:37,24
DA:38,8
DA:41,0
DA:44,0
DA:55,3
DA:61,60
DA:66,0
DA:69,0
DA:75,24
DA:76,48
DA:77,24
DA:78,24
DA:79,24
DA:86,4
DA:87,8
DA:88,4
DA:89,4
DA:90,4
DA:97,8
DA:98,8
DA:100,24
DA:104,21
DA:105,21
DA:106,84
DA:107,0
DA:108,21
DA:109,84
DA:111,84
DA:112,21
DA:113,9
DA:114,9
DA:116,21
DA:117,21
DA:122,1
DA:123,1
DA:124,4
DA:125,0
DA:126,1
DA:127,4
DA:129,4
DA:130,1
DA:131,1
DA:132,1
DA:134,1
DA:135,1
DA:140,4
DA:141,4
DA:142,16
DA:143,0
DA:144,4
DA:145,16
DA:147,16
DA:148,4
DA:149,3
DA:150,3
DA:152,4
DA:153,4
DA:159,14
DA:161,14
DA:163,14
DA:168,57
DA:177,57
DA:180,57
DA:182,57
DA:186,7
DA:187,14
DA:189,7
DA:191,14
DA:192,14
DA:196,12
DA:202,12
DA:203,3
DA:204,3
DA:206,12
DA:208,11
DA:209,11
DA:212,3
LF:86
LH:79
end_of_record
SF:lib\util\Traits\positiveTraitItemSug.dart
DA:30,18
DA:38,18
DA:39,18
DA:47,18
DA:49,54
DA:52,1
DA:57,2
DA:58,2
DA:60,2
DA:62,4
DA:64,2
DA:65,3
DA:66,2
DA:67,2
DA:70,3
DA:71,5
DA:72,1
DA:74,1
DA:76,1
DA:77,4
DA:78,2
DA:83,18
DA:85,18
DA:89,18
DA:93,18
DA:94,18
DA:95,1
DA:97,18
DA:100,18
DA:102,18
DA:104,18
DA:105,4
DA:108,8
DA:112,4
DA:116,4
DA:117,4
DA:122,8
DA:123,12
DA:124,21
DA:127,4
DA:128,8
DA:129,21
DA:133,8
DA:135,8
DA:136,8
DA:139,8
DA:140,12
DA:141,8
DA:142,8
DA:147,8
DA:148,4
DA:149,16
DA:150,8
DA:161,18
DA:162,18
DA:165,54
DA:168,18
DA:170,18
DA:172,18
DA:174,18
DA:176,18
DA:177,18
DA:178,18
DA:179,54
DA:182,72
DA:184,90
DA:185,72
DA:186,18
DA:187,54
DA:188,1
DA:189,18
DA:190,18
DA:194,18
DA:196,18
DA:198,54
LF:75
LH:75
end_of_record
SF:lib\MainPageHelpers\personalPlanWidget.dart
DA:24,13
DA:30,13
DA:31,13
DA:41,13
DA:42,52
DA:43,13
DA:45,26
DA:46,34
DA:47,6
DA:49,0
DA:50,0
DA:52,6
DA:59,58
DA:62,3
DA:63,3
DA:64,12
DA:66,3
DA:67,6
DA:68,3
DA:70,3
DA:74,3
DA:79,3
DA:82,2
DA:84,1
DA:85,1
DA:86,1
DA:88,1
DA:89,1
DA:92,0
DA:93,0
DA:94,0
DA:96,0
DA:99,3
DA:100,12
DA:101,6
DA:105,0
DA:106,0
DA:107,0
DA:110,1
DA:115,3
DA:119,5
DA:120,4
DA:121,1
DA:122,3
DA:123,3
DA:130,13
DA:131,29
DA:135,2
DA:136,3
DA:140,1
DA:141,2
DA:142,1
DA:146,13
DA:148,13
DA:149,39
DA:150,13
DA:153,12
DA:155,12
DA:156,48
DA:157,1
DA:161,13
DA:167,13
DA:168,13
DA:169,26
DA:170,26
DA:171,52
DA:172,13
DA:173,39
DA:175,13
DA:176,13
DA:177,13
DA:179,39
DA:182,13
DA:185,13
DA:186,13
DA:188,13
DA:189,13
DA:190,13
DA:191,13
DA:193,13
DA:197,1
DA:198,3
DA:200,13
DA:201,26
DA:202,13
DA:203,13
DA:212,13
DA:216,13
DA:217,13
DA:220,13
DA:221,13
DA:225,13
DA:226,13
DA:227,26
DA:228,13
DA:236,13
DA:238,1
DA:240,39
DA:243,13
DA:244,26
DA:245,13
DA:252,1
DA:253,2
DA:254,1
DA:255,2
DA:256,2
DA:257,2
DA:258,2
DA:259,2
DA:261,1
DA:262,2
DA:263,2
DA:264,2
DA:265,2
DA:266,2
DA:268,1
DA:270,2
DA:273,1
DA:274,2
DA:278,0
DA:279,0
DA:282,13
DA:289,13
DA:290,26
DA:291,13
DA:298,1
DA:299,1
DA:301,13
DA:304,13
DA:305,13
DA:318,13
DA:319,13
DA:321,13
DA:323,13
DA:325,13
DA:326,39
DA:328,13
DA:341,13
DA:344,13
DA:345,13
DA:349,13
DA:350,13
DA:352,13
DA:354,13
DA:355,13
DA:356,13
DA:357,13
DA:358,13
DA:359,26
DA:361,39
DA:362,1
DA:363,13
DA:366,13
DA:367,13
DA:368,6
DA:370,3
DA:373,13
DA:378,13
DA:379,13
DA:380,13
DA:382,13
DA:383,26
DA:384,13
DA:386,13
DA:390,1
DA:391,3
DA:393,13
DA:395,13
DA:396,13
DA:397,13
DA:398,26
DA:399,13
DA:401,13
LF:173
LH:162
end_of_record
SF:lib\file_service.dart
DA:36,2
DA:37,4
DA:40,2
DA:41,2
DA:44,2
DA:46,2
DA:48,2
DA:50,2
DA:52,2
DA:54,2
DA:55,2
DA:57,2
DA:61,4
DA:62,4
DA:64,2
DA:65,4
DA:66,4
DA:67,4
DA:68,4
DA:69,4
DA:70,4
DA:71,2
DA:73,4
DA:75,4
DA:79,1
DA:80,1
DA:81,3
DA:82,2
DA:85,2
DA:90,2
DA:92,2
DA:93,6
DA:94,8
DA:99,2
DA:105,2
DA:107,2
DA:108,2
DA:109,2
DA:110,2
DA:111,2
DA:112,2
DA:113,2
DA:114,2
DA:116,2
DA:117,2
DA:119,2
DA:120,2
DA:121,2
DA:130,4
DA:131,2
DA:132,1
DA:133,2
DA:134,2
DA:135,2
DA:138,1
DA:139,1
DA:140,2
DA:143,2
DA:144,2
DA:145,2
DA:147,12
DA:148,2
DA:149,4
DA:152,4
DA:153,4
DA:154,4
DA:158,3
DA:161,2
DA:162,2
DA:163,2
DA:164,2
DA:165,2
DA:166,2
DA:167,2
DA:168,2
DA:175,2
DA:180,2
DA:194,1
DA:195,1
DA:198,1
DA:208,1
DA:211,1
DA:212,1
DA:213,1
DA:214,1
DA:215,1
DA:216,1
DA:217,1
DA:219,3
DA:220,0
DA:222,0
DA:223,0
DA:226,1
DA:230,1
DA:233,0
DA:234,0
DA:237,2
DA:238,1
DA:245,0
DA:248,0
DA:250,0
DA:254,0
DA:255,0
DA:259,0
DA:260,0
DA:268,0
DA:282,0
DA:283,0
DA:287,1
DA:294,1
DA:296,1
DA:298,1
DA:299,0
DA:300,0
DA:301,0
DA:302,0
DA:303,0
DA:304,0
DA:309,0
DA:313,1
DA:315,1
DA:318,0
DA:319,0
DA:322,0
DA:327,1
DA:331,3
DA:332,2
DA:335,2
DA:336,1
DA:340,2
DA:341,1
LF:131
LH:106
end_of_record
SF:lib\util\Share\show_share_dialog.dart
DA:4,3
DA:5,3
DA:7,3
DA:8,3
LF:4
LH:4
end_of_record
SF:lib\util\SignIn\popup_toast.dart
DA:5,5
DA:6,5
LF:2
LH:2
end_of_record
SF:lib\util\personalPlanItem.dart
DA:9,3
DA:11,3
DA:12,3
DA:16,3
DA:18,3
DA:19,3
DA:20,3
DA:21,3
DA:23,3
DA:24,6
DA:28,3
DA:29,3
DA:31,9
LF:13
LH:13
end_of_record
SF:lib\util\appInformation.dart
DA:66,54
DA:124,2
DA:125,2
DA:126,2
DA:129,2
DA:130,2
DA:131,2
DA:134,9
DA:135,9
DA:136,9
DA:139,11
DA:140,22
DA:141,11
DA:144,4
DA:145,8
DA:146,4
DA:149,4
DA:150,8
DA:151,4
DA:154,4
DA:155,8
DA:156,4
DA:159,4
DA:160,8
DA:161,4
DA:164,4
DA:165,8
DA:166,4
DA:169,11
DA:170,11
DA:171,11
DA:174,4
DA:175,4
DA:176,4
DA:179,11
DA:180,11
DA:181,11
DA:184,4
DA:185,4
DA:186,4
DA:189,4
DA:190,4
DA:191,4
DA:194,4
DA:195,4
DA:196,4
DA:199,11
DA:200,11
DA:201,11
DA:204,2
DA:205,2
DA:206,2
DA:209,11
DA:210,11
DA:211,11
DA:214,1
DA:215,2
DA:216,1
DA:219,11
DA:220,11
DA:221,11
DA:224,4
DA:225,8
DA:226,4
DA:229,11
DA:231,22
DA:232,11
DA:235,4
DA:236,8
DA:237,4
DA:240,4
DA:241,8
DA:242,4
DA:245,11
DA:246,11
DA:247,11
DA:250,11
DA:251,11
DA:252,11
DA:255,11
DA:256,11
DA:257,11
DA:260,11
DA:261,11
DA:262,11
DA:265,11
DA:266,11
DA:267,11
DA:270,11
DA:271,11
DA:272,11
DA:275,11
DA:276,22
DA:278,11
DA:281,1
DA:282,3
DA:283,1
DA:286,3
DA:287,3
DA:288,3
DA:291,1
DA:292,2
DA:293,1
DA:296,1
DA:297,2
DA:298,1
DA:301,1
DA:302,2
DA:303,1
DA:306,1
DA:307,2
DA:308,1
DA:311,11
DA:312,22
DA:313,11
DA:316,11
DA:317,22
DA:318,11
DA:321,2
DA:322,4
DA:323,2
DA:326,4
DA:327,4
DA:328,4
DA:331,4
DA:332,4
DA:333,4
DA:336,4
DA:337,8
DA:338,4
DA:341,11
DA:342,22
DA:343,11
DA:346,4
DA:347,8
DA:348,4
DA:351,4
DA:352,8
DA:353,4
DA:356,4
DA:357,8
DA:358,4
DA:361,4
DA:362,8
DA:363,4
DA:366,4
DA:368,8
DA:369,4
DA:372,4
DA:374,8
DA:375,4
DA:378,4
DA:379,8
DA:380,4
DA:383,4
DA:384,8
DA:385,4
DA:388,4
DA:389,8
DA:390,4
LF:160
LH:160
end_of_record
SF:lib\disclaimerPage.dart
DA:17,4
DA:18,4
DA:19,4
DA:23,1
DA:26,2
DA:30,1
DA:32,1
DA:38,4
DA:39,4
DA:41,4
DA:43,4
DA:44,4
DA:46,8
DA:52,4
DA:54,8
DA:64,4
DA:67,4
DA:71,4
DA:75,4
DA:77,4
DA:78,4
DA:79,4
DA:80,4
DA:81,4
DA:83,4
DA:84,4
DA:85,12
DA:86,4
DA:88,4
DA:89,8
DA:90,8
DA:96,4
DA:97,8
DA:98,8
DA:100,4
DA:101,8
DA:102,8
DA:104,4
DA:105,8
DA:106,8
DA:109,4
DA:111,1
DA:112,2
DA:113,1
DA:120,8
DA:121,12
DA:123,4
LF:47
LH:47
end_of_record
SF:lib\util\persistent_memory_service.dart
DA:13,3
DA:20,6
DA:21,3
DA:22,1
DA:29,3
DA:31,3
DA:32,2
DA:33,3
DA:34,1
DA:35,3
DA:36,1
DA:37,3
DA:38,2
DA:39,3
DA:40,6
DA:43,0
DA:47,3
DA:50,6
DA:52,3
DA:54,3
DA:55,2
DA:56,3
DA:57,2
DA:58,3
DA:59,1
DA:60,3
DA:61,2
DA:62,3
DA:63,6
DA:66,1
DA:70,1
DA:73,2
DA:75,1
DA:76,1
DA:78,0
LF:35
LH:33
end_of_record
SF:lib\util\disclaimerLanguageSelect.dart
DA:11,6
DA:13,6
DA:14,6
DA:20,6
DA:21,6
DA:23,6
DA:24,6
DA:26,6
DA:27,6
DA:28,6
DA:34,6
DA:36,6
DA:38,18
DA:39,12
DA:40,30
DA:41,6
DA:42,12
DA:43,12
DA:44,0
DA:47,6
DA:49,6
DA:50,6
DA:51,6
DA:52,6
DA:54,6
DA:58,12
DA:59,6
DA:60,12
DA:61,6
DA:62,6
DA:63,18
DA:68,6
DA:71,6
DA:72,24
DA:74,24
DA:75,6
DA:76,18
DA:77,6
DA:79,6
DA:80,6
DA:81,6
DA:83,18
DA:87,18
DA:88,24
DA:89,6
DA:90,2
DA:92,4
DA:93,2
DA:94,6
DA:98,6
DA:99,12
DA:100,6
DA:101,12
DA:103,18
DA:106,6
DA:108,24
DA:111,6
DA:112,6
DA:113,6
DA:115,18
DA:118,6
DA:121,6
LF:62
LH:61
end_of_record
SF:lib\util\PDF\create_pdf.dart
DA:9,2
DA:10,4
DA:15,2
DA:16,4
DA:21,2
DA:22,4
DA:27,2
DA:36,4
DA:37,6
DA:38,4
DA:39,4
DA:40,4
DA:41,2
DA:42,2
DA:51,6
DA:52,4
DA:57,2
DA:58,2
DA:59,2
DA:60,2
DA:61,2
DA:62,2
DA:63,2
DA:64,2
DA:67,2
DA:69,2
DA:76,4
DA:78,4
DA:81,2
DA:82,2
DA:84,2
DA:85,4
DA:86,2
DA:87,2
DA:88,2
DA:89,2
DA:90,2
DA:91,2
DA:92,2
DA:94,2
DA:95,2
DA:96,2
DA:98,2
DA:99,2
DA:100,2
DA:109,2
DA:110,2
DA:111,2
DA:112,2
DA:113,2
DA:114,2
DA:116,2
DA:117,2
DA:118,2
DA:120,2
DA:121,2
DA:122,2
DA:131,2
DA:132,2
DA:134,2
DA:135,2
DA:136,2
DA:137,6
DA:138,2
DA:139,2
DA:140,2
DA:142,2
DA:143,4
DA:144,2
DA:145,8
DA:146,2
DA:147,4
DA:164,6
DA:167,2
DA:168,2
DA:170,2
DA:171,2
DA:172,4
DA:173,2
DA:174,2
DA:175,2
DA:176,4
DA:179,2
DA:180,2
DA:181,4
DA:182,2
DA:183,2
DA:184,2
DA:185,2
DA:186,2
DA:191,4
DA:195,2
DA:196,2
DA:197,4
DA:198,2
DA:199,2
DA:200,2
DA:201,4
DA:204,2
DA:205,2
DA:206,4
DA:207,2
DA:208,2
DA:209,2
DA:210,4
DA:213,2
DA:214,2
DA:215,4
DA:216,2
DA:217,2
DA:218,2
DA:219,2
DA:220,2
DA:225,4
DA:229,2
DA:230,2
DA:231,4
DA:232,2
DA:233,2
DA:234,2
DA:235,4
DA:243,2
DA:244,2
DA:245,2
DA:246,2
DA:247,4
DA:251,2
DA:254,2
DA:257,1
DA:258,1
DA:259,1
DA:260,0
DA:261,0
DA:262,0
LF:134
LH:131
end_of_record
SF:lib\util\type_utils.dart
DA:3,36
DA:4,39
DA:9,1
DA:10,1
LF:4
LH:4
end_of_record
SF:lib\form\form.dart
DA:21,9
DA:32,3
DA:38,3
DA:39,3
DA:47,1
DA:48,2
DA:49,7
DA:53,1
DA:54,2
DA:55,4
DA:59,0
DA:60,0
DA:61,0
DA:65,0
DA:67,0
DA:71,0
DA:72,0
DA:74,0
DA:77,0
DA:78,0
DA:79,0
DA:80,0
DA:81,0
DA:83,0
DA:87,1
DA:88,1
DA:90,1
DA:91,2
DA:92,2
DA:94,2
DA:97,1
DA:102,3
DA:104,3
DA:110,6
DA:111,3
DA:112,3
DA:113,3
DA:114,3
DA:115,6
DA:117,3
DA:118,3
DA:119,3
DA:120,3
DA:121,6
DA:123,3
DA:124,3
DA:125,3
DA:126,3
DA:127,6
DA:129,3
DA:130,3
DA:131,3
DA:132,3
DA:133,6
DA:137,3
DA:138,3
DA:139,3
DA:140,6
DA:147,3
DA:149,3
DA:154,3
DA:155,3
DA:157,0
DA:161,0
DA:164,3
DA:165,3
DA:167,3
DA:169,3
DA:170,3
DA:171,3
DA:172,3
DA:173,9
DA:174,3
DA:176,3
DA:177,3
DA:178,6
DA:181,3
DA:182,6
DA:183,1
DA:185,1
DA:186,1
DA:189,3
DA:190,3
DA:191,6
DA:192,6
DA:196,1
DA:200,1
DA:207,3
DA:209,3
DA:210,9
DA:211,6
DA:216,3
DA:217,6
DA:218,9
DA:219,9
DA:220,3
DA:223,3
DA:233,3
DA:237,3
DA:240,3
DA:242,3
DA:243,3
DA:247,9
LF:103
LH:87
end_of_record
SF:lib\form\phonePageform.dart
DA:17,5
DA:24,3
DA:25,3
DA:37,0
DA:39,0
DA:40,0
DA:41,0
DA:44,0
DA:46,0
DA:47,0
DA:48,0
DA:49,0
DA:50,0
DA:51,0
DA:54,0
DA:55,0
DA:57,0
DA:58,0
DA:60,0
DA:64,0
DA:65,0
DA:68,0
DA:72,0
DA:73,0
DA:75,0
DA:79,0
DA:81,0
DA:84,0
DA:86,0
DA:90,3
DA:92,3
DA:93,0
DA:95,3
DA:96,0
DA:98,6
DA:99,6
DA:100,3
DA:103,3
DA:105,3
DA:106,15
DA:107,0
DA:108,0
DA:110,0
DA:111,0
DA:116,3
DA:118,3
DA:123,3
DA:124,3
DA:125,3
DA:126,3
DA:129,3
DA:130,6
DA:131,3
DA:133,3
DA:134,3
DA:135,3
DA:137,3
DA:138,3
DA:139,6
DA:140,3
DA:142,3
DA:150,6
DA:151,3
DA:152,3
DA:153,3
DA:154,3
DA:156,3
DA:157,3
DA:158,3
DA:159,3
DA:161,6
DA:162,3
DA:163,3
DA:167,3
DA:168,6
DA:169,3
DA:171,9
DA:172,3
DA:183,6
DA:185,3
DA:186,3
DA:187,3
DA:188,3
DA:189,9
DA:195,6
DA:197,3
DA:199,1
DA:200,3
DA:201,3
DA:202,3
DA:203,3
DA:205,6
DA:206,6
DA:208,3
DA:211,3
DA:213,3
DA:214,3
DA:215,6
DA:216,3
DA:218,3
DA:219,6
DA:224,3
DA:225,6
DA:226,6
DA:231,3
DA:232,3
DA:233,6
DA:234,6
LF:108
LH:76
end_of_record
SF:lib\form\shareform.dart
DA:27,3
DA:29,3
DA:30,3
DA:46,3
DA:48,6
DA:52,3
DA:55,3
DA:57,3
DA:58,9
DA:59,3
DA:60,3
DA:63,3
DA:65,6
DA:66,6
DA:67,6
DA:68,3
DA:71,3
DA:72,6
DA:73,3
DA:74,3
DA:79,3
DA:80,3
DA:85,3
DA:87,9
DA:88,2
DA:89,2
DA:90,2
DA:93,2
DA:96,3
DA:99,6
DA:100,3
DA:101,3
DA:102,3
DA:106,1
DA:107,2
DA:108,1
DA:111,5
DA:113,1
DA:116,5
DA:120,1
DA:121,1
DA:122,2
DA:123,2
DA:124,2
DA:125,2
DA:129,1
DA:130,2
DA:135,1
DA:136,2
DA:139,1
DA:140,2
DA:141,2
DA:142,2
DA:143,1
DA:144,1
DA:145,2
DA:148,1
DA:149,2
DA:150,1
DA:151,1
DA:155,1
DA:156,2
DA:157,2
DA:158,3
DA:159,3
DA:160,1
DA:161,1
DA:162,1
DA:163,2
DA:167,1
DA:168,4
DA:172,2
DA:173,2
DA:174,2
DA:175,0
DA:176,0
DA:177,1
DA:178,0
DA:179,0
DA:183,1
DA:186,1
DA:187,3
DA:188,3
DA:190,2
DA:191,2
DA:192,1
DA:197,2
DA:198,1
DA:200,1
DA:201,3
DA:202,3
DA:204,3
DA:206,1
DA:207,1
DA:210,1
DA:213,1
DA:214,4
DA:215,2
DA:219,1
DA:222,1
DA:223,2
DA:224,6
DA:225,0
DA:226,3
DA:231,2
DA:232,1
DA:239,1
DA:240,1
DA:241,1
DA:242,2
DA:244,1
DA:245,1
DA:246,1
DA:247,1
DA:248,2
DA:249,1
DA:250,1
DA:253,1
DA:254,3
DA:255,4
DA:256,1
DA:259,3
DA:261,1
DA:262,3
DA:263,2
DA:264,2
DA:268,1
DA:269,1
DA:273,3
DA:276,1
DA:277,1
DA:278,1
DA:279,2
DA:280,1
DA:281,1
DA:286,1
DA:287,1
DA:289,1
DA:291,1
DA:293,1
DA:294,1
DA:296,2
DA:297,1
DA:298,1
DA:299,1
DA:300,2
DA:302,2
DA:304,1
DA:314,1
DA:315,1
DA:316,3
DA:318,3
DA:320,1
DA:321,3
DA:322,4
DA:323,1
DA:325,1
DA:326,1
DA:327,1
DA:329,1
DA:331,1
DA:334,3
DA:337,1
DA:338,2
DA:341,1
DA:342,1
DA:347,1
DA:348,1
DA:349,1
DA:350,1
DA:351,2
DA:352,3
DA:362,1
DA:367,1
DA:368,4
DA:370,4
DA:373,1
DA:374,4
DA:375,5
DA:376,1
DA:378,1
DA:379,2
DA:380,1
DA:382,1
DA:383,1
DA:384,1
DA:385,1
DA:386,1
DA:387,1
DA:388,1
DA:390,1
DA:393,2
DA:396,1
DA:397,2
DA:398,2
DA:400,2
DA:402,1
DA:403,2
DA:404,2
DA:406,2
DA:411,1
DA:412,2
DA:413,1
DA:414,1
DA:415,2
DA:416,2
DA:425,3
DA:426,3
DA:427,3
DA:428,12
DA:429,4
DA:431,4
DA:432,3
DA:433,3
DA:434,3
DA:435,3
DA:436,6
DA:437,3
DA:438,9
DA:440,3
DA:450,3
DA:452,3
DA:453,3
DA:457,3
DA:459,3
DA:461,3
DA:462,3
DA:463,3
DA:464,3
DA:465,3
DA:466,6
DA:467,3
DA:469,3
DA:470,6
DA:471,3
DA:472,3
DA:474,9
DA:480,3
DA:481,6
DA:482,3
DA:484,3
DA:485,9
DA:490,3
DA:491,3
DA:492,9
DA:493,3
DA:494,6
DA:495,6
DA:501,3
DA:502,9
DA:503,3
DA:505,3
DA:507,3
DA:508,2
DA:509,2
DA:511,3
DA:512,3
DA:513,3
DA:514,3
DA:516,3
DA:520,3
DA:521,9
DA:525,3
DA:527,9
DA:532,3
DA:533,2
DA:534,4
DA:535,2
DA:536,4
DA:537,4
DA:538,4
DA:539,4
DA:540,4
DA:542,2
DA:543,4
DA:544,4
DA:545,4
DA:546,4
DA:547,4
DA:549,2
DA:551,4
DA:555,2
DA:556,4
DA:561,0
DA:562,0
DA:566,3
DA:567,3
DA:568,3
DA:569,3
DA:571,3
DA:575,3
DA:576,9
DA:580,3
DA:582,9
DA:590,3
DA:592,3
DA:594,2
DA:595,6
DA:597,6
DA:598,6
DA:600,3
LF:301
LH:294
end_of_record
SF:lib\form\formpagetemplate.dart
DA:25,7
DA:32,7
DA:33,7
DA:41,7
DA:43,7
DA:46,7
DA:48,14
DA:49,7
DA:52,7
DA:53,14
DA:56,0
DA:57,0
DA:58,0
DA:61,1
DA:62,2
DA:63,4
DA:65,2
DA:68,1
DA:69,3
DA:71,2
DA:75,0
DA:76,0
DA:77,0
DA:79,0
DA:82,0
DA:85,2
DA:87,4
DA:91,4
DA:92,2
DA:93,6
DA:95,1
DA:96,3
DA:98,1
DA:99,3
DA:101,1
DA:102,3
DA:106,2
DA:111,2
DA:112,6
DA:114,4
DA:116,2
DA:117,6
DA:119,4
DA:123,7
DA:124,14
DA:125,7
DA:126,18
DA:128,3
DA:129,9
DA:131,2
DA:132,6
DA:134,2
DA:135,6
DA:141,7
DA:143,7
DA:147,7
DA:149,7
DA:150,14
DA:152,7
DA:154,21
DA:155,7
DA:157,7
DA:158,7
DA:159,7
DA:161,7
DA:163,7
DA:165,7
DA:167,7
DA:168,7
DA:169,7
DA:171,7
DA:172,7
DA:173,7
DA:174,7
DA:176,7
DA:183,14
DA:184,7
DA:186,7
DA:187,7
DA:188,7
DA:189,7
DA:191,21
DA:192,7
DA:201,14
DA:202,7
DA:206,7
DA:209,14
DA:210,2
DA:211,2
DA:212,4
DA:213,2
DA:214,0
DA:215,0
DA:216,0
DA:218,1
DA:219,1
DA:220,1
DA:226,7
DA:227,28
DA:229,21
DA:230,7
DA:234,7
DA:235,7
DA:236,1
DA:237,3
DA:241,3
DA:242,1
DA:243,2
DA:244,2
DA:247,7
DA:248,7
DA:249,7
DA:250,7
DA:251,7
DA:252,7
DA:253,7
DA:254,7
DA:256,7
DA:259,7
DA:260,21
DA:267,7
DA:268,14
DA:269,7
DA:271,7
DA:278,7
DA:279,7
DA:280,7
DA:282,21
DA:284,7
DA:285,7
DA:287,0
DA:295,14
DA:296,7
DA:297,7
DA:298,7
DA:300,7
DA:301,7
DA:302,7
DA:303,14
DA:308,14
DA:309,7
DA:311,7
DA:312,7
DA:313,7
DA:314,7
DA:316,21
DA:317,7
DA:326,14
DA:327,7
DA:330,7
DA:333,7
DA:334,7
DA:335,14
DA:336,7
DA:341,21
DA:342,7
DA:344,7
DA:345,1
DA:346,1
DA:349,3
DA:352,1
DA:353,3
DA:356,1
DA:358,1
DA:362,1
DA:363,1
DA:365,2
DA:366,1
DA:368,1
DA:370,1
DA:372,1
DA:378,7
DA:379,7
DA:382,21
DA:385,7
DA:386,21
DA:390,7
DA:392,7
DA:396,7
DA:397,7
DA:399,14
DA:400,7
DA:404,7
DA:408,7
DA:410,7
DA:416,7
DA:417,1
DA:418,2
DA:420,1
DA:421,3
DA:423,1
DA:425,1
DA:434,28
DA:435,7
DA:436,0
DA:437,0
DA:439,7
DA:440,7
DA:441,7
DA:442,7
DA:443,7
DA:444,7
DA:445,7
DA:446,7
DA:448,7
DA:451,7
DA:452,21
DA:459,7
DA:461,7
DA:462,7
DA:463,7
DA:465,7
DA:473,0
DA:475,14
DA:477,7
DA:479,2
DA:481,4
DA:482,4
DA:483,4
DA:485,2
DA:486,6
DA:488,7
DA:489,14
DA:491,7
LF:224
LH:209
end_of_record
SF:lib\menu.dart
DA:41,10
DA:48,10
DA:49,10
DA:63,10
DA:65,20
DA:69,10
DA:72,10
DA:74,20
DA:78,10
DA:83,10
DA:88,14
DA:89,0
DA:94,0
DA:95,0
DA:96,0
DA:101,1
DA:102,1
DA:103,1
DA:107,1
DA:108,2
DA:110,2
DA:111,1
DA:114,1
DA:115,1
DA:116,2
DA:117,2
DA:118,2
DA:119,2
DA:121,1
DA:122,1
DA:123,2
DA:124,1
DA:125,1
DA:126,2
DA:127,1
DA:129,1
DA:132,1
DA:133,0
DA:134,1
DA:135,3
DA:136,1
DA:137,2
DA:138,1
DA:139,2
DA:150,10
DA:151,10
DA:152,8
DA:155,0
DA:156,0
DA:157,0
DA:159,0
DA:160,0
DA:161,0
DA:162,0
DA:165,0
DA:166,0
DA:167,0
DA:169,0
DA:171,0
DA:176,1
DA:179,1
DA:180,1
DA:181,1
DA:182,1
DA:183,1
DA:184,1
DA:187,4
DA:188,2
DA:189,4
DA:194,4
DA:195,4
DA:196,2
DA:197,2
DA:199,2
DA:200,3
DA:201,2
DA:204,4
DA:211,10
DA:212,10
DA:213,20
DA:214,10
DA:215,20
DA:216,10
DA:220,1
DA:221,2
DA:222,2
DA:223,1
DA:224,2
DA:225,1
DA:227,1
DA:231,2
DA:232,2
DA:233,2
DA:236,2
DA:237,2
DA:239,2
DA:241,4
DA:242,4
DA:244,0
DA:245,0
DA:246,0
DA:247,0
DA:250,0
DA:251,0
DA:254,0
DA:255,0
DA:256,0
DA:262,10
DA:272,10
DA:276,10
DA:278,10
DA:279,10
DA:285,10
DA:286,10
DA:290,10
DA:298,10
DA:300,10
DA:301,10
DA:302,10
DA:304,20
DA:307,10
DA:309,20
DA:310,10
DA:311,10
DA:312,10
DA:313,20
DA:314,10
DA:316,10
DA:319,0
DA:323,0
DA:324,0
DA:326,0
DA:327,0
DA:330,10
DA:331,10
DA:333,10
DA:336,10
DA:338,10
DA:353,20
DA:354,10
DA:356,10
DA:359,10
DA:364,10
DA:366,10
DA:368,20
DA:375,0
DA:376,0
DA:377,0
DA:378,0
DA:380,0
DA:384,10
DA:388,10
DA:390,10
DA:392,10
DA:395,10
DA:396,10
DA:398,10
DA:399,10
DA:400,10
DA:401,10
DA:403,2
DA:404,4
DA:405,4
DA:406,2
DA:409,20
DA:411,20
DA:414,10
DA:415,10
DA:417,1
DA:418,2
DA:419,2
DA:420,2
DA:421,2
DA:422,2
DA:424,1
DA:427,20
DA:429,20
DA:433,10
DA:434,10
DA:436,1
DA:437,2
DA:438,1
DA:441,2
DA:442,1
DA:445,20
DA:447,10
DA:449,10
DA:452,10
DA:453,10
DA:455,1
DA:456,1
DA:458,20
DA:460,20
LF:193
LH:157
end_of_record
SF:lib\util\Form\formPagePhoneModel.dart
DA:22,25
DA:35,25
DA:38,1
DA:39,1
DA:40,1
DA:41,1
DA:42,1
DA:43,1
DA:44,1
DA:45,1
DA:46,1
DA:47,1
DA:48,1
DA:49,1
DA:50,1
DA:55,1
DA:56,1
DA:57,1
DA:58,1
DA:59,1
DA:60,1
DA:61,1
DA:62,1
DA:63,2
DA:64,2
DA:65,2
DA:66,2
DA:67,2
DA:70,1
DA:71,3
DA:72,3
DA:73,3
DA:74,3
DA:75,3
DA:76,4
DA:77,4
DA:78,2
DA:79,2
DA:81,2
DA:82,2
DA:84,2
DA:85,2
DA:89,1
DA:92,2
DA:93,2
DA:96,3
DA:97,6
DA:98,6
DA:101,3
DA:102,6
DA:103,6
DA:104,3
DA:107,2
DA:108,4
DA:109,4
DA:110,2
DA:111,2
DA:114,2
DA:115,2
DA:118,12
DA:119,6
DA:120,6
DA:121,2
DA:122,2
DA:126,25
DA:128,50
DA:132,50
DA:133,25
DA:134,50
DA:138,50
DA:139,25
DA:140,50
DA:144,25
DA:147,3
DA:148,3
DA:151,9
DA:152,9
DA:153,3
DA:154,3
DA:158,2
DA:159,12
DA:160,4
DA:161,4
DA:162,2
DA:163,2
DA:167,1
DA:168,2
DA:169,2
DA:170,1
DA:171,1
DA:174,5
DA:176,10
DA:179,5
DA:180,10
DA:182,5
DA:184,5
DA:185,10
DA:187,5
LF:98
LH:98
end_of_record
SF:lib\pages\FormAnswer.dart
DA:17,3
DA:25,3
DA:26,3
DA:32,3
DA:34,6
DA:36,1
DA:37,1
DA:39,1
DA:40,3
DA:45,2
DA:46,6
DA:47,2
DA:49,4
DA:50,6
DA:51,6
DA:52,2
DA:53,2
DA:54,3
DA:55,6
DA:57,2
DA:58,6
DA:59,6
DA:64,2
DA:67,2
DA:70,6
DA:71,4
DA:74,3
DA:75,12
DA:77,12
DA:78,3
DA:80,3
DA:81,3
DA:82,3
DA:84,3
DA:85,3
DA:86,3
DA:87,3
DA:88,3
DA:89,3
DA:91,3
DA:93,9
DA:98,3
DA:99,3
DA:100,12
DA:102,12
DA:103,3
DA:104,6
DA:105,6
DA:106,9
DA:117,3
DA:118,3
DA:119,3
DA:121,3
DA:123,3
DA:124,1
DA:125,6
DA:127,3
DA:128,6
DA:129,3
DA:131,9
DA:138,6
DA:139,3
DA:141,3
DA:142,3
DA:144,3
DA:145,6
DA:146,3
DA:148,9
LF:68
LH:68
end_of_record
SF:lib\form\phonePageListItem.dart
DA:12,3
DA:13,3
DA:14,3
DA:26,3
DA:28,3
DA:29,6
DA:30,3
DA:33,3
DA:35,4
DA:36,1
DA:38,4
DA:39,1
DA:41,4
DA:42,4
DA:43,3
DA:46,3
DA:47,9
DA:48,6
DA:49,0
DA:50,6
DA:53,3
DA:54,3
DA:55,9
DA:56,2
DA:57,2
DA:58,3
DA:60,2
DA:61,3
DA:64,4
DA:65,2
DA:68,6
DA:69,0
DA:71,4
DA:72,2
DA:73,0
DA:76,9
DA:77,0
DA:78,0
DA:80,8
DA:81,6
DA:82,0
DA:86,1
DA:87,2
DA:88,2
DA:93,1
DA:94,1
DA:95,1
DA:96,2
DA:98,2
DA:99,2
DA:100,0
DA:105,1
DA:106,2
DA:109,2
DA:110,2
DA:111,2
DA:112,2
DA:116,1
DA:117,2
DA:118,2
DA:119,2
DA:120,1
DA:121,1
DA:125,1
DA:126,2
DA:127,2
DA:128,5
DA:129,5
DA:131,2
DA:135,1
DA:136,3
DA:139,1
DA:140,2
DA:141,2
DA:143,1
DA:146,1
DA:147,4
DA:150,1
DA:152,3
DA:153,3
DA:155,2
DA:156,2
DA:160,1
DA:161,1
DA:162,1
DA:163,2
DA:164,3
DA:165,3
DA:166,1
DA:167,1
DA:168,3
DA:169,1
DA:170,2
DA:171,3
DA:175,1
DA:176,3
DA:177,1
DA:178,2
DA:179,3
DA:186,1
DA:189,1
DA:192,1
DA:193,2
DA:194,2
DA:195,2
DA:196,3
DA:197,3
DA:198,3
DA:203,1
DA:204,2
DA:205,2
DA:206,1
DA:207,3
DA:208,1
DA:209,1
DA:210,1
DA:211,1
DA:212,2
DA:214,3
DA:215,2
DA:216,1
DA:217,1
DA:218,1
DA:221,2
DA:226,1
DA:227,1
DA:228,1
DA:229,3
DA:230,1
DA:232,2
DA:238,1
DA:239,2
DA:240,3
DA:241,1
DA:242,2
DA:243,1
DA:252,1
DA:261,1
DA:262,3
DA:263,1
DA:265,1
DA:266,1
DA:267,1
DA:269,1
DA:270,1
DA:271,1
DA:273,1
DA:275,2
DA:277,1
DA:281,1
DA:282,1
DA:285,1
DA:287,2
DA:289,1
DA:294,1
DA:296,1
DA:297,1
DA:298,2
DA:299,3
DA:302,1
DA:303,2
DA:304,3
DA:308,1
DA:309,2
DA:310,3
DA:321,3
DA:323,3
DA:324,3
DA:325,3
DA:326,3
DA:327,3
DA:328,3
DA:329,3
DA:330,4
DA:331,2
DA:332,1
DA:333,2
DA:335,2
DA:337,2
DA:338,2
DA:340,2
DA:341,2
DA:342,2
DA:345,1
DA:347,4
DA:348,1
DA:349,1
DA:350,1
DA:351,1
DA:353,2
DA:354,1
DA:356,3
DA:357,3
DA:358,3
DA:359,3
DA:360,3
DA:362,6
DA:363,3
DA:364,3
DA:368,3
DA:369,6
DA:370,3
DA:372,9
DA:373,3
LF:204
LH:197
end_of_record
SF:lib\util\Phone\phoneTextAndIcon.dart
DA:14,4
DA:15,4
DA:16,4
DA:19,4
DA:20,4
DA:21,4
DA:22,3
DA:29,4
DA:33,2
DA:34,2
DA:38,4
DA:45,4
DA:46,4
DA:47,4
DA:49,4
DA:51,8
DA:77,4
DA:83,4
DA:84,4
DA:87,4
DA:89,3
DA:93,1
DA:109,1
DA:116,1
DA:117,1
DA:118,1
DA:119,1
DA:120,1
DA:122,1
DA:123,1
DA:125,1
DA:127,1
DA:128,1
DA:129,1
DA:130,2
DA:131,1
DA:132,1
DA:133,1
DA:134,2
DA:152,4
DA:156,4
DA:158,6
DA:163,4
DA:164,8
DA:166,4
DA:167,4
DA:168,8
DA:169,8
DA:170,4
DA:172,8
DA:175,6
DA:176,6
DA:180,3
DA:181,6
DA:183,2
DA:184,2
DA:185,2
DA:186,1
DA:187,2
DA:190,2
DA:192,2
DA:195,4
DA:196,4
DA:197,8
DA:198,4
DA:200,4
DA:201,4
DA:202,4
DA:204,4
DA:206,10
DA:211,4
DA:212,4
DA:216,3
DA:217,3
DA:220,4
LF:75
LH:75
end_of_record
SF:lib\util\languages_util_functions.dart
DA:1,5
DA:3,5
DA:5,5
DA:7,5
DA:14,4
DA:15,4
DA:16,4
DA:17,4
DA:19,4
DA:26,5
DA:28,5
DA:30,5
DA:32,5
LF:13
LH:13
end_of_record
SF:lib\iFx\service_locator.dart
DA:14,39
DA:16,1
DA:18,2
DA:19,0
DA:20,2
DA:21,0
DA:23,4
DA:24,4
DA:25,4
DA:26,4
DA:27,2
DA:28,2
DA:29,2
DA:30,0
DA:31,2
LF:15
LH:12
end_of_record
SF:lib\pages\FeelGood\image_picker_service_impl.dart
DA:24,0
DA:26,0
DA:29,1
DA:31,1
DA:33,1
DA:42,1
DA:43,3
DA:44,1
DA:45,1
DA:49,1
DA:51,1
DA:52,2
DA:55,0
DA:57,0
DA:61,0
DA:64,0
DA:65,0
DA:66,0
DA:67,0
DA:68,0
DA:69,0
DA:70,0
DA:71,0
DA:72,0
DA:75,0
DA:77,0
DA:78,0
DA:82,1
DA:84,3
DA:85,1
DA:86,1
DA:89,1
DA:92,1
DA:97,1
DA:101,1
DA:103,1
DA:104,5
DA:108,0
DA:109,0
DA:120,1
DA:121,1
DA:122,3
DA:125,1
DA:127,2
DA:130,1
DA:132,1
LF:46
LH:27
end_of_record
SF:lib\pages\WellnessTools\VideoPlayerPageFactory.dart
DA:13,1
DA:18,1
LF:2
LH:2
end_of_record
SF:lib\initialForm\CountrySelectorWidget.dart
DA:18,8
DA:24,8
DA:25,8
DA:32,8
DA:33,16
DA:34,8
DA:38,18
DA:39,6
DA:40,6
DA:41,6
DA:42,18
DA:46,0
DA:47,0
DA:48,0
DA:49,0
DA:53,0
DA:56,6
DA:58,12
DA:61,12
DA:62,6
DA:67,6
DA:70,0
DA:71,0
DA:72,0
DA:76,8
DA:78,8
DA:79,8
DA:83,8
DA:84,8
DA:87,16
DA:88,18
DA:90,8
DA:93,8
DA:95,8
DA:96,8
DA:97,8
DA:100,8
DA:101,8
DA:102,8
DA:103,24
DA:104,8
DA:106,0
DA:107,8
DA:109,8
DA:110,8
DA:112,8
DA:113,8
DA:114,8
DA:115,8
DA:116,16
DA:117,8
DA:121,24
DA:129,8
DA:132,8
DA:133,8
DA:135,8
DA:136,24
DA:138,8
DA:139,24
DA:142,8
DA:150,8
DA:154,8
DA:155,8
DA:156,24
DA:159,8
DA:160,8
DA:161,8
DA:164,8
DA:167,16
DA:168,24
DA:170,8
DA:172,8
DA:173,8
DA:174,8
DA:179,0
DA:180,0
DA:181,0
DA:187,8
DA:190,8
DA:194,8
DA:196,24
DA:203,8
DA:204,8
DA:205,8
DA:206,0
DA:207,0
DA:209,8
DA:210,24
DA:213,8
DA:214,8
DA:215,24
DA:216,16
DA:217,8
DA:218,24
DA:221,8
DA:222,8
DA:223,8
DA:225,24
DA:228,8
DA:233,16
DA:234,24
LF:101
LH:87
end_of_record
SF:lib\initialForm\form.dart
DA:22,4
DA:28,4
DA:30,4
DA:41,4
DA:43,8
DA:47,4
DA:51,8
DA:52,4
DA:56,3
DA:57,6
DA:59,21
DA:64,1
DA:65,2
DA:66,4
DA:72,1
DA:73,2
DA:74,4
DA:78,2
DA:79,4
DA:80,2
DA:84,0
DA:86,0
DA:90,0
DA:91,0
DA:93,0
DA:96,0
DA:97,0
DA:98,0
DA:99,0
DA:100,0
DA:101,0
DA:102,0
DA:103,0
DA:106,0
DA:111,4
DA:113,4
DA:114,4
DA:117,4
DA:119,4
DA:124,4
DA:125,4
DA:126,3
DA:128,8
DA:131,4
DA:132,4
DA:133,4
DA:134,4
DA:135,4
DA:137,16
DA:138,4
DA:139,8
DA:140,8
DA:145,4
DA:147,0
DA:151,0
DA:154,4
DA:155,4
DA:157,4
DA:159,4
DA:161,8
DA:162,20
DA:163,20
DA:164,4
DA:165,4
DA:166,8
DA:167,8
DA:171,0
DA:173,0
DA:174,0
DA:177,2
DA:179,0
DA:180,0
DA:185,4
DA:189,4
DA:192,4
DA:194,4
DA:195,4
DA:199,12
DA:201,4
DA:203,4
DA:206,4
DA:207,8
DA:209,8
DA:214,4
DA:215,8
DA:216,12
DA:217,12
DA:218,4
DA:221,4
LF:89
LH:68
end_of_record
SF:lib\initialForm\toFormPage.dart
DA:22,5
DA:28,3
DA:29,3
DA:34,3
DA:36,6
DA:40,3
DA:45,6
DA:46,3
DA:50,3
DA:53,3
DA:54,3
DA:57,3
DA:59,3
DA:60,3
DA:62,3
DA:63,3
DA:64,3
DA:65,3
DA:66,3
DA:67,6
DA:68,3
DA:69,3
DA:71,9
DA:76,3
DA:78,3
DA:79,6
DA:80,3
DA:81,3
DA:83,9
DA:89,6
DA:90,3
DA:92,3
DA:93,6
DA:94,3
DA:95,3
DA:97,9
DA:103,6
DA:104,3
DA:106,3
DA:107,1
DA:108,1
DA:110,1
DA:111,1
DA:112,1
DA:113,2
DA:114,2
DA:117,1
DA:118,2
DA:120,1
DA:121,1
DA:123,1
DA:124,1
DA:126,1
DA:128,1
DA:137,3
DA:138,3
DA:139,6
DA:140,3
DA:142,6
DA:147,6
DA:148,3
DA:149,1
DA:150,1
DA:152,1
DA:153,2
DA:154,2
DA:155,1
DA:156,2
DA:159,1
DA:162,6
DA:163,3
DA:164,3
DA:165,3
DA:166,3
DA:170,3
DA:171,6
DA:172,3
DA:174,6
LF:78
LH:78
end_of_record
SF:lib\initialForm\initialFormPage2.dart
DA:21,5
DA:27,4
DA:28,4
DA:39,4
DA:41,8
DA:42,4
DA:45,4
DA:46,4
DA:47,8
DA:49,12
DA:50,4
DA:52,4
DA:54,4
DA:55,4
DA:56,4
DA:57,4
DA:61,16
DA:64,8
DA:69,4
DA:70,4
DA:71,4
DA:75,16
DA:78,8
DA:88,4
DA:89,4
DA:91,4
DA:93,4
DA:97,16
DA:102,12
DA:109,4
DA:114,4
DA:117,4
DA:119,8
DA:120,4
DA:122,4
DA:123,4
DA:124,4
DA:130,4
DA:132,4
DA:134,8
DA:135,8
DA:136,8
DA:137,8
DA:138,8
DA:140,4
DA:141,4
DA:142,8
DA:145,8
DA:146,0
DA:147,8
DA:148,4
DA:149,4
DA:150,0
DA:151,4
DA:152,4
DA:153,0
DA:154,0
DA:156,4
DA:157,4
DA:158,8
DA:159,4
DA:160,4
DA:162,4
DA:163,4
DA:164,4
DA:165,4
DA:166,4
DA:167,8
DA:168,4
DA:177,8
DA:178,4
DA:179,8
DA:180,4
DA:184,12
DA:190,8
DA:191,4
DA:193,4
DA:194,4
DA:195,8
DA:199,4
DA:201,4
DA:202,4
DA:210,2
DA:211,4
DA:212,2
DA:220,4
DA:221,8
DA:226,4
DA:228,4
DA:230,4
DA:231,4
DA:232,8
DA:233,8
DA:235,8
DA:236,3
DA:237,12
DA:241,1
DA:242,2
DA:244,1
DA:245,1
DA:254,4
DA:255,8
DA:260,4
DA:262,4
DA:264,4
DA:265,0
DA:266,8
DA:267,4
DA:268,4
DA:269,0
DA:270,4
DA:271,4
DA:272,8
DA:273,8
DA:275,8
DA:276,12
DA:277,12
DA:282,1
DA:283,2
DA:285,1
DA:286,3
DA:287,0
DA:288,0
DA:289,3
DA:290,1
DA:291,1
DA:292,0
DA:293,0
DA:294,0
DA:296,0
DA:297,0
DA:306,4
DA:307,8
DA:308,8
DA:312,8
DA:313,4
DA:315,8
DA:316,2
DA:317,4
DA:318,6
DA:321,6
DA:323,4
DA:324,2
DA:325,6
DA:326,2
DA:327,8
DA:330,2
DA:331,8
DA:332,2
DA:333,0
DA:334,0
DA:336,0
DA:339,6
LF:153
LH:137
end_of_record
SF:lib\initialForm\initialFormPage1.dart
DA:18,5
DA:25,5
DA:26,5
DA:30,5
DA:32,5
DA:36,5
DA:38,5
DA:39,5
DA:40,5
DA:41,5
DA:42,5
DA:43,5
DA:44,10
DA:45,10
DA:49,5
DA:50,5
DA:51,20
DA:53,20
DA:56,5
DA:57,10
DA:58,5
DA:59,5
DA:61,15
DA:67,5
DA:68,5
DA:69,5
DA:70,20
DA:72,20
DA:75,5
DA:76,10
DA:77,5
DA:78,5
DA:80,15
DA:86,5
DA:88,20
DA:90,15
DA:93,15
DA:95,5
DA:97,1
DA:98,3
DA:100,10
DA:101,10
DA:103,5
DA:106,10
DA:107,5
DA:109,0
DA:110,0
DA:112,10
DA:113,10
DA:115,5
LF:50
LH:48
end_of_record
SF:lib\l10n\app_localizations.dart
DA:66,61
DA:67,122
DA:71,62
DA:72,62
DA:2650,4
DA:2652,61
DA:2654,122
DA:2657,61
DA:2659,183
DA:2661,5
DA:2665,61
DA:2667,61
DA:2668,61
DA:2669,5
DA:2670,58
DA:2671,49
DA:2672,21
DA:2673,21
DA:2676,0
LF:19
LH:18
end_of_record
SF:lib\util\Form\myDropdownMenuEntry.dart
DA:6,8
DA:7,8
DA:10,8
DA:11,14
DA:12,7
DA:14,7
DA:16,21
DA:17,14
DA:23,8
LF:9
LH:9
end_of_record
SF:lib\l10n\app_localizations_ar.dart
DA:9,10
DA:11,1
DA:14,3
DA:17,0
DA:19,0
DA:24,0
DA:27,1
DA:29,1
DA:32,0
DA:34,0
DA:39,0
DA:42,0
DA:44,0
DA:49,0
DA:52,1
DA:54,2
DA:59,1
DA:62,0
DA:64,0
DA:69,0
DA:72,2
DA:74,4
DA:79,2
DA:82,0
DA:84,0
DA:89,0
DA:92,0
DA:94,0
DA:99,0
DA:102,0
DA:104,0
DA:109,0
DA:112,0
DA:114,0
DA:119,0
DA:122,0
DA:124,0
DA:129,0
DA:132,0
DA:134,0
DA:139,0
DA:142,0
DA:144,0
DA:149,0
DA:152,0
DA:154,0
DA:159,0
DA:162,0
DA:164,0
DA:169,0
DA:172,0
DA:174,0
DA:179,0
DA:182,1
DA:184,2
DA:189,1
DA:192,1
DA:194,2
DA:199,1
DA:202,0
DA:204,0
DA:209,0
DA:212,0
DA:214,0
DA:219,0
DA:222,0
DA:224,0
DA:229,0
DA:232,0
DA:234,0
DA:239,0
DA:242,0
DA:244,0
DA:249,0
DA:252,0
DA:254,0
DA:259,0
DA:262,0
DA:264,0
DA:269,0
DA:272,0
DA:274,0
DA:279,0
DA:282,0
DA:284,0
DA:289,0
DA:292,0
DA:294,0
DA:299,0
DA:302,0
DA:304,0
DA:309,0
DA:312,0
DA:314,0
DA:319,0
DA:322,0
DA:324,0
DA:332,0
DA:335,0
DA:337,0
DA:345,0
DA:348,0
DA:350,0
DA:355,0
DA:358,0
DA:360,0
DA:365,0
DA:368,0
DA:370,0
DA:375,0
DA:378,0
DA:380,0
DA:385,0
DA:388,0
DA:390,0
DA:395,0
DA:398,0
DA:400,0
DA:405,0
DA:408,0
DA:410,0
DA:415,0
DA:418,0
DA:420,0
DA:428,0
DA:431,0
DA:433,0
DA:441,0
DA:444,0
DA:446,0
DA:451,0
DA:454,0
DA:457,0
DA:460,0
DA:463,0
DA:466,0
DA:470,0
DA:473,0
DA:476,0
DA:479,0
DA:481,0
DA:486,0
DA:489,0
DA:491,0
DA:496,0
DA:499,0
DA:501,0
DA:506,0
DA:509,0
DA:511,0
DA:516,0
DA:519,0
DA:521,0
DA:526,0
DA:529,0
DA:531,0
DA:536,0
DA:539,0
DA:541,0
DA:546,0
DA:549,0
DA:551,0
DA:556,0
DA:559,0
DA:561,0
DA:566,0
DA:569,0
DA:571,0
DA:576,0
DA:579,0
DA:582,0
DA:585,0
DA:588,0
DA:591,0
DA:594,0
DA:597,0
DA:599,0
DA:604,0
DA:607,0
DA:609,0
DA:617,0
DA:620,0
DA:622,0
DA:627,0
DA:630,0
DA:632,0
DA:637,0
DA:640,0
DA:642,0
DA:647,0
DA:650,0
DA:652,0
DA:657,0
DA:660,0
DA:662,0
DA:670,0
DA:673,0
DA:675,0
DA:683,0
DA:686,0
DA:688,0
DA:693,0
DA:696,0
DA:698,0
DA:706,0
DA:709,1
DA:711,2
DA:716,1
DA:719,1
DA:721,2
DA:726,1
DA:729,1
DA:731,2
DA:736,1
DA:739,1
DA:741,2
DA:746,1
DA:749,0
DA:751,0
DA:756,0
DA:759,0
DA:761,0
DA:766,0
DA:769,0
DA:771,0
DA:776,0
DA:779,0
DA:781,0
DA:786,0
DA:789,0
DA:791,0
DA:796,0
DA:799,0
DA:801,0
DA:809,0
DA:812,0
DA:814,0
DA:819,0
DA:822,0
DA:824,0
DA:829,0
DA:832,0
DA:834,0
DA:842,0
DA:845,0
DA:847,0
DA:852,0
DA:855,0
DA:857,0
DA:862,0
DA:865,0
DA:867,0
DA:872,0
DA:875,0
DA:877,0
DA:882,0
DA:885,0
DA:887,0
DA:892,0
DA:895,0
DA:897,0
DA:905,0
DA:908,0
DA:910,0
DA:915,0
DA:918,0
DA:920,0
DA:925,0
DA:928,0
DA:930,0
DA:935,0
DA:938,1
DA:940,2
DA:945,1
DA:948,1
DA:950,2
DA:955,1
DA:958,1
DA:960,2
DA:965,1
DA:968,1
DA:970,2
DA:975,1
DA:978,0
DA:980,0
DA:985,0
DA:988,0
DA:990,0
DA:995,0
DA:998,1
DA:1000,2
DA:1005,1
DA:1008,0
DA:1010,0
DA:1015,0
DA:1018,0
DA:1020,0
DA:1025,0
DA:1028,0
DA:1030,0
DA:1035,0
DA:1038,0
DA:1040,0
DA:1045,0
DA:1048,0
DA:1050,0
DA:1055,0
DA:1058,0
DA:1060,0
DA:1065,0
DA:1068,0
DA:1070,0
DA:1075,0
DA:1078,0
DA:1080,0
DA:1085,0
DA:1088,1
DA:1090,2
DA:1095,1
DA:1098,1
DA:1100,2
DA:1105,1
DA:1108,1
DA:1111,1
DA:1114,1
DA:1117,1
DA:1121,1
DA:1125,1
DA:1127,2
DA:1135,1
DA:1138,0
DA:1141,0
DA:1144,0
DA:1147,0
DA:1150,0
DA:1153,0
DA:1156,0
DA:1158,0
DA:1163,0
DA:1166,0
DA:1168,0
DA:1173,0
DA:1176,0
DA:1178,0
DA:1183,0
DA:1186,0
DA:1188,0
DA:1196,0
DA:1199,0
DA:1202,0
DA:1205,0
DA:1208,0
DA:1211,0
DA:1214,0
DA:1216,0
DA:1221,0
DA:1224,0
DA:1226,0
DA:1231,0
DA:1234,0
DA:1236,0
DA:1241,0
DA:1244,0
DA:1246,0
DA:1251,0
DA:1254,0
DA:1256,0
DA:1261,0
DA:1264,0
DA:1266,0
DA:1271,0
DA:1274,0
DA:1276,0
DA:1281,0
DA:1284,0
DA:1286,0
DA:1291,0
DA:1294,0
DA:1297,0
DA:1300,0
DA:1304,0
DA:1307,0
DA:1311,0
DA:1314,0
DA:1317,0
DA:1320,0
DA:1323,0
DA:1327,2
DA:1331,1
DA:1335,0
DA:1337,0
DA:1340,0
DA:1342,0
DA:1345,0
DA:1347,0
DA:1352,0
DA:1355,0
DA:1357,0
DA:1362,0
DA:1365,0
DA:1367,0
DA:1372,0
DA:1375,0
DA:1377,0
DA:1382,0
DA:1385,0
DA:1387,0
DA:1392,0
DA:1395,0
DA:1397,0
DA:1402,0
DA:1405,0
DA:1407,0
DA:1412,0
DA:1415,0
DA:1417,0
DA:1422,0
DA:1425,0
DA:1427,0
DA:1432,0
DA:1435,0
DA:1437,0
DA:1442,0
DA:1445,0
DA:1447,0
DA:1452,0
DA:1455,0
DA:1457,0
DA:1462,0
DA:1465,0
DA:1467,0
DA:1472,0
DA:1475,0
DA:1477,0
DA:1482,0
DA:1485,0
DA:1487,0
DA:1492,0
DA:1495,0
DA:1497,0
DA:1502,0
DA:1505,0
DA:1507,0
DA:1512,0
DA:1515,0
DA:1517,0
DA:1522,0
DA:1525,0
DA:1527,0
DA:1532,0
DA:1535,0
DA:1537,0
DA:1542,0
DA:1545,0
DA:1547,0
DA:1552,0
DA:1555,0
DA:1557,0
DA:1562,0
DA:1565,0
DA:1567,0
DA:1572,0
DA:1575,0
DA:1577,0
DA:1582,0
DA:1585,0
DA:1587,0
DA:1592,0
DA:1595,0
DA:1597,0
DA:1602,0
DA:1605,0
DA:1607,0
DA:1612,0
DA:1615,0
DA:1617,0
DA:1622,0
DA:1625,0
DA:1627,0
DA:1632,0
DA:1635,0
DA:1637,0
DA:1642,0
DA:1645,0
DA:1647,0
DA:1652,0
DA:1655,0
DA:1657,0
DA:1662,0
DA:1665,0
DA:1667,0
DA:1672,0
DA:1675,0
DA:1677,0
DA:1682,0
DA:1685,0
DA:1687,0
DA:1692,0
DA:1695,0
DA:1697,0
DA:1702,0
DA:1705,0
DA:1707,0
DA:1712,0
DA:1715,0
DA:1717,0
DA:1722,0
DA:1725,0
DA:1727,0
DA:1732,0
DA:1735,0
DA:1737,0
DA:1742,0
DA:1745,0
DA:1747,0
DA:1752,0
DA:1755,0
DA:1757,0
DA:1762,0
DA:1765,0
DA:1767,0
DA:1772,0
DA:1775,0
DA:1777,0
DA:1782,0
DA:1785,0
DA:1787,0
DA:1792,0
DA:1795,0
DA:1797,0
DA:1802,0
DA:1805,0
DA:1807,0
DA:1812,0
DA:1815,0
DA:1817,0
DA:1822,0
DA:1825,0
DA:1827,0
DA:1832,0
DA:1835,0
DA:1837,0
DA:1842,0
DA:1845,0
DA:1847,0
DA:1852,0
DA:1855,0
DA:1857,0
DA:1862,0
DA:1865,0
DA:1867,0
DA:1872,0
DA:1875,0
DA:1877,0
DA:1882,0
DA:1885,0
DA:1887,0
DA:1892,0
DA:1895,0
DA:1897,0
DA:1902,0
DA:1905,0
DA:1907,0
DA:1912,0
DA:1915,0
DA:1917,0
DA:1922,0
DA:1925,0
DA:1927,0
DA:1932,0
DA:1935,0
DA:1937,0
DA:1942,0
DA:1945,0
DA:1947,0
DA:1952,0
DA:1955,0
DA:1957,0
DA:1962,0
DA:1965,0
DA:1967,0
DA:1972,0
DA:1975,0
DA:1977,0
DA:1982,0
DA:1985,0
DA:1987,0
DA:1992,0
DA:1995,0
DA:1997,0
DA:2002,0
DA:2005,0
DA:2007,0
DA:2012,0
DA:2015,0
DA:2017,0
DA:2022,0
DA:2025,0
DA:2027,0
DA:2032,0
DA:2035,0
DA:2037,0
DA:2042,0
DA:2045,0
DA:2047,0
DA:2052,0
DA:2055,0
DA:2057,0
DA:2062,0
DA:2065,0
DA:2067,0
DA:2072,0
DA:2075,0
DA:2077,0
DA:2082,0
DA:2085,0
DA:2087,0
DA:2092,0
DA:2095,1
DA:2097,2
DA:2102,1
DA:2105,1
DA:2107,2
DA:2112,1
DA:2115,1
DA:2117,2
DA:2122,1
DA:2125,1
DA:2127,2
DA:2132,1
DA:2135,1
DA:2137,2
DA:2142,1
DA:2145,1
DA:2147,2
DA:2152,1
DA:2155,1
DA:2157,2
DA:2162,1
DA:2165,1
DA:2167,2
DA:2172,1
DA:2175,1
DA:2177,2
DA:2182,1
DA:2185,1
DA:2187,2
DA:2192,1
DA:2195,1
DA:2197,2
DA:2202,1
DA:2205,0
DA:2207,0
DA:2212,0
DA:2215,1
DA:2217,2
DA:2222,1
DA:2225,1
DA:2227,2
DA:2232,1
DA:2235,1
DA:2237,2
DA:2242,1
DA:2245,1
DA:2247,2
DA:2252,1
DA:2255,1
DA:2257,2
DA:2262,1
DA:2265,1
DA:2267,2
DA:2272,1
DA:2275,1
DA:2277,2
DA:2282,1
DA:2285,1
DA:2287,2
DA:2292,1
DA:2295,0
DA:2297,0
DA:2302,0
DA:2305,0
DA:2307,0
DA:2312,0
DA:2315,0
DA:2317,0
DA:2322,0
DA:2325,0
DA:2327,0
DA:2332,0
DA:2335,0
DA:2337,0
DA:2342,0
DA:2345,0
DA:2347,0
DA:2352,0
DA:2355,0
DA:2357,0
DA:2362,0
DA:2365,0
DA:2367,0
DA:2372,0
DA:2375,0
DA:2377,0
DA:2382,0
DA:2385,0
DA:2387,0
DA:2392,0
DA:2395,0
DA:2397,0
DA:2402,0
DA:2405,0
DA:2407,0
DA:2412,0
DA:2415,0
DA:2417,0
DA:2422,0
DA:2425,0
DA:2427,0
DA:2432,0
DA:2435,0
DA:2437,0
DA:2442,0
DA:2445,0
DA:2447,0
DA:2454,0
DA:2457,0
DA:2459,0
DA:2464,0
DA:2467,0
DA:2469,0
DA:2474,0
DA:2477,0
DA:2479,0
DA:2484,0
DA:2487,0
DA:2489,0
DA:2494,0
DA:2497,0
DA:2499,0
DA:2504,0
DA:2507,0
DA:2509,0
DA:2514,0
DA:2517,0
DA:2519,0
DA:2524,0
DA:2527,0
DA:2529,0
DA:2534,0
DA:2537,0
DA:2539,0
DA:2544,0
DA:2547,0
DA:2549,0
DA:2554,0
DA:2557,0
DA:2559,0
DA:2564,0
DA:2567,0
DA:2569,0
DA:2574,0
DA:2577,0
DA:2579,0
DA:2584,0
DA:2587,0
DA:2589,0
DA:2594,0
DA:2597,0
DA:2599,0
DA:2604,0
DA:2607,0
DA:2609,0
DA:2614,0
DA:2617,0
DA:2619,0
DA:2624,0
DA:2627,0
DA:2629,0
DA:2634,0
DA:2637,0
DA:2639,0
DA:2647,0
DA:2650,0
DA:2652,0
DA:2657,0
DA:2660,0
DA:2662,0
DA:2667,0
DA:2670,0
DA:2672,0
DA:2677,0
DA:2680,0
DA:2682,0
DA:2687,0
DA:2690,0
DA:2692,0
DA:2697,0
DA:2700,0
DA:2702,0
DA:2707,0
DA:2710,0
DA:2712,0
DA:2717,0
DA:2720,0
DA:2722,0
DA:2727,0
DA:2730,0
DA:2732,0
DA:2737,0
DA:2740,0
DA:2742,0
DA:2747,0
DA:2750,0
DA:2752,0
DA:2757,0
DA:2760,0
DA:2762,0
DA:2767,0
DA:2770,0
DA:2772,0
DA:2777,0
DA:2780,0
DA:2782,0
DA:2787,0
DA:2790,0
DA:2792,0
DA:2797,0
DA:2800,0
DA:2802,0
DA:2807,0
DA:2810,0
DA:2812,0
DA:2817,0
DA:2820,0
DA:2822,0
DA:2827,0
DA:2830,0
DA:2832,0
DA:2837,0
DA:2840,0
DA:2842,0
DA:2847,0
DA:2850,0
DA:2852,0
DA:2857,0
DA:2860,0
DA:2862,0
DA:2867,0
DA:2870,0
DA:2872,0
DA:2877,0
DA:2880,0
DA:2882,0
DA:2887,0
DA:2890,0
DA:2892,0
DA:2897,0
DA:2900,0
DA:2902,0
DA:2907,0
DA:2910,0
DA:2912,0
DA:2917,0
DA:2920,0
DA:2922,0
DA:2927,0
DA:2930,0
DA:2932,0
DA:2937,0
DA:2940,0
DA:2942,0
DA:2947,0
DA:2950,0
DA:2952,0
DA:2957,0
DA:2960,0
DA:2962,0
DA:2967,0
DA:2970,0
DA:2972,0
DA:2977,0
DA:2980,0
DA:2982,0
DA:2987,0
DA:2990,0
DA:2992,0
DA:2997,0
DA:3000,0
DA:3002,0
DA:3007,0
DA:3010,0
DA:3012,0
DA:3017,0
DA:3020,1
DA:3024,1
DA:3028,1
DA:3031,1
DA:3034,1
DA:3036,1
DA:3039,0
DA:3041,0
DA:3046,0
DA:3049,1
DA:3053,0
DA:3056,0
DA:3059,0
DA:3063,0
DA:3065,0
DA:3070,0
DA:3073,0
DA:3075,0
DA:3078,0
DA:3081,0
DA:3084,0
DA:3087,0
DA:3089,0
DA:3092,0
DA:3095,0
DA:3098,1
DA:3101,1
DA:3104,1
DA:3107,0
DA:3110,0
DA:3113,0
DA:3115,0
DA:3118,0
DA:3121,0
DA:3124,0
DA:3127,0
DA:3130,0
DA:3133,0
DA:3136,0
DA:3139,0
DA:3142,0
DA:3145,0
DA:3148,0
DA:3151,0
DA:3154,0
DA:3157,0
DA:3160,0
DA:3163,0
DA:3166,0
DA:3169,0
DA:3172,0
DA:3175,0
DA:3179,0
DA:3182,0
DA:3185,0
DA:3188,0
DA:3191,0
DA:3194,1
DA:3198,1
DA:3202,1
DA:3205,1
DA:3208,1
DA:3211,1
DA:3215,1
DA:3219,1
DA:3223,0
DA:3226,0
DA:3229,0
DA:3232,0
DA:3235,0
DA:3238,0
DA:3242,0
DA:3245,0
DA:3249,0
DA:3252,0
DA:3255,0
DA:3258,0
DA:3261,0
DA:3264,0
DA:3267,0
DA:3270,0
DA:3273,0
DA:3276,0
DA:3279,0
DA:3282,0
DA:3285,0
DA:3288,0
DA:3291,0
DA:3294,0
DA:3297,0
DA:3301,0
DA:3304,0
DA:3308,0
DA:3311,0
DA:3314,0
DA:3317,0
DA:3320,0
DA:3323,0
DA:3327,0
DA:3330,0
DA:3333,0
DA:3337,0
DA:3340,0
DA:3344,0
LF:998
LH:135
end_of_record
SF:lib\l10n\app_localizations_en.dart
DA:9,98
DA:11,3
DA:14,33
DA:17,0
DA:19,0
DA:24,0
DA:27,6
DA:29,6
DA:32,15
DA:34,30
DA:39,15
DA:42,1
DA:44,2
DA:49,1
DA:52,4
DA:54,8
DA:59,4
DA:62,0
DA:64,0
DA:69,0
DA:72,4
DA:74,8
DA:79,4
DA:82,0
DA:84,0
DA:89,0
DA:92,0
DA:94,0
DA:99,0
DA:102,0
DA:104,0
DA:109,0
DA:112,0
DA:114,0
DA:119,0
DA:122,0
DA:124,0
DA:129,0
DA:132,0
DA:134,0
DA:139,0
DA:142,0
DA:144,0
DA:149,0
DA:152,0
DA:154,0
DA:159,0
DA:162,0
DA:164,0
DA:169,0
DA:172,0
DA:174,0
DA:179,0
DA:182,9
DA:184,18
DA:189,9
DA:192,7
DA:194,14
DA:199,7
DA:202,0
DA:204,0
DA:209,0
DA:212,0
DA:214,0
DA:219,0
DA:222,0
DA:224,0
DA:229,0
DA:232,0
DA:234,0
DA:239,0
DA:242,2
DA:244,4
DA:249,2
DA:252,1
DA:254,2
DA:259,1
DA:262,0
DA:264,0
DA:269,0
DA:272,0
DA:274,0
DA:279,0
DA:282,12
DA:284,24
DA:289,12
DA:292,12
DA:294,24
DA:299,12
DA:302,13
DA:304,26
DA:309,13
DA:312,13
DA:314,26
DA:319,13
DA:322,2
DA:324,4
DA:332,2
DA:335,0
DA:337,0
DA:345,0
DA:348,6
DA:350,12
DA:355,6
DA:358,4
DA:360,8
DA:365,4
DA:368,5
DA:370,10
DA:375,5
DA:378,5
DA:380,10
DA:385,5
DA:388,0
DA:390,0
DA:395,0
DA:398,0
DA:400,0
DA:405,0
DA:408,3
DA:410,6
DA:415,3
DA:418,3
DA:420,6
DA:428,3
DA:431,3
DA:433,6
DA:441,3
DA:444,3
DA:446,6
DA:451,3
DA:454,3
DA:457,0
DA:460,0
DA:463,0
DA:466,0
DA:470,0
DA:473,0
DA:477,0
DA:480,0
DA:482,0
DA:487,0
DA:490,0
DA:492,0
DA:497,0
DA:500,0
DA:502,0
DA:507,0
DA:510,3
DA:512,6
DA:517,3
DA:520,0
DA:522,0
DA:527,0
DA:530,3
DA:532,6
DA:537,3
DA:540,5
DA:542,10
DA:547,5
DA:550,5
DA:552,10
DA:557,5
DA:560,5
DA:562,10
DA:567,5
DA:570,4
DA:572,8
DA:577,4
DA:580,3
DA:583,3
DA:586,3
DA:589,3
DA:592,1
DA:595,1
DA:598,3
DA:600,6
DA:605,3
DA:608,3
DA:610,6
DA:618,3
DA:621,3
DA:623,6
DA:630,3
DA:633,0
DA:635,0
DA:640,0
DA:643,0
DA:645,0
DA:650,0
DA:653,2
DA:655,4
DA:660,2
DA:663,2
DA:665,4
DA:673,2
DA:676,2
DA:678,4
DA:686,2
DA:689,2
DA:691,4
DA:696,2
DA:699,2
DA:701,4
DA:709,2
DA:712,7
DA:714,14
DA:719,7
DA:722,7
DA:724,14
DA:732,7
DA:735,6
DA:737,12
DA:742,6
DA:745,6
DA:747,12
DA:752,6
DA:755,4
DA:757,8
DA:762,4
DA:765,6
DA:767,12
DA:775,6
DA:778,3
DA:780,6
DA:785,3
DA:788,3
DA:790,6
DA:795,3
DA:798,4
DA:800,8
DA:808,4
DA:811,7
DA:813,14
DA:821,7
DA:824,3
DA:826,6
DA:831,3
DA:834,3
DA:836,6
DA:841,3
DA:844,5
DA:846,10
DA:854,5
DA:857,7
DA:859,14
DA:864,7
DA:867,4
DA:869,8
DA:874,4
DA:877,4
DA:879,8
DA:884,4
DA:887,1
DA:889,2
DA:894,1
DA:897,1
DA:899,2
DA:904,1
DA:907,6
DA:909,12
DA:917,6
DA:920,2
DA:922,4
DA:930,2
DA:933,3
DA:935,6
DA:940,3
DA:943,3
DA:945,6
DA:950,3
DA:953,8
DA:955,16
DA:960,8
DA:963,13
DA:965,26
DA:970,13
DA:973,11
DA:975,22
DA:980,11
DA:983,6
DA:985,12
DA:990,6
DA:993,2
DA:995,4
DA:1000,2
DA:1003,3
DA:1005,6
DA:1010,3
DA:1013,8
DA:1015,16
DA:1020,8
DA:1023,7
DA:1025,14
DA:1030,7
DA:1033,0
DA:1035,0
DA:1040,0
DA:1043,4
DA:1045,8
DA:1050,4
DA:1053,5
DA:1055,10
DA:1060,5
DA:1063,4
DA:1065,8
DA:1070,4
DA:1073,3
DA:1075,6
DA:1080,3
DA:1083,3
DA:1085,6
DA:1090,3
DA:1093,3
DA:1095,6
DA:1100,3
DA:1103,1
DA:1105,2
DA:1110,1
DA:1113,1
DA:1115,2
DA:1120,1
DA:1123,1
DA:1126,1
DA:1129,1
DA:1132,1
DA:1136,1
DA:1140,1
DA:1142,2
DA:1150,1
DA:1153,2
DA:1156,4
DA:1159,4
DA:1162,2
DA:1165,0
DA:1168,0
DA:1171,1
DA:1173,2
DA:1178,1
DA:1181,0
DA:1183,0
DA:1188,0
DA:1191,1
DA:1193,2
DA:1198,1
DA:1201,1
DA:1203,2
DA:1211,1
DA:1214,5
DA:1217,5
DA:1220,0
DA:1223,5
DA:1226,5
DA:1229,10
DA:1231,20
DA:1236,10
DA:1239,0
DA:1241,0
DA:1246,0
DA:1249,0
DA:1251,0
DA:1256,0
DA:1259,0
DA:1261,0
DA:1266,0
DA:1269,0
DA:1271,0
DA:1276,0
DA:1279,0
DA:1281,0
DA:1286,0
DA:1289,1
DA:1291,2
DA:1296,1
DA:1299,3
DA:1301,6
DA:1306,3
DA:1309,2
DA:1312,1
DA:1315,0
DA:1319,2
DA:1322,0
DA:1326,1
DA:1329,1
DA:1332,1
DA:1335,1
DA:1338,0
DA:1342,4
DA:1346,3
DA:1350,0
DA:1352,0
DA:1355,6
DA:1357,6
DA:1360,0
DA:1362,0
DA:1367,0
DA:1370,6
DA:1372,12
DA:1377,6
DA:1380,6
DA:1382,12
DA:1387,6
DA:1390,6
DA:1392,12
DA:1397,6
DA:1400,6
DA:1402,12
DA:1407,6
DA:1410,6
DA:1412,12
DA:1417,6
DA:1420,6
DA:1422,12
DA:1427,6
DA:1430,6
DA:1432,12
DA:1437,6
DA:1440,6
DA:1442,12
DA:1447,6
DA:1450,6
DA:1452,12
DA:1457,6
DA:1460,6
DA:1462,12
DA:1467,6
DA:1470,6
DA:1472,12
DA:1477,6
DA:1480,6
DA:1482,12
DA:1487,6
DA:1490,6
DA:1492,12
DA:1497,6
DA:1500,6
DA:1502,12
DA:1507,6
DA:1510,6
DA:1512,12
DA:1517,6
DA:1520,6
DA:1522,12
DA:1527,6
DA:1530,6
DA:1532,12
DA:1537,6
DA:1540,6
DA:1542,12
DA:1547,6
DA:1550,6
DA:1552,12
DA:1557,6
DA:1560,6
DA:1562,12
DA:1567,6
DA:1570,0
DA:1572,0
DA:1577,0
DA:1580,0
DA:1582,0
DA:1587,0
DA:1590,0
DA:1592,0
DA:1597,0
DA:1600,0
DA:1602,0
DA:1607,0
DA:1610,0
DA:1612,0
DA:1617,0
DA:1620,0
DA:1622,0
DA:1627,0
DA:1630,0
DA:1632,0
DA:1637,0
DA:1640,0
DA:1642,0
DA:1647,0
DA:1650,0
DA:1652,0
DA:1657,0
DA:1660,0
DA:1662,0
DA:1667,0
DA:1670,0
DA:1672,0
DA:1677,0
DA:1680,0
DA:1682,0
DA:1687,0
DA:1690,0
DA:1692,0
DA:1697,0
DA:1700,0
DA:1702,0
DA:1707,0
DA:1710,0
DA:1712,0
DA:1717,0
DA:1720,0
DA:1722,0
DA:1727,0
DA:1730,0
DA:1732,0
DA:1737,0
DA:1740,0
DA:1742,0
DA:1747,0
DA:1750,0
DA:1752,0
DA:1757,0
DA:1760,0
DA:1762,0
DA:1767,0
DA:1770,0
DA:1772,0
DA:1777,0
DA:1780,13
DA:1782,26
DA:1787,13
DA:1790,13
DA:1792,26
DA:1797,13
DA:1800,13
DA:1802,26
DA:1807,13
DA:1810,13
DA:1812,26
DA:1817,13
DA:1820,13
DA:1822,26
DA:1827,13
DA:1830,13
DA:1832,26
DA:1837,13
DA:1840,13
DA:1842,26
DA:1847,13
DA:1850,13
DA:1852,26
DA:1857,13
DA:1860,13
DA:1862,26
DA:1867,13
DA:1870,13
DA:1872,26
DA:1877,13
DA:1880,13
DA:1882,26
DA:1887,13
DA:1890,13
DA:1892,26
DA:1897,13
DA:1900,12
DA:1902,24
DA:1907,12
DA:1910,12
DA:1912,24
DA:1917,12
DA:1920,12
DA:1922,24
DA:1927,12
DA:1930,12
DA:1932,24
DA:1937,12
DA:1940,12
DA:1942,24
DA:1947,12
DA:1950,12
DA:1952,24
DA:1957,12
DA:1960,12
DA:1962,24
DA:1967,12
DA:1970,12
DA:1972,24
DA:1977,12
DA:1980,12
DA:1982,24
DA:1987,12
DA:1990,12
DA:1992,24
DA:1997,12
DA:2000,12
DA:2002,24
DA:2007,12
DA:2010,0
DA:2012,0
DA:2017,0
DA:2020,12
DA:2022,24
DA:2027,12
DA:2030,12
DA:2032,24
DA:2037,12
DA:2040,12
DA:2042,24
DA:2047,12
DA:2050,12
DA:2052,24
DA:2057,12
DA:2060,12
DA:2062,24
DA:2067,12
DA:2070,12
DA:2072,24
DA:2077,12
DA:2080,12
DA:2082,24
DA:2087,12
DA:2090,12
DA:2092,24
DA:2097,12
DA:2100,12
DA:2102,24
DA:2107,12
DA:2110,6
DA:2112,12
DA:2117,6
DA:2120,6
DA:2122,12
DA:2127,6
DA:2130,6
DA:2132,12
DA:2137,6
DA:2140,6
DA:2142,12
DA:2147,6
DA:2150,6
DA:2152,12
DA:2157,6
DA:2160,6
DA:2162,12
DA:2167,6
DA:2170,6
DA:2172,12
DA:2177,6
DA:2180,6
DA:2182,12
DA:2187,6
DA:2190,6
DA:2192,12
DA:2197,6
DA:2200,6
DA:2202,12
DA:2207,6
DA:2210,6
DA:2212,12
DA:2217,6
DA:2220,0
DA:2222,0
DA:2227,0
DA:2230,6
DA:2232,12
DA:2237,6
DA:2240,6
DA:2242,12
DA:2247,6
DA:2250,6
DA:2252,12
DA:2257,6
DA:2260,6
DA:2262,12
DA:2267,6
DA:2270,6
DA:2272,12
DA:2277,6
DA:2280,6
DA:2282,12
DA:2287,6
DA:2290,6
DA:2292,12
DA:2297,6
DA:2300,6
DA:2302,12
DA:2307,6
DA:2310,4
DA:2312,8
DA:2317,4
DA:2320,4
DA:2322,8
DA:2330,4
DA:2333,4
DA:2335,8
DA:2340,4
DA:2343,4
DA:2345,8
DA:2350,4
DA:2353,4
DA:2355,8
DA:2360,4
DA:2363,4
DA:2365,8
DA:2370,4
DA:2373,4
DA:2375,8
DA:2380,4
DA:2383,4
DA:2385,8
DA:2390,4
DA:2393,4
DA:2395,8
DA:2400,4
DA:2403,4
DA:2405,8
DA:2410,4
DA:2413,4
DA:2415,8
DA:2420,4
DA:2423,0
DA:2425,0
DA:2430,0
DA:2433,4
DA:2435,8
DA:2440,4
DA:2443,4
DA:2445,8
DA:2450,4
DA:2453,4
DA:2455,8
DA:2460,4
DA:2463,4
DA:2465,8
DA:2473,4
DA:2476,4
DA:2478,8
DA:2483,4
DA:2486,3
DA:2488,6
DA:2493,3
DA:2496,3
DA:2498,6
DA:2503,3
DA:2506,3
DA:2508,6
DA:2513,3
DA:2516,3
DA:2518,6
DA:2523,3
DA:2526,3
DA:2528,6
DA:2533,3
DA:2536,3
DA:2538,6
DA:2543,3
DA:2546,3
DA:2548,6
DA:2553,3
DA:2556,3
DA:2558,6
DA:2563,3
DA:2566,3
DA:2568,6
DA:2573,3
DA:2576,3
DA:2578,6
DA:2583,3
DA:2586,3
DA:2588,6
DA:2593,3
DA:2596,0
DA:2598,0
DA:2603,0
DA:2606,3
DA:2608,6
DA:2613,3
DA:2616,3
DA:2618,6
DA:2623,3
DA:2626,3
DA:2628,6
DA:2633,3
DA:2636,3
DA:2638,6
DA:2643,3
DA:2646,3
DA:2648,6
DA:2653,3
DA:2656,3
DA:2658,6
DA:2666,3
DA:2669,3
DA:2671,6
DA:2676,3
DA:2679,3
DA:2681,6
DA:2689,3
DA:2692,3
DA:2694,6
DA:2699,3
DA:2702,3
DA:2704,6
DA:2709,3
DA:2712,3
DA:2714,6
DA:2719,3
DA:2722,3
DA:2724,6
DA:2729,3
DA:2732,3
DA:2734,6
DA:2739,3
DA:2742,3
DA:2744,6
DA:2749,3
DA:2752,3
DA:2754,6
DA:2759,3
DA:2762,3
DA:2764,6
DA:2769,3
DA:2772,3
DA:2774,6
DA:2779,3
DA:2782,3
DA:2784,6
DA:2789,3
DA:2792,3
DA:2794,6
DA:2799,3
DA:2802,3
DA:2804,6
DA:2809,3
DA:2812,0
DA:2814,0
DA:2819,0
DA:2822,3
DA:2824,6
DA:2829,3
DA:2832,3
DA:2834,6
DA:2839,3
DA:2842,3
DA:2844,6
DA:2849,3
DA:2852,3
DA:2854,6
DA:2862,3
DA:2865,3
DA:2867,6
DA:2872,3
DA:2875,3
DA:2877,6
DA:2882,3
DA:2885,3
DA:2887,6
DA:2892,3
DA:2895,3
DA:2897,6
DA:2902,3
DA:2905,3
DA:2907,6
DA:2912,3
DA:2915,3
DA:2917,6
DA:2922,3
DA:2925,3
DA:2927,6
DA:2932,3
DA:2935,3
DA:2937,6
DA:2942,3
DA:2945,3
DA:2947,6
DA:2952,3
DA:2955,3
DA:2957,6
DA:2962,3
DA:2965,3
DA:2967,6
DA:2972,3
DA:2975,3
DA:2977,6
DA:2982,3
DA:2985,3
DA:2987,6
DA:2992,3
DA:2995,3
DA:2997,6
DA:3002,3
DA:3005,3
DA:3007,6
DA:3012,3
DA:3015,3
DA:3017,6
DA:3022,3
DA:3025,3
DA:3027,6
DA:3032,3
DA:3035,3
DA:3037,6
DA:3042,3
DA:3045,0
DA:3049,0
DA:3053,0
DA:3056,0
DA:3059,0
DA:3061,0
DA:3064,5
DA:3066,10
DA:3071,5
DA:3074,4
DA:3078,4
DA:3081,4
DA:3084,1
DA:3088,5
DA:3090,10
DA:3098,5
DA:3101,1
DA:3103,1
DA:3106,1
DA:3109,1
DA:3112,1
DA:3115,1
DA:3117,1
DA:3120,6
DA:3123,17
DA:3126,7
DA:3129,7
DA:3132,7
DA:3135,9
DA:3138,9
DA:3141,4
DA:3143,4
DA:3146,8
DA:3149,8
DA:3152,5
DA:3155,3
DA:3158,2
DA:3161,2
DA:3164,3
DA:3168,2
DA:3172,3
DA:3175,3
DA:3178,1
DA:3181,1
DA:3184,1
DA:3187,0
DA:3191,1
DA:3194,1
DA:3197,1
DA:3200,1
DA:3203,1
DA:3206,1
DA:3210,1
DA:3213,1
DA:3216,1
DA:3219,1
DA:3222,1
DA:3226,1
DA:3230,4
DA:3234,4
DA:3237,4
DA:3240,4
DA:3243,4
DA:3247,3
DA:3251,3
DA:3254,0
DA:3257,0
DA:3260,0
DA:3263,0
DA:3266,2
DA:3269,2
DA:3273,0
DA:3276,0
DA:3280,0
DA:3283,2
DA:3286,2
DA:3289,2
DA:3292,2
DA:3295,2
DA:3298,2
DA:3301,1
DA:3304,1
DA:3307,2
DA:3310,1
DA:3313,2
DA:3316,2
DA:3319,2
DA:3322,0
DA:3325,1
DA:3328,1
DA:3331,1
DA:3334,0
DA:3338,0
DA:3341,0
DA:3344,1
DA:3347,1
DA:3350,1
DA:3353,0
DA:3356,0
DA:3359,0
DA:3362,0
DA:3366,0
DA:3369,0
DA:3373,0
LF:998
LH:775
end_of_record
SF:lib\l10n\app_localizations_he.dart
DA:9,42
DA:11,1
DA:14,18
DA:17,0
DA:19,0
DA:24,0
DA:27,7
DA:29,7
DA:32,7
DA:34,14
DA:39,7
DA:42,0
DA:44,0
DA:49,0
DA:52,2
DA:54,4
DA:59,2
DA:62,0
DA:64,0
DA:69,0
DA:72,2
DA:74,4
DA:79,2
DA:82,0
DA:84,0
DA:89,0
DA:92,0
DA:94,0
DA:99,0
DA:102,0
DA:104,0
DA:109,0
DA:112,0
DA:114,0
DA:119,0
DA:122,0
DA:124,0
DA:129,0
DA:132,0
DA:134,0
DA:139,0
DA:142,0
DA:144,0
DA:149,0
DA:152,0
DA:154,0
DA:159,0
DA:162,0
DA:164,0
DA:169,0
DA:172,0
DA:174,0
DA:179,0
DA:182,9
DA:184,18
DA:189,9
DA:192,8
DA:194,16
DA:199,8
DA:202,0
DA:204,0
DA:209,0
DA:212,0
DA:214,0
DA:219,0
DA:222,0
DA:224,0
DA:229,0
DA:232,0
DA:234,0
DA:239,0
DA:242,1
DA:244,2
DA:249,1
DA:252,2
DA:254,4
DA:259,2
DA:262,0
DA:264,0
DA:269,0
DA:272,0
DA:274,0
DA:279,0
DA:282,7
DA:284,14
DA:289,7
DA:292,7
DA:294,14
DA:299,7
DA:302,7
DA:304,14
DA:309,7
DA:312,7
DA:314,14
DA:319,7
DA:322,0
DA:324,0
DA:332,0
DA:335,0
DA:337,0
DA:345,0
DA:348,7
DA:350,14
DA:355,7
DA:358,4
DA:360,8
DA:365,4
DA:368,7
DA:370,14
DA:375,7
DA:378,7
DA:380,14
DA:385,7
DA:388,0
DA:390,0
DA:395,0
DA:398,0
DA:400,0
DA:405,0
DA:408,1
DA:410,2
DA:415,1
DA:418,1
DA:420,2
DA:428,1
DA:431,1
DA:433,2
DA:440,1
DA:443,1
DA:445,2
DA:450,1
DA:453,1
DA:456,1
DA:459,1
DA:462,1
DA:465,1
DA:469,1
DA:472,1
DA:475,1
DA:478,0
DA:480,0
DA:485,0
DA:488,0
DA:490,0
DA:495,0
DA:498,0
DA:500,0
DA:505,0
DA:508,1
DA:510,2
DA:515,1
DA:518,0
DA:520,0
DA:525,0
DA:528,1
DA:530,2
DA:535,1
DA:538,3
DA:540,6
DA:545,3
DA:548,3
DA:550,6
DA:555,3
DA:558,3
DA:560,6
DA:565,3
DA:568,4
DA:570,8
DA:575,4
DA:578,1
DA:581,1
DA:584,1
DA:587,1
DA:590,0
DA:593,0
DA:596,2
DA:598,4
DA:603,2
DA:606,2
DA:608,4
DA:613,2
DA:616,2
DA:618,4
DA:623,2
DA:626,0
DA:628,0
DA:633,0
DA:636,0
DA:638,0
DA:643,0
DA:646,1
DA:648,2
DA:653,1
DA:656,1
DA:658,2
DA:666,1
DA:669,1
DA:671,2
DA:677,1
DA:680,2
DA:682,4
DA:687,2
DA:690,2
DA:692,4
DA:700,2
DA:703,6
DA:705,12
DA:710,6
DA:713,9
DA:715,18
DA:720,9
DA:723,4
DA:725,8
DA:730,4
DA:733,4
DA:735,8
DA:740,4
DA:743,6
DA:745,12
DA:750,6
DA:753,9
DA:755,18
DA:760,9
DA:763,4
DA:765,8
DA:770,4
DA:773,4
DA:775,8
DA:780,4
DA:783,6
DA:785,12
DA:790,6
DA:793,9
DA:795,18
DA:803,9
DA:806,4
DA:808,8
DA:813,4
DA:816,4
DA:818,8
DA:823,4
DA:826,6
DA:828,12
DA:836,6
DA:839,9
DA:841,18
DA:846,9
DA:849,4
DA:851,8
DA:856,4
DA:859,4
DA:861,8
DA:866,4
DA:869,0
DA:871,0
DA:876,0
DA:879,0
DA:881,0
DA:886,0
DA:889,5
DA:891,10
DA:899,5
DA:902,4
DA:904,8
DA:909,4
DA:912,0
DA:914,0
DA:919,0
DA:922,0
DA:924,0
DA:929,0
DA:932,0
DA:934,0
DA:939,0
DA:942,1
DA:944,2
DA:949,1
DA:952,8
DA:954,16
DA:959,8
DA:962,5
DA:964,10
DA:969,5
DA:972,1
DA:974,2
DA:979,1
DA:982,0
DA:984,0
DA:989,0
DA:992,2
DA:994,4
DA:999,2
DA:1002,2
DA:1004,4
DA:1009,2
DA:1012,0
DA:1014,0
DA:1019,0
DA:1022,4
DA:1024,8
DA:1029,4
DA:1032,7
DA:1034,14
DA:1039,7
DA:1042,2
DA:1044,4
DA:1049,2
DA:1052,1
DA:1054,2
DA:1059,1
DA:1062,1
DA:1064,2
DA:1069,1
DA:1072,0
DA:1074,0
DA:1079,0
DA:1082,1
DA:1084,2
DA:1089,1
DA:1092,1
DA:1094,2
DA:1099,1
DA:1102,1
DA:1105,1
DA:1108,1
DA:1111,1
DA:1115,1
DA:1119,1
DA:1121,2
DA:1126,1
DA:1129,1
DA:1132,0
DA:1135,0
DA:1138,1
DA:1141,1
DA:1144,1
DA:1147,1
DA:1149,2
DA:1154,1
DA:1157,1
DA:1159,2
DA:1164,1
DA:1167,2
DA:1169,4
DA:1174,2
DA:1177,2
DA:1179,4
DA:1187,2
DA:1190,3
DA:1193,3
DA:1196,0
DA:1199,3
DA:1202,3
DA:1205,7
DA:1207,14
DA:1212,7
DA:1215,1
DA:1217,2
DA:1222,1
DA:1225,0
DA:1227,0
DA:1232,0
DA:1235,0
DA:1237,0
DA:1242,0
DA:1245,0
DA:1247,0
DA:1252,0
DA:1255,0
DA:1257,0
DA:1262,0
DA:1265,2
DA:1267,4
DA:1272,2
DA:1275,1
DA:1277,2
DA:1282,1
DA:1285,1
DA:1288,1
DA:1291,0
DA:1294,0
DA:1297,0
DA:1301,2
DA:1304,2
DA:1307,2
DA:1310,2
DA:1313,0
DA:1317,2
DA:1321,1
DA:1325,0
DA:1327,0
DA:1330,0
DA:1332,0
DA:1335,0
DA:1337,0
DA:1342,0
DA:1345,7
DA:1347,14
DA:1352,7
DA:1355,7
DA:1357,14
DA:1362,7
DA:1365,7
DA:1367,14
DA:1372,7
DA:1375,7
DA:1377,14
DA:1382,7
DA:1385,7
DA:1387,14
DA:1392,7
DA:1395,7
DA:1397,14
DA:1402,7
DA:1405,7
DA:1407,14
DA:1412,7
DA:1415,7
DA:1417,14
DA:1422,7
DA:1425,7
DA:1427,14
DA:1432,7
DA:1435,7
DA:1437,14
DA:1442,7
DA:1445,7
DA:1447,14
DA:1452,7
DA:1455,7
DA:1457,14
DA:1462,7
DA:1465,7
DA:1467,14
DA:1472,7
DA:1475,7
DA:1477,14
DA:1482,7
DA:1485,7
DA:1487,14
DA:1492,7
DA:1495,7
DA:1497,14
DA:1502,7
DA:1505,7
DA:1507,14
DA:1512,7
DA:1515,7
DA:1517,14
DA:1522,7
DA:1525,7
DA:1527,14
DA:1532,7
DA:1535,7
DA:1537,14
DA:1542,7
DA:1545,0
DA:1547,0
DA:1552,0
DA:1555,0
DA:1557,0
DA:1562,0
DA:1565,0
DA:1567,0
DA:1572,0
DA:1575,0
DA:1577,0
DA:1582,0
DA:1585,0
DA:1587,0
DA:1592,0
DA:1595,0
DA:1597,0
DA:1602,0
DA:1605,0
DA:1607,0
DA:1612,0
DA:1615,0
DA:1617,0
DA:1622,0
DA:1625,0
DA:1627,0
DA:1632,0
DA:1635,0
DA:1637,0
DA:1642,0
DA:1645,0
DA:1647,0
DA:1652,0
DA:1655,0
DA:1657,0
DA:1662,0
DA:1665,0
DA:1667,0
DA:1672,0
DA:1675,0
DA:1677,0
DA:1682,0
DA:1685,0
DA:1687,0
DA:1692,0
DA:1695,0
DA:1697,0
DA:1702,0
DA:1705,0
DA:1707,0
DA:1712,0
DA:1715,0
DA:1717,0
DA:1722,0
DA:1725,0
DA:1727,0
DA:1732,0
DA:1735,0
DA:1737,0
DA:1742,0
DA:1745,0
DA:1747,0
DA:1752,0
DA:1755,7
DA:1757,14
DA:1762,7
DA:1765,7
DA:1767,14
DA:1772,7
DA:1775,7
DA:1777,14
DA:1782,7
DA:1785,7
DA:1787,14
DA:1792,7
DA:1795,7
DA:1797,14
DA:1802,7
DA:1805,7
DA:1807,14
DA:1812,7
DA:1815,7
DA:1817,14
DA:1822,7
DA:1825,7
DA:1827,14
DA:1832,7
DA:1835,7
DA:1837,14
DA:1842,7
DA:1845,7
DA:1847,14
DA:1852,7
DA:1855,7
DA:1857,14
DA:1862,7
DA:1865,7
DA:1867,14
DA:1872,7
DA:1875,7
DA:1877,14
DA:1882,7
DA:1885,7
DA:1887,14
DA:1892,7
DA:1895,7
DA:1897,14
DA:1902,7
DA:1905,7
DA:1907,14
DA:1912,7
DA:1915,7
DA:1917,14
DA:1922,7
DA:1925,7
DA:1927,14
DA:1932,7
DA:1935,7
DA:1937,14
DA:1942,7
DA:1945,7
DA:1947,14
DA:1952,7
DA:1955,7
DA:1957,14
DA:1962,7
DA:1965,7
DA:1967,14
DA:1972,7
DA:1975,7
DA:1977,14
DA:1982,7
DA:1985,0
DA:1987,0
DA:1992,0
DA:1995,7
DA:1997,14
DA:2002,7
DA:2005,7
DA:2007,14
DA:2012,7
DA:2015,7
DA:2017,14
DA:2022,7
DA:2025,7
DA:2027,14
DA:2032,7
DA:2035,7
DA:2037,14
DA:2042,7
DA:2045,7
DA:2047,14
DA:2052,7
DA:2055,7
DA:2057,14
DA:2062,7
DA:2065,7
DA:2067,14
DA:2072,7
DA:2075,7
DA:2077,14
DA:2082,7
DA:2085,4
DA:2087,8
DA:2092,4
DA:2095,4
DA:2097,8
DA:2102,4
DA:2105,4
DA:2107,8
DA:2112,4
DA:2115,4
DA:2117,8
DA:2122,4
DA:2125,4
DA:2127,8
DA:2132,4
DA:2135,4
DA:2137,8
DA:2142,4
DA:2145,4
DA:2147,8
DA:2152,4
DA:2155,4
DA:2157,8
DA:2162,4
DA:2165,4
DA:2167,8
DA:2172,4
DA:2175,4
DA:2177,8
DA:2182,4
DA:2185,4
DA:2187,8
DA:2192,4
DA:2195,0
DA:2197,0
DA:2202,0
DA:2205,4
DA:2207,8
DA:2212,4
DA:2215,4
DA:2217,8
DA:2222,4
DA:2225,4
DA:2227,8
DA:2232,4
DA:2235,4
DA:2237,8
DA:2242,4
DA:2245,4
DA:2247,8
DA:2252,4
DA:2255,4
DA:2257,8
DA:2262,4
DA:2265,4
DA:2267,8
DA:2272,4
DA:2275,4
DA:2277,8
DA:2282,4
DA:2285,4
DA:2287,8
DA:2292,4
DA:2295,4
DA:2297,8
DA:2302,4
DA:2305,4
DA:2307,8
DA:2312,4
DA:2315,4
DA:2317,8
DA:2322,4
DA:2325,4
DA:2327,8
DA:2332,4
DA:2335,4
DA:2337,8
DA:2342,4
DA:2345,4
DA:2347,8
DA:2352,4
DA:2355,4
DA:2357,8
DA:2362,4
DA:2365,4
DA:2367,8
DA:2372,4
DA:2375,4
DA:2377,8
DA:2382,4
DA:2385,4
DA:2387,8
DA:2392,4
DA:2395,0
DA:2397,0
DA:2402,0
DA:2405,4
DA:2407,8
DA:2412,4
DA:2415,4
DA:2417,8
DA:2422,4
DA:2425,4
DA:2427,8
DA:2432,4
DA:2435,4
DA:2437,8
DA:2444,4
DA:2447,4
DA:2449,8
DA:2454,4
DA:2457,4
DA:2459,8
DA:2464,4
DA:2467,4
DA:2469,8
DA:2474,4
DA:2477,4
DA:2479,8
DA:2484,4
DA:2487,4
DA:2489,8
DA:2494,4
DA:2497,4
DA:2499,8
DA:2504,4
DA:2507,4
DA:2509,8
DA:2514,4
DA:2517,4
DA:2519,8
DA:2524,4
DA:2527,4
DA:2529,8
DA:2534,4
DA:2537,4
DA:2539,8
DA:2544,4
DA:2547,4
DA:2549,8
DA:2554,4
DA:2557,4
DA:2559,8
DA:2564,4
DA:2567,0
DA:2569,0
DA:2574,0
DA:2577,4
DA:2579,8
DA:2584,4
DA:2587,4
DA:2589,8
DA:2594,4
DA:2597,4
DA:2599,8
DA:2604,4
DA:2607,4
DA:2609,8
DA:2614,4
DA:2617,4
DA:2619,8
DA:2624,4
DA:2627,4
DA:2629,8
DA:2635,4
DA:2638,4
DA:2640,8
DA:2645,4
DA:2648,4
DA:2650,8
DA:2655,4
DA:2658,4
DA:2660,8
DA:2665,4
DA:2668,4
DA:2670,8
DA:2675,4
DA:2678,4
DA:2680,8
DA:2685,4
DA:2688,4
DA:2690,8
DA:2695,4
DA:2698,4
DA:2700,8
DA:2705,4
DA:2708,4
DA:2710,8
DA:2715,4
DA:2718,4
DA:2720,8
DA:2725,4
DA:2728,4
DA:2730,8
DA:2735,4
DA:2738,4
DA:2740,8
DA:2745,4
DA:2748,4
DA:2750,8
DA:2755,4
DA:2758,4
DA:2760,8
DA:2765,4
DA:2768,4
DA:2770,8
DA:2775,4
DA:2778,0
DA:2780,0
DA:2785,0
DA:2788,4
DA:2790,8
DA:2795,4
DA:2798,4
DA:2800,8
DA:2805,4
DA:2808,4
DA:2810,8
DA:2815,4
DA:2818,4
DA:2820,8
DA:2825,4
DA:2828,4
DA:2830,8
DA:2835,4
DA:2838,4
DA:2840,8
DA:2845,4
DA:2848,4
DA:2850,8
DA:2855,4
DA:2858,4
DA:2860,8
DA:2865,4
DA:2868,4
DA:2870,8
DA:2875,4
DA:2878,4
DA:2880,8
DA:2885,4
DA:2888,4
DA:2890,8
DA:2895,4
DA:2898,4
DA:2900,8
DA:2905,4
DA:2908,4
DA:2910,8
DA:2915,4
DA:2918,4
DA:2920,8
DA:2925,4
DA:2928,4
DA:2930,8
DA:2935,4
DA:2938,4
DA:2940,8
DA:2945,4
DA:2948,4
DA:2950,8
DA:2955,4
DA:2958,4
DA:2960,8
DA:2965,4
DA:2968,4
DA:2970,8
DA:2975,4
DA:2978,4
DA:2980,8
DA:2985,4
DA:2988,4
DA:2990,8
DA:2995,4
DA:2998,4
DA:3000,8
DA:3005,4
DA:3008,1
DA:3012,1
DA:3016,1
DA:3019,1
DA:3022,1
DA:3024,1
DA:3027,3
DA:3029,6
DA:3034,3
DA:3037,1
DA:3041,4
DA:3044,4
DA:3047,1
DA:3051,3
DA:3053,6
DA:3061,3
DA:3064,0
DA:3066,0
DA:3069,0
DA:3072,0
DA:3075,0
DA:3078,0
DA:3080,0
DA:3083,7
DA:3086,7
DA:3089,8
DA:3092,8
DA:3095,8
DA:3098,8
DA:3101,8
DA:3104,1
DA:3106,1
DA:3109,1
DA:3112,1
DA:3115,7
DA:3118,2
DA:3121,0
DA:3124,0
DA:3127,1
DA:3130,1
DA:3133,0
DA:3136,0
DA:3139,1
DA:3142,0
DA:3145,0
DA:3148,0
DA:3151,0
DA:3154,0
DA:3157,0
DA:3160,0
DA:3163,0
DA:3166,0
DA:3170,0
DA:3173,0
DA:3176,0
DA:3179,1
DA:3182,0
DA:3185,0
DA:3189,1
DA:3193,1
DA:3196,1
DA:3199,1
DA:3202,1
DA:3206,1
DA:3210,1
DA:3213,1
DA:3216,1
DA:3219,1
DA:3222,1
DA:3225,0
DA:3228,0
DA:3232,0
DA:3235,0
DA:3239,0
DA:3242,0
DA:3245,0
DA:3248,0
DA:3251,0
DA:3254,0
DA:3257,0
DA:3260,0
DA:3263,0
DA:3266,0
DA:3269,0
DA:3272,0
DA:3275,0
DA:3278,0
DA:3281,0
DA:3284,0
DA:3287,0
DA:3290,0
DA:3293,0
DA:3296,0
DA:3299,0
DA:3302,0
DA:3305,0
DA:3308,0
DA:3311,0
DA:3314,0
DA:3317,0
DA:3320,0
DA:3324,1
DA:3327,1
DA:3331,1
LF:998
LH:724
end_of_record
SF:lib\main_menu_dialog.dart
DA:16,1
DA:17,2
DA:22,1
DA:23,2
DA:28,1
DA:29,2
DA:30,1
DA:36,0
DA:40,4
DA:51,4
DA:52,4
DA:53,4
DA:54,8
DA:55,8
DA:56,8
DA:57,4
DA:58,4
DA:59,4
DA:60,4
DA:61,4
DA:62,12
DA:63,8
DA:64,12
DA:66,8
DA:67,4
DA:73,4
DA:74,20
DA:75,20
DA:78,16
DA:80,4
DA:83,8
DA:87,4
DA:92,4
DA:95,0
DA:96,0
DA:99,4
DA:100,4
DA:102,4
DA:104,4
DA:106,1
DA:107,1
DA:108,2
DA:114,4
DA:115,4
DA:116,4
DA:120,4
DA:122,12
DA:124,4
DA:125,12
DA:128,4
DA:130,4
DA:131,4
DA:134,4
DA:135,4
DA:137,4
DA:144,4
DA:146,4
DA:147,1
DA:148,2
DA:149,1
DA:151,1
DA:152,2
DA:154,1
DA:163,4
DA:165,4
DA:166,1
DA:167,2
DA:168,1
DA:170,3
DA:176,4
DA:179,4
DA:180,1
DA:181,1
DA:194,4
DA:201,4
DA:204,4
DA:207,12
DA:212,4
DA:219,4
DA:223,4
DA:225,4
DA:226,1
DA:227,1
DA:228,2
LF:84
LH:81
end_of_record
SF:lib\pages\UserSettings.dart
DA:31,3
DA:39,3
DA:40,3
DA:55,6
DA:58,9
DA:60,0
DA:65,0
DA:69,0
DA:71,0
DA:72,0
DA:73,0
DA:77,3
DA:78,3
DA:79,3
DA:80,1
DA:82,3
DA:83,3
DA:86,0
DA:90,3
DA:91,3
DA:92,2
DA:94,6
DA:95,2
DA:97,6
DA:98,2
DA:100,2
DA:103,0
DA:108,0
DA:109,0
DA:110,0
DA:111,0
DA:112,0
DA:113,0
DA:114,0
DA:115,0
DA:116,0
DA:118,0
DA:119,0
DA:123,0
DA:127,0
DA:128,0
DA:130,0
DA:131,0
DA:133,0
DA:134,0
DA:137,0
DA:141,0
DA:142,0
DA:143,0
DA:144,0
DA:145,0
DA:149,3
DA:155,6
DA:156,3
DA:157,3
DA:158,3
DA:160,3
DA:161,3
DA:162,3
DA:165,3
DA:167,3
DA:169,3
DA:171,3
DA:173,3
DA:174,3
DA:175,6
DA:176,3
DA:177,3
DA:178,3
DA:182,3
DA:183,3
DA:184,1
DA:186,1
DA:191,3
DA:192,3
DA:193,3
DA:196,9
DA:198,3
DA:200,3
DA:203,9
DA:205,3
DA:207,3
DA:210,9
DA:212,3
DA:217,1
DA:219,1
DA:221,0
DA:223,1
DA:224,5
DA:228,1
DA:230,0
DA:231,0
DA:233,1
DA:234,5
DA:245,0
DA:246,0
DA:247,0
DA:248,0
DA:253,0
DA:254,0
DA:256,0
DA:257,0
DA:258,0
DA:259,0
DA:262,0
DA:265,0
DA:267,0
DA:270,0
DA:271,0
DA:272,0
DA:273,0
DA:276,0
DA:279,0
DA:284,1
DA:285,2
DA:287,2
DA:291,1
DA:292,0
DA:294,1
DA:295,1
DA:299,1
DA:304,1
DA:307,3
DA:308,2
DA:309,1
DA:310,1
DA:313,2
DA:314,2
DA:316,1
DA:319,3
DA:320,1
DA:321,2
DA:322,2
DA:323,1
DA:324,2
DA:325,1
DA:328,1
DA:333,3
DA:334,6
DA:335,9
DA:336,3
DA:337,0
DA:339,0
DA:340,0
DA:342,0
DA:343,0
DA:345,0
DA:347,0
DA:355,3
DA:357,9
DA:358,3
DA:360,3
DA:361,3
DA:362,3
DA:363,3
DA:364,3
DA:366,3
DA:368,6
DA:371,3
DA:372,3
DA:373,3
DA:374,3
DA:376,3
DA:378,6
DA:385,3
DA:387,9
DA:389,3
DA:390,12
DA:391,9
DA:394,3
DA:396,3
DA:397,6
DA:400,3
DA:404,6
DA:405,6
DA:406,6
DA:407,6
DA:408,6
DA:410,3
DA:412,3
DA:413,3
DA:414,6
DA:416,9
DA:417,9
DA:418,15
DA:419,0
DA:421,3
DA:422,0
DA:423,0
DA:425,3
DA:426,3
DA:427,3
DA:428,3
DA:429,6
DA:430,6
DA:435,3
DA:436,3
DA:437,3
DA:438,3
DA:439,3
DA:440,3
DA:441,3
DA:442,6
DA:443,6
DA:447,15
DA:448,3
DA:450,3
DA:451,9
DA:452,3
DA:454,3
DA:455,3
DA:463,1
DA:464,2
DA:465,2
DA:471,3
DA:472,12
DA:474,3
DA:475,6
DA:476,3
DA:477,3
DA:479,3
DA:485,3
DA:487,3
DA:489,3
DA:490,3
DA:491,6
DA:492,6
DA:494,6
DA:495,2
DA:496,3
DA:500,0
DA:501,0
DA:503,0
DA:510,3
DA:511,12
DA:513,3
DA:514,6
DA:515,3
DA:516,6
DA:518,3
DA:524,3
DA:526,3
DA:529,3
DA:530,6
DA:531,6
DA:533,3
DA:534,3
DA:535,3
DA:539,0
DA:540,0
DA:542,0
DA:549,3
DA:550,12
DA:552,3
DA:553,6
DA:554,3
DA:555,3
DA:557,3
DA:562,3
DA:564,3
DA:567,3
DA:568,6
DA:569,6
DA:571,6
DA:572,3
DA:573,3
DA:574,3
DA:578,0
DA:579,0
DA:581,0
DA:583,0
DA:590,3
DA:591,6
DA:592,6
DA:595,3
DA:602,15
DA:603,3
DA:605,1
DA:606,2
DA:607,3
DA:611,4
DA:612,1
DA:613,2
DA:614,0
DA:615,1
DA:617,1
DA:618,0
DA:620,0
DA:621,0
DA:624,1
DA:628,6
DA:629,9
DA:632,3
DA:634,2
DA:635,2
DA:637,2
DA:638,2
DA:639,2
DA:641,8
DA:643,6
DA:644,2
DA:646,2
DA:647,2
DA:648,2
DA:650,2
DA:651,4
DA:652,2
DA:654,2
DA:660,2
DA:667,2
DA:670,2
DA:672,2
DA:673,2
DA:674,4
DA:675,2
DA:678,2
DA:683,1
DA:684,2
DA:688,2
DA:689,2
DA:690,4
DA:691,2
DA:694,2
DA:699,1
DA:700,1
DA:715,6
DA:716,9
DA:718,3
DA:720,0
DA:721,0
DA:723,0
DA:724,0
DA:725,0
DA:726,0
DA:727,0
DA:728,0
DA:729,0
DA:731,0
DA:732,0
DA:733,0
DA:734,0
DA:736,0
DA:737,0
DA:744,0
DA:745,0
DA:746,0
DA:747,0
DA:748,0
DA:753,3
LF:349
LH:250
end_of_record
SF:lib\util\Firebase\fcm_service.dart
DA:16,0
DA:17,0
DA:29,0
DA:30,0
DA:33,6
DA:41,6
DA:42,9
DA:45,1
DA:47,1
DA:48,0
DA:49,0
DA:50,0
DA:51,1
DA:56,1
DA:57,1
DA:59,0
DA:63,0
DA:64,0
DA:65,0
DA:70,0
DA:71,0
DA:72,0
DA:73,0
DA:77,0
DA:83,0
DA:85,0
DA:86,0
DA:88,0
DA:89,0
DA:90,0
DA:91,0
DA:93,0
DA:95,0
DA:96,0
DA:98,0
DA:99,0
DA:101,0
DA:102,0
DA:106,0
DA:110,1
DA:111,1
DA:112,0
DA:113,0
DA:115,0
DA:116,0
DA:120,0
DA:124,0
DA:126,0
DA:128,0
DA:129,0
DA:130,0
DA:131,0
DA:133,0
DA:135,0
DA:143,0
DA:144,0
DA:145,0
DA:146,0
DA:147,0
DA:148,0
DA:149,0
DA:151,0
DA:157,0
DA:161,0
DA:162,0
DA:163,0
DA:164,0
DA:165,0
DA:169,0
DA:170,0
DA:171,0
DA:173,0
DA:176,0
DA:177,0
DA:178,0
DA:179,0
LF:76
LH:10
end_of_record
SF:lib\pages\about.dart
DA:18,2
DA:19,2
DA:21,2
DA:23,2
DA:24,2
DA:25,2
DA:26,2
DA:27,2
DA:30,2
DA:32,10
DA:34,8
DA:39,2
DA:40,2
DA:41,2
DA:42,2
DA:43,2
DA:45,2
DA:46,2
DA:47,2
DA:48,2
DA:54,2
DA:56,2
DA:57,2
DA:58,2
DA:59,2
DA:60,4
DA:67,2
DA:69,2
DA:70,2
DA:72,2
DA:74,2
DA:81,2
DA:83,2
DA:84,2
DA:85,2
DA:86,2
DA:92,2
DA:94,2
DA:95,2
DA:96,2
DA:97,2
DA:98,4
DA:104,2
DA:106,2
DA:108,2
DA:109,2
DA:113,4
DA:119,2
DA:120,2
DA:121,2
DA:123,2
DA:125,2
DA:126,4
DA:128,2
DA:136,2
DA:139,2
DA:140,2
DA:141,2
DA:144,8
DA:153,2
DA:154,2
DA:157,8
LF:62
LH:62
end_of_record
SF:lib\pages\FeelGood\feelGood.dart
DA:17,2
DA:19,3
DA:20,3
DA:29,3
DA:31,3
DA:32,9
DA:34,6
DA:40,3
DA:41,6
DA:42,9
DA:43,3
DA:48,1
DA:49,2
DA:50,2
DA:54,3
DA:56,3
DA:60,3
DA:62,3
DA:63,6
DA:64,6
DA:65,1
DA:66,3
DA:67,2
DA:69,1
DA:70,2
DA:71,3
DA:74,3
DA:75,3
DA:77,3
DA:78,3
DA:80,3
DA:82,15
DA:84,12
DA:89,3
DA:90,3
DA:91,3
DA:92,9
DA:94,3
DA:95,3
DA:96,3
DA:99,3
DA:100,6
DA:101,3
DA:104,3
DA:111,3
DA:113,3
DA:114,6
DA:115,6
DA:120,3
DA:122,3
DA:130,3
DA:131,3
DA:132,3
DA:136,2
DA:137,2
DA:142,6
DA:150,2
DA:152,6
DA:153,2
DA:155,1
DA:156,2
DA:158,1
LF:62
LH:62
end_of_record
SF:lib\pages\WellnessTools\wellnessTools.dart
DA:16,2
DA:23,2
DA:24,2
DA:35,1
DA:36,1
DA:37,1
DA:38,1
DA:41,2
DA:44,0
DA:47,1
DA:48,1
DA:49,1
DA:52,2
DA:53,6
DA:54,6
DA:55,6
DA:59,2
DA:62,6
DA:65,3
DA:68,1
DA:69,1
DA:70,4
DA:71,1
DA:72,4
DA:75,2
DA:76,2
DA:77,2
DA:79,2
DA:80,4
DA:81,4
DA:88,1
DA:89,1
DA:90,1
DA:93,1
DA:95,1
DA:97,1
DA:98,2
DA:99,3
DA:102,2
DA:104,1
DA:105,1
DA:107,1
DA:110,1
DA:111,1
DA:122,0
DA:123,0
DA:124,0
DA:126,0
DA:129,2
DA:131,2
DA:134,2
DA:136,2
DA:139,1
DA:140,2
DA:141,1
DA:143,3
DA:146,2
DA:148,2
DA:149,2
DA:151,3
DA:152,3
DA:153,1
DA:155,3
DA:156,1
DA:158,1
DA:159,2
DA:160,1
DA:161,2
DA:162,1
DA:163,1
DA:164,1
DA:165,1
DA:167,1
DA:168,1
DA:169,1
DA:170,1
DA:171,1
DA:175,1
DA:177,4
DA:179,1
DA:181,1
DA:186,1
DA:187,1
DA:188,1
DA:190,1
DA:191,4
DA:192,2
DA:193,3
DA:201,1
DA:202,2
DA:203,1
DA:204,2
DA:207,1
DA:208,1
DA:209,1
DA:210,1
DA:212,1
DA:213,4
DA:214,2
DA:215,3
DA:223,1
DA:224,1
DA:225,1
DA:226,2
DA:227,1
DA:231,1
DA:232,1
DA:233,1
DA:235,1
DA:236,2
DA:237,2
DA:238,3
DA:246,1
DA:247,1
DA:248,1
DA:249,1
DA:250,1
DA:251,1
DA:252,4
DA:253,1
DA:254,1
DA:255,2
DA:258,1
DA:259,1
DA:260,2
DA:261,1
DA:262,2
DA:263,1
DA:264,4
DA:266,1
DA:268,3
DA:274,1
DA:275,0
LF:133
LH:127
end_of_record
SF:lib\pages\notifications\notification_page.dart
DA:18,1
DA:20,1
DA:21,1
DA:28,1
DA:30,1
DA:31,2
DA:32,1
DA:33,1
DA:36,1
DA:38,2
DA:39,1
DA:42,0
DA:44,0
DA:47,1
DA:48,1
DA:49,4
DA:52,0
DA:54,0
DA:55,0
DA:56,0
DA:58,0
DA:59,0
DA:62,0
DA:63,0
DA:69,0
DA:74,0
DA:75,0
DA:77,0
DA:78,0
DA:82,0
DA:83,0
DA:84,0
DA:85,0
DA:86,0
DA:87,0
DA:97,1
DA:99,1
DA:104,1
DA:105,1
DA:106,1
DA:107,1
DA:108,1
DA:110,1
DA:112,1
DA:113,1
DA:114,1
DA:116,1
DA:117,1
DA:118,1
DA:122,1
DA:123,1
DA:125,1
DA:127,1
DA:129,1
DA:135,1
DA:136,1
DA:137,1
DA:138,1
DA:140,0
DA:141,0
DA:143,0
DA:146,0
DA:149,0
DA:150,0
DA:152,0
DA:153,0
DA:154,0
DA:156,0
DA:157,0
DA:158,0
DA:162,1
DA:164,1
DA:165,3
DA:177,1
DA:179,1
DA:180,1
DA:184,1
DA:186,1
DA:189,1
DA:190,1
DA:191,1
DA:192,2
DA:194,1
DA:195,1
DA:198,1
DA:199,2
DA:204,1
DA:205,2
DA:210,1
DA:211,0
DA:213,0
DA:214,0
DA:218,3
DA:227,0
DA:229,0
DA:230,0
DA:235,0
DA:237,0
DA:240,0
DA:241,0
DA:242,0
DA:243,0
DA:245,0
DA:246,0
DA:253,0
DA:254,0
DA:259,0
DA:260,0
DA:265,0
DA:268,0
LF:110
LH:57
end_of_record
SF:lib\pages\home.dart
DA:38,11
DA:46,11
DA:47,11
DA:61,11
DA:63,22
DA:67,11
DA:72,11
DA:75,22
DA:76,11
DA:80,11
DA:82,11
DA:83,11
DA:89,11
DA:93,33
DA:95,11
DA:96,11
DA:97,14
DA:98,14
DA:99,7
DA:102,11
DA:103,14
DA:104,14
DA:105,7
DA:108,9
DA:109,14
DA:110,14
DA:111,7
DA:114,5
DA:115,10
DA:116,10
DA:117,5
DA:121,0
DA:125,11
DA:127,11
DA:128,11
DA:129,11
DA:132,22
DA:135,11
DA:137,11
DA:141,11
DA:142,22
DA:144,11
DA:145,11
DA:147,11
DA:149,11
DA:150,11
DA:151,11
DA:152,11
DA:153,11
DA:155,11
DA:156,22
DA:157,11
DA:158,11
DA:159,22
DA:160,8
DA:162,11
DA:163,22
DA:169,11
DA:171,11
DA:172,11
DA:174,11
DA:175,11
DA:176,22
DA:181,11
DA:182,11
DA:183,11
DA:184,11
DA:190,11
DA:191,22
DA:196,11
DA:197,22
LF:71
LH:70
end_of_record
SF:lib\pages\journal.dart
DA:22,1
DA:24,4
DA:25,4
DA:42,4
DA:43,12
DA:44,9
DA:46,12
DA:47,0
DA:51,4
DA:52,4
DA:53,8
DA:55,8
DA:57,8
DA:58,20
DA:59,2
DA:63,8
DA:64,1
DA:65,1
DA:66,1
DA:70,16
DA:71,4
DA:72,16
DA:73,4
DA:74,24
DA:75,4
DA:76,24
DA:79,1
DA:80,1
DA:81,1
DA:82,2
DA:84,3
DA:85,4
DA:86,2
DA:93,4
DA:94,8
DA:95,4
DA:100,20
DA:101,20
DA:102,12
DA:103,4
DA:107,1
DA:108,2
DA:109,2
DA:110,2
DA:111,1
DA:112,2
DA:118,1
DA:119,2
DA:120,2
DA:121,1
DA:122,1
DA:123,2
DA:124,2
DA:128,1
DA:129,2
DA:130,1
DA:135,1
DA:136,5
DA:137,3
DA:138,3
DA:139,1
DA:140,1
DA:141,2
DA:142,1
DA:143,2
DA:144,2
DA:148,1
DA:149,3
DA:151,1
DA:154,1
DA:155,2
DA:156,2
DA:157,2
DA:159,1
DA:161,2
DA:162,1
DA:170,1
DA:171,2
DA:172,1
DA:175,1
DA:176,1
DA:177,1
DA:178,1
DA:179,1
DA:181,1
DA:182,2
DA:183,2
DA:186,1
DA:187,1
DA:188,1
DA:189,2
DA:190,1
DA:192,0
DA:193,0
DA:204,4
DA:206,4
DA:209,4
DA:211,4
DA:212,8
DA:215,4
DA:217,7
DA:218,3
DA:220,8
DA:221,4
DA:225,1
DA:226,1
DA:227,1
DA:228,1
DA:229,1
DA:230,1
DA:232,1
DA:241,4
DA:245,4
DA:249,4
DA:250,8
DA:251,4
DA:253,4
DA:254,4
DA:255,4
DA:256,4
DA:257,4
DA:259,4
DA:260,4
DA:261,4
DA:263,4
DA:264,4
DA:266,4
DA:267,8
DA:268,4
DA:270,4
DA:278,4
DA:280,0
DA:281,0
DA:283,8
DA:284,4
DA:287,4
DA:292,4
DA:293,4
DA:295,4
DA:297,4
DA:298,8
DA:299,4
DA:300,4
DA:301,4
DA:314,4
DA:317,6
DA:318,6
DA:319,3
DA:320,1
DA:321,3
DA:323,2
DA:324,6
DA:325,6
DA:326,3
DA:328,8
DA:330,8
DA:331,4
DA:333,4
DA:334,8
DA:335,4
DA:336,4
DA:337,4
DA:344,3
DA:345,3
DA:350,8
DA:351,4
DA:353,4
DA:354,4
DA:355,4
DA:356,4
DA:357,4
DA:360,8
DA:361,4
DA:363,4
DA:364,4
DA:365,4
DA:366,4
DA:367,4
DA:370,8
DA:371,4
DA:373,4
DA:374,4
DA:375,4
DA:376,4
DA:377,4
DA:381,4
DA:382,1
DA:383,2
DA:384,1
DA:388,4
DA:390,4
DA:391,4
DA:392,8
DA:393,4
DA:395,4
DA:399,8
DA:403,4
LF:197
LH:192
end_of_record
SF:lib\pages\phone.dart
DA:19,1
DA:21,1
DA:22,1
DA:31,1
DA:33,2
DA:34,2
DA:36,1
DA:37,1
DA:41,2
DA:42,2
DA:43,2
DA:44,2
DA:45,2
DA:47,1
DA:49,2
DA:50,1
DA:55,1
DA:59,1
DA:60,1
DA:61,1
DA:64,1
DA:65,1
DA:72,3
DA:82,1
DA:83,1
DA:84,3
DA:88,1
DA:89,1
DA:90,1
DA:91,3
DA:94,1
DA:95,1
DA:96,3
DA:99,1
DA:100,2
DA:101,1
DA:107,1
DA:108,3
DA:109,1
DA:110,2
DA:111,2
DA:112,1
DA:113,2
DA:114,0
DA:115,0
DA:122,1
DA:124,1
DA:129,1
DA:131,1
DA:132,1
DA:133,1
DA:134,4
DA:135,4
DA:136,4
DA:138,1
DA:139,1
DA:141,1
DA:143,1
DA:144,1
DA:145,1
DA:146,2
DA:147,2
DA:152,1
DA:154,1
DA:155,1
DA:156,2
DA:157,1
DA:159,1
DA:161,2
DA:166,1
DA:167,2
DA:168,2
DA:173,1
DA:174,1
DA:175,2
DA:176,2
DA:184,1
DA:186,1
DA:187,1
DA:188,1
DA:189,1
DA:191,1
DA:192,2
DA:193,1
DA:194,1
DA:202,1
DA:204,2
DA:205,1
DA:206,1
DA:208,3
DA:209,1
DA:218,1
DA:219,1
DA:221,3
DA:222,2
DA:223,0
DA:224,2
DA:226,1
DA:227,1
DA:229,2
DA:233,1
DA:237,1
DA:238,2
DA:239,2
DA:248,1
DA:250,1
DA:252,1
DA:253,1
DA:254,1
DA:255,2
DA:256,1
DA:258,1
DA:264,1
DA:266,1
DA:268,2
DA:270,1
DA:278,1
DA:279,3
DA:282,1
DA:286,1
DA:287,2
DA:288,1
DA:289,1
DA:299,1
LF:124
LH:121
end_of_record
SF:lib\pages\positive.dart
DA:25,1
DA:27,3
DA:28,3
DA:43,3
DA:44,9
DA:45,6
DA:47,9
DA:48,0
DA:52,3
DA:53,3
DA:54,6
DA:56,6
DA:57,9
DA:58,6
DA:59,2
DA:63,6
DA:64,0
DA:65,0
DA:66,0
DA:70,12
DA:71,3
DA:72,12
DA:73,3
DA:74,18
DA:77,3
DA:78,18
DA:84,3
DA:85,3
DA:89,9
DA:90,9
DA:91,3
DA:92,3
DA:93,9
DA:98,0
DA:103,0
DA:104,0
DA:105,0
DA:106,0
DA:111,1
DA:113,2
DA:117,1
DA:118,1
DA:121,1
DA:122,2
DA:123,1
DA:128,2
DA:129,1
DA:130,2
DA:131,2
DA:136,1
DA:140,1
DA:141,1
DA:143,2
DA:144,1
DA:145,1
DA:146,3
DA:148,2
DA:149,1
DA:152,3
DA:154,3
DA:157,3
DA:159,3
DA:160,6
DA:163,3
DA:165,5
DA:166,2
DA:168,6
DA:169,3
DA:173,1
DA:179,1
DA:180,1
DA:181,1
DA:182,1
DA:183,1
DA:185,1
DA:194,3
DA:198,3
DA:202,3
DA:203,3
DA:204,6
DA:205,3
DA:207,3
DA:208,3
DA:209,3
DA:210,3
[...]
DA:432,2
DA:437,1
DA:438,1
DA:439,2
DA:444,1
DA:445,1
DA:446,2
DA:450,2
DA:451,2
DA:457,1
DA:458,2
DA:459,1
DA:464,2
DA:466,1
DA:472,3
DA:475,1
DA:477,3
DA:478,1
DA:480,1
DA:481,2
DA:483,2
DA:485,1
DA:488,0
DA:489,0
DA:491,0
DA:494,1
DA:496,2
DA:497,1
DA:498,3
DA:499,3
DA:500,2
DA:503,0
DA:504,0
DA:505,0
DA:506,0
DA:508,1
DA:522,2
DA:529,2
DA:531,2
DA:532,2
DA:533,2
DA:534,2
DA:536,4
DA:537,2
DA:538,2
DA:539,2
DA:540,3
DA:541,2
DA:542,2
DA:543,2
DA:544,4
DA:555,2
DA:557,2
DA:559,2
DA:560,2
DA:561,2
DA:562,2
DA:565,2
DA:566,2
DA:567,2
DA:569,4
DA:571,2
DA:572,4
DA:573,2
DA:588,2
DA:596,2
DA:598,4
DA:599,2
DA:600,2
DA:601,2
DA:602,2
DA:604,2
DA:605,2
DA:606,4
DA:607,4
DA:619,2
DA:621,2
DA:623,4
DA:625,2
DA:627,4
DA:639,2
DA:645,2
DA:647,2
DA:648,2
DA:649,4
DA:650,4
DA:651,2
DA:653,4
DA:654,4
LF:284
LH:184
end_of_record
SF:lib\util\Firebase\auth_service.dart
DA:10,0
DA:11,0
DA:12,0
DA:17,0
DA:18,0
DA:19,0
DA:20,0
DA:25,0
DA:26,0
DA:28,0
DA:29,0
DA:30,0
DA:31,0
DA:33,0
DA:37,0
DA:38,0
DA:39,0
DA:44,0
DA:45,0
DA:46,0
DA:48,0
DA:51,2
DA:53,0
DA:54,0
DA:57,0
DA:58,0
DA:63,0
DA:65,0
DA:66,0
DA:67,0
DA:68,0
DA:69,0
DA:70,0
DA:71,0
DA:73,0
DA:75,0
DA:76,0
DA:78,0
DA:81,1
DA:82,1
DA:83,1
DA:84,1
DA:86,1
DA:88,1
DA:89,1
DA:90,1
DA:92,1
LF:47
LH:10
end_of_record
SF:lib\pages\WellnessTools\VideoPlayerInheritedWidget.dart
DA:8,1
DA:16,2
DA:18,2
DA:21,1
DA:23,3
LF:5
LH:5
end_of_record
SF:lib\pages\WellnessTools\player.dart
DA:11,1
DA:16,1
DA:17,1
DA:27,1
DA:29,1
DA:32,1
DA:33,3
DA:34,1
DA:35,0
DA:37,1
DA:38,2
DA:40,1
DA:43,3
DA:47,1
DA:48,0
DA:49,0
DA:51,3
DA:52,1
DA:55,1
DA:56,1
DA:57,1
DA:58,0
DA:61,2
DA:64,0
DA:67,0
DA:68,0
DA:69,0
DA:70,0
DA:71,0
DA:72,0
DA:73,0
DA:78,1
DA:80,1
DA:81,1
DA:82,1
DA:85,2
DA:86,1
DA:88,0
DA:89,0
DA:93,1
DA:95,1
DA:96,0
DA:99,3
DA:108,3
DA:109,2
DA:110,1
DA:113,0
DA:114,0
DA:115,0
DA:117,0
DA:122,0
DA:126,1
DA:128,1
DA:131,1
DA:132,1
DA:133,1
DA:134,2
DA:139,0
DA:140,0
DA:141,0
DA:143,0
DA:144,0
LF:62
LH:37
end_of_record
SF:lib\pages\WellnessTools\more_videos_item.dart
DA:15,1
DA:23,1
DA:26,2
DA:27,1
DA:28,4
DA:29,2
DA:30,1
DA:32,1
DA:34,1
DA:36,1
DA:38,1
DA:40,1
DA:42,1
DA:43,1
DA:46,2
DA:49,1
DA:50,1
DA:52,2
DA:53,2
LF:19
LH:19
end_of_record
SF:lib\pages\auth\forgot_password_page.dart
DA:7,4
DA:9,1
DA:10,1
DA:19,1
DA:21,2
DA:22,1
DA:25,1
DA:26,3
DA:27,1
DA:28,5
DA:31,0
DA:32,0
DA:33,0
DA:36,0
DA:37,0
DA:39,0
DA:40,0
DA:41,0
DA:42,0
DA:43,0
DA:44,0
DA:48,0
DA:52,1
DA:54,1
DA:56,1
DA:59,1
DA:60,1
DA:61,2
DA:62,1
DA:65,1
DA:67,1
DA:68,0
DA:69,1
DA:70,1
DA:71,1
DA:72,1
DA:73,1
DA:74,1
DA:83,0
DA:85,0
DA:87,0
DA:88,0
DA:90,0
DA:91,0
DA:93,0
DA:97,0
DA:98,0
DA:99,0
DA:114,1
DA:122,1
DA:124,1
DA:126,1
DA:128,3
DA:131,1
DA:132,1
DA:135,1
DA:136,2
DA:137,2
DA:141,2
DA:143,2
DA:145,1
DA:146,1
DA:147,2
DA:148,1
DA:153,2
DA:155,1
DA:161,3
LF:67
LH:44
end_of_record
SF:lib\util\HomePage\inspirationalQuote.dart
DA:12,12
DA:13,13
DA:14,13
DA:23,1
DA:24,2
DA:25,1
DA:27,3
DA:28,1
DA:29,3
DA:30,1
DA:31,2
DA:32,1
DA:33,1
DA:36,2
DA:37,1
DA:45,13
DA:47,13
DA:49,39
DA:50,78
DA:54,11
DA:56,11
DA:57,33
DA:58,0
DA:61,44
DA:62,66
DA:66,0
DA:67,0
DA:70,0
DA:71,0
DA:72,0
DA:73,0
DA:74,0
DA:75,0
DA:80,13
DA:82,39
DA:83,1
DA:85,1
DA:86,2
DA:88,1
DA:89,3
DA:90,1
DA:96,13
DA:97,13
DA:98,13
DA:99,13
DA:100,13
DA:101,39
DA:103,52
DA:105,39
DA:107,13
DA:108,13
DA:109,13
DA:114,13
DA:116,13
DA:117,13
DA:118,13
DA:119,26
DA:128,13
DA:130,13
DA:133,13
DA:134,13
DA:135,13
DA:137,26
DA:138,39
DA:140,26
DA:142,13
DA:145,13
DA:146,13
DA:153,13
DA:154,52
DA:155,13
DA:157,39
DA:158,13
LF:73
LH:64
end_of_record
SF:lib\util\HomePage\NameBar.dart
DA:15,12
DA:17,12
DA:18,12
DA:22,12
DA:24,12
DA:26,12
DA:27,48
DA:29,36
DA:30,12
DA:32,12
DA:34,12
DA:35,12
DA:37,12
DA:38,12
DA:39,12
DA:40,12
DA:41,36
DA:46,12
DA:47,12
DA:49,36
DA:63,36
DA:66,12
DA:67,24
DA:68,12
DA:69,12
DA:71,36
DA:76,24
LF:27
LH:27
end_of_record
SF:lib\pages\thankYou.dart
DA:19,6
DA:29,6
DA:30,6
DA:36,3
DA:41,3
DA:42,3
DA:43,6
DA:44,6
DA:45,3
DA:46,3
DA:48,3
DA:49,3
DA:50,6
DA:51,6
DA:53,3
DA:54,9
DA:55,6
DA:61,6
DA:65,9
DA:66,6
DA:67,3
DA:71,6
DA:73,24
DA:74,6
DA:75,0
DA:77,6
DA:81,6
DA:83,6
DA:84,12
DA:85,12
DA:86,6
DA:88,6
DA:90,6
DA:92,6
DA:93,6
DA:94,6
DA:96,6
DA:97,6
DA:99,18
DA:100,6
DA:102,6
DA:103,24
DA:114,6
DA:115,6
DA:117,18
DA:120,6
DA:121,6
DA:122,6
DA:124,6
DA:126,6
DA:127,6
DA:131,6
DA:132,6
DA:133,6
DA:134,12
DA:138,6
DA:141,6
DA:143,12
DA:152,6
DA:154,6
DA:155,6
DA:156,6
DA:157,2
DA:158,16
DA:168,6
DA:170,6
DA:171,6
DA:172,6
DA:173,3
DA:174,12
LF:70
LH:69
end_of_record
SF:lib\pages\notifications\notification_toggle_card.dart
DA:16,1
DA:28,1
DA:29,1
DA:36,1
DA:38,1
DA:39,3
DA:40,3
DA:43,1
DA:44,4
DA:45,4
DA:46,1
DA:47,0
DA:51,1
DA:53,1
DA:55,4
DA:56,1
DA:57,1
DA:58,1
DA:59,1
DA:60,1
DA:62,1
DA:63,1
DA:65,2
DA:66,3
DA:67,1
DA:68,1
DA:69,1
DA:72,1
DA:73,2
DA:74,1
DA:75,1
DA:76,1
DA:77,1
DA:78,1
DA:81,1
DA:83,1
DA:86,1
DA:88,3
DA:89,1
DA:93,1
DA:94,3
DA:95,1
DA:96,1
DA:100,1
DA:102,3
DA:103,1
DA:107,1
DA:108,1
DA:109,0
DA:110,0
DA:112,0
DA:115,0
DA:116,0
DA:119,1
DA:120,2
DA:121,1
DA:126,3
DA:127,1
DA:132,0
DA:133,0
DA:140,1
DA:141,1
DA:142,1
DA:144,1
DA:145,1
DA:148,1
DA:149,1
DA:150,1
DA:151,1
DA:152,1
DA:158,2
DA:160,1
DA:161,1
DA:163,1
DA:164,1
DA:167,1
DA:168,1
LF:77
LH:69
end_of_record
SF:lib\pages\notifications\reminder_debug_recorder.dart
DA:15,3
DA:18,2
DA:21,1
DA:22,0
DA:23,0
DA:24,0
DA:26,0
DA:32,1
DA:33,2
DA:35,1
DA:36,1
DA:38,2
DA:43,1
DA:49,1
DA:50,2
DA:52,1
DA:53,1
DA:54,1
DA:55,1
DA:56,1
DA:58,1
DA:62,2
DA:63,1
DA:65,2
DA:66,1
DA:67,2
DA:68,1
DA:70,1
DA:76,2
DA:78,2
DA:79,2
DA:80,2
DA:81,2
DA:82,2
DA:83,2
LF:35
LH:31
end_of_record
SF:lib\util\Firebase\fcm_scheduled_notification_service.dart
DA:24,1
DA:25,3
DA:27,1
DA:28,2
DA:29,1
DA:32,0
DA:33,0
DA:35,0
DA:43,1
DA:51,1
DA:52,1
DA:53,1
DA:55,1
DA:56,3
DA:57,1
DA:58,2
DA:62,1
DA:66,1
DA:67,1
DA:68,1
DA:69,1
DA:72,2
DA:81,2
DA:82,1
DA:83,1
DA:84,1
DA:87,1
DA:89,1
DA:94,0
DA:95,0
DA:100,0
DA:107,1
DA:113,1
DA:114,2
DA:115,1
DA:119,1
DA:120,1
DA:121,1
DA:122,1
DA:125,2
DA:128,2
DA:129,1
DA:130,1
DA:131,1
DA:134,1
DA:138,1
DA:139,3
DA:144,0
LF:48
LH:41
end_of_record
SF:lib\util\Phone\EmergencyPhones.dart
DA:11,0
DA:12,0
DA:15,1
DA:18,1
DA:19,1
DA:20,3
DA:22,1
DA:23,3
DA:26,4
DA:27,1
DA:28,2
DA:29,1
DA:37,1
DA:39,2
DA:41,2
DA:42,4
DA:43,2
DA:45,2
DA:46,3
DA:49,2
DA:51,2
DA:52,3
DA:55,1
DA:57,2
DA:58,2
DA:60,2
DA:62,6
DA:63,1
DA:65,2
DA:67,7
DA:72,1
DA:73,1
DA:76,1
DA:79,1
DA:81,1
DA:82,1
DA:84,1
DA:86,1
DA:93,1
DA:94,1
DA:95,1
DA:96,0
DA:109,2
DA:111,2
DA:112,2
DA:114,4
DA:116,10
DA:119,2
DA:122,2
DA:123,6
DA:124,2
DA:126,2
DA:128,2
DA:137,1
DA:140,1
DA:153,2
DA:155,2
DA:157,2
DA:158,4
DA:159,4
DA:161,4
DA:162,4
DA:163,2
DA:164,2
DA:166,2
DA:168,2
DA:169,2
DA:170,4
DA:171,8
DA:172,4
DA:173,4
DA:174,4
DA:175,4
DA:176,4
DA:177,6
DA:178,4
DA:183,2
DA:186,2
DA:187,4
DA:188,2
DA:189,2
DA:191,2
DA:193,2
DA:194,2
DA:196,2
DA:199,2
DA:200,2
DA:201,2
DA:202,4
DA:203,2
DA:204,2
DA:206,2
DA:214,2
DA:215,2
DA:216,2
DA:220,2
DA:222,2
DA:223,2
DA:232,2
DA:234,2
DA:236,2
DA:239,2
DA:240,4
DA:241,2
DA:244,2
DA:245,4
DA:246,2
LF:107
LH:104
end_of_record
SF:lib\util\notification_preference.dart
DA:5,2
DA:7,12
DA:9,1
DA:10,2
DA:11,2
DA:14,1
DA:15,1
DA:16,1
DA:17,1
DA:20,1
DA:23,1
DA:24,1
DA:25,2
DA:26,2
LF:14
LH:14
end_of_record
SF:lib\util\Phone\emergencyDialogBox.dart
DA:22,2
DA:35,3
DA:37,3
DA:38,3
DA:39,3
DA:40,9
DA:41,6
DA:42,3
DA:44,3
DA:45,3
DA:46,3
DA:48,9
DA:53,3
DA:54,3
DA:55,3
DA:56,3
DA:59,3
DA:60,3
DA:61,3
DA:62,3
DA:63,2
DA:65,1
DA:67,3
DA:71,6
DA:73,1
DA:75,2
DA:77,1
DA:79,1
DA:80,3
DA:84,1
DA:85,3
DA:86,2
DA:87,2
DA:88,4
DA:90,2
DA:92,6
DA:96,6
DA:97,3
DA:98,2
DA:99,2
DA:100,4
DA:104,6
DA:116,3
DA:117,3
DA:118,3
DA:119,3
DA:120,3
DA:122,8
DA:126,0
DA:127,0
LF:50
LH:48
end_of_record
SF:lib\util\circular_action_button.dart
DA:5,28
DA:15,56
DA:19,56
DA:20,28
DA:23,6
DA:24,6
DA:25,6
DA:26,6
DA:27,6
DA:30,28
DA:32,28
DA:35,28
DA:38,28
DA:41,28
DA:44,28
LF:15
LH:15
end_of_record
SF:lib\util\Share\LP_alert_dialog.dart
DA:8,3
DA:10,3
DA:11,3
DA:15,3
DA:17,3
DA:18,9
DA:19,3
DA:20,6
DA:22,6
DA:24,9
LF:10
LH:10
end_of_record
SF:lib\util\Share\LP_alert_dialog_box_item.dart
DA:9,3
DA:15,1
DA:16,2
DA:19,3
DA:21,3
DA:23,3
DA:24,3
DA:25,9
DA:27,3
DA:28,3
DA:30,3
DA:31,3
DA:32,3
DA:33,3
DA:34,9
DA:35,3
DA:37,3
DA:38,3
DA:39,3
DA:40,3
DA:41,3
DA:42,3
DA:43,9
DA:44,3
LF:24
LH:24
end_of_record
SF:lib\util\Share\LP_share_alert_dialog.dart
DA:14,3
DA:18,3
DA:19,3
DA:22,1
DA:23,2
DA:24,1
DA:26,1
DA:27,1
DA:28,1
DA:29,1
DA:30,1
DA:31,1
DA:33,1
DA:34,1
DA:35,1
DA:36,1
DA:37,1
DA:38,1
DA:40,1
DA:42,1
DA:46,3
DA:48,6
DA:49,3
DA:50,3
DA:51,3
DA:53,3
DA:54,6
DA:55,3
DA:56,3
DA:57,3
DA:58,6
DA:61,3
DA:62,0
DA:63,0
DA:66,6
DA:69,3
DA:70,0
DA:71,0
DA:74,6
LF:39
LH:35
end_of_record
SF:lib\util\suggestion_add_button.dart
DA:11,23
DA:13,23
DA:15,69
DA:17,68
DA:19,23
DA:22,23
DA:23,23
DA:24,23
DA:30,23
DA:36,23
DA:38,23
DA:39,23
DA:40,23
DA:42,23
LF:14
LH:14
end_of_record
SF:lib\util\theme\app_theme.dart
DA:18,0
DA:149,1
DA:150,1
DA:162,2
DA:163,2
DA:171,2
LF:6
LH:5
end_of_record
SF:lib\util\Firebase\firebase_functions.dart
DA:22,2
DA:29,0
DA:30,0
DA:37,1
DA:40,1
DA:45,2
DA:49,1
DA:50,1
DA:51,2
DA:52,1
DA:55,2
DA:56,1
DA:57,1
DA:63,1
DA:68,2
DA:73,1
DA:74,1
DA:75,4
DA:76,1
DA:78,1
DA:80,2
DA:81,1
DA:92,2
DA:97,2
DA:101,4
DA:102,2
DA:103,2
DA:104,2
DA:105,2
DA:106,2
DA:107,2
DA:111,2
DA:112,2
DA:113,2
DA:117,2
DA:121,2
DA:125,2
DA:129,2
DA:130,2
DA:134,2
DA:138,2
DA:142,2
DA:146,2
DA:150,2
DA:154,2
DA:158,2
DA:162,2
DA:166,2
DA:167,2
DA:171,2
DA:172,2
DA:175,4
DA:176,4
DA:178,4
DA:179,4
DA:180,4
DA:181,4
DA:182,4
DA:183,4
DA:184,4
DA:187,2
DA:188,0
DA:189,0
DA:190,2
DA:191,2
DA:192,2
DA:195,2
DA:196,4
DA:198,6
DA:199,6
DA:200,2
DA:201,4
DA:203,4
DA:204,4
DA:205,2
DA:206,2
DA:208,2
DA:209,1
DA:210,1
DA:211,1
DA:212,1
DA:213,1
DA:214,1
DA:216,2
DA:217,1
DA:219,1
DA:220,1
DA:225,1
DA:226,2
DA:227,1
DA:228,1
DA:230,3
DA:231,1
DA:235,1
DA:236,1
DA:237,0
DA:239,1
DA:240,1
DA:241,0
DA:242,1
DA:245,2
DA:247,2
DA:248,2
DA:251,1
DA:253,2
DA:254,2
DA:255,2
DA:256,2
DA:259,2
DA:260,2
DA:261,4
DA:263,2
DA:264,4
DA:266,4
DA:267,4
DA:268,4
DA:278,3
DA:279,3
DA:280,3
DA:281,3
DA:282,3
DA:283,3
DA:284,3
DA:285,3
DA:286,3
DA:287,3
DA:288,3
DA:289,3
DA:290,3
DA:291,3
DA:292,3
DA:293,3
DA:294,3
DA:295,3
DA:296,3
DA:297,3
DA:298,3
DA:299,3
DA:300,3
DA:301,3
DA:302,3
DA:303,3
DA:304,3
DA:305,3
DA:306,3
DA:307,3
DA:308,3
DA:309,3
DA:310,3
DA:311,6
DA:312,3
DA:313,3
DA:314,3
DA:315,3
DA:316,3
DA:317,3
DA:318,3
DA:319,3
DA:320,3
DA:321,3
DA:322,3
DA:323,3
DA:324,3
DA:325,3
DA:326,3
DA:327,3
DA:328,3
DA:329,3
DA:330,3
DA:340,1
DA:346,0
DA:347,2
DA:349,2
DA:350,1
DA:351,1
DA:355,1
DA:356,1
DA:358,1
DA:359,1
DA:360,1
DA:362,1
DA:366,2
DA:367,2
DA:368,2
DA:369,1
DA:370,2
DA:373,1
DA:374,2
DA:376,1
DA:377,2
DA:380,3
DA:382,1
DA:383,2
DA:385,1
DA:386,2
DA:388,1
DA:389,2
DA:392,1
DA:393,2
DA:395,3
DA:397,1
DA:398,2
DA:401,1
DA:402,2
DA:404,1
DA:405,2
DA:407,1
DA:408,2
DA:410,1
DA:411,2
DA:413,1
DA:414,2
DA:417,1
DA:418,2
DA:420,1
DA:421,2
DA:423,1
DA:424,2
DA:426,1
DA:427,2
DA:429,3
DA:430,3
DA:431,1
DA:432,2
DA:435,1
DA:436,2
DA:438,1
DA:439,2
DA:441,1
DA:442,2
DA:444,1
DA:445,2
DA:447,1
DA:448,2
DA:450,1
DA:451,2
DA:454,1
DA:455,2
DA:458,1
DA:459,2
DA:462,1
DA:463,2
DA:464,3
DA:468,1
DA:469,2
DA:470,3
DA:474,1
DA:475,2
DA:476,3
DA:480,2
DA:481,3
DA:482,3
DA:483,2
DA:484,2
DA:487,2
DA:488,3
DA:493,1
DA:494,1
DA:495,2
DA:497,1
DA:498,2
DA:500,1
DA:501,2
DA:504,3
DA:529,2
DA:533,0
DA:535,2
DA:537,2
DA:539,2
DA:541,2
DA:543,2
DA:545,2
DA:547,2
DA:549,2
DA:551,2
DA:553,2
DA:555,2
DA:557,2
DA:559,2
DA:561,2
DA:563,2
DA:566,2
DA:569,2
DA:570,2
DA:571,2
DA:572,2
DA:573,2
DA:574,2
DA:575,2
DA:576,2
DA:577,2
DA:578,2
DA:579,2
DA:580,4
DA:581,4
DA:582,2
DA:584,2
DA:585,2
DA:587,2
DA:588,4
DA:589,4
DA:590,4
DA:592,2
DA:593,4
DA:594,4
DA:595,4
DA:597,2
DA:598,4
DA:599,4
DA:600,4
DA:602,2
DA:603,4
DA:604,4
DA:605,4
DA:607,2
DA:608,4
DA:609,3
DA:611,4
DA:612,4
DA:613,4
DA:617,2
DA:618,1
DA:619,1
DA:620,1
DA:621,3
DA:624,3
DA:625,4
DA:626,4
DA:629,2
DA:630,2
DA:631,2
DA:632,1
DA:633,3
DA:636,3
DA:637,4
DA:638,4
DA:641,2
DA:642,2
DA:643,2
DA:644,1
DA:645,3
DA:648,3
DA:649,4
DA:650,4
DA:653,2
DA:654,2
DA:655,2
DA:656,2
DA:657,3
DA:660,3
DA:661,4
DA:662,4
DA:666,2
DA:667,3
DA:668,4
DA:669,4
DA:671,2
DA:672,3
DA:673,4
DA:674,4
DA:676,2
DA:677,2
DA:678,2
DA:679,4
DA:680,4
DA:681,4
DA:684,2
DA:685,4
DA:686,4
DA:687,4
DA:690,2
DA:691,4
DA:692,4
DA:693,4
DA:696,2
DA:697,4
DA:698,4
DA:699,4
DA:702,2
DA:703,4
DA:704,4
DA:705,4
DA:708,2
DA:709,4
DA:710,4
DA:711,4
DA:714,2
DA:715,4
DA:716,4
DA:717,4
DA:718,2
DA:719,4
DA:720,4
DA:721,4
DA:724,2
DA:725,4
DA:726,4
DA:727,4
DA:730,1
DA:731,4
DA:732,4
DA:733,4
DA:734,1
DA:735,1
DA:736,2
DA:745,2
DA:746,2
DA:747,2
DA:748,2
DA:749,2
DA:750,2
DA:751,3
DA:754,3
DA:755,4
DA:756,4
DA:760,2
DA:761,4
DA:762,4
DA:763,4
DA:765,2
DA:766,4
DA:767,4
DA:768,4
DA:771,2
DA:772,8
DA:773,8
DA:774,8
DA:776,2
DA:777,8
DA:778,8
DA:779,8
DA:786,4
DA:788,4
DA:789,2
DA:790,4
DA:793,2
DA:794,2
DA:795,2
DA:796,2
DA:797,2
DA:798,2
DA:799,2
DA:800,2
DA:801,2
DA:802,2
DA:803,2
DA:804,2
DA:805,2
DA:806,2
DA:807,2
DA:808,2
DA:809,2
DA:810,2
DA:811,2
DA:812,2
DA:813,2
DA:814,2
DA:815,2
DA:816,2
DA:817,2
DA:818,2
DA:819,2
DA:821,2
DA:825,2
DA:826,2
DA:829,2
DA:833,2
DA:834,2
DA:835,2
DA:838,2
DA:840,2
DA:842,2
DA:846,2
DA:847,2
DA:850,2
DA:854,2
DA:855,2
DA:857,2
DA:858,2
DA:859,2
DA:860,2
DA:861,2
DA:862,2
DA:863,2
DA:864,2
DA:865,4
DA:866,4
DA:867,2
DA:868,2
DA:869,4
DA:872,2
DA:873,8
DA:877,0
DA:880,0
DA:882,0
DA:884,0
DA:889,0
DA:893,0
DA:894,0
DA:895,0
DA:901,1
DA:902,0
DA:904,1
DA:905,1
DA:906,1
DA:907,1
DA:910,1
DA:911,0
DA:913,1
DA:914,1
DA:915,1
DA:916,1
DA:919,1
DA:920,0
DA:922,1
DA:923,1
DA:924,1
DA:925,1
DA:928,1
DA:931,0
DA:933,1
DA:934,1
DA:935,1
DA:936,1
DA:937,1
DA:938,1
DA:939,1
DA:943,1
DA:946,0
DA:948,1
DA:949,1
DA:950,1
DA:951,1
DA:952,1
DA:953,1
DA:954,1
DA:958,1
DA:961,0
DA:963,1
DA:964,1
DA:965,1
DA:966,3
DA:969,1
DA:972,0
DA:974,1
DA:975,1
DA:976,1
DA:977,1
DA:978,1
DA:979,1
DA:980,1
DA:981,1
DA:982,1
DA:983,1
DA:984,1
DA:989,1
DA:990,0
DA:992,1
DA:993,1
DA:994,1
DA:995,1
DA:998,3
DA:1001,0
DA:1003,3
DA:1004,3
DA:1005,3
DA:1006,3
DA:1007,3
DA:1008,3
DA:1009,3
DA:1010,3
DA:1014,3
DA:1017,0
DA:1019,3
DA:1020,3
DA:1021,3
DA:1022,3
DA:1023,3
DA:1024,3
DA:1025,3
DA:1026,3
DA:1030,1
DA:1031,0
DA:1033,1
DA:1034,1
DA:1035,1
DA:1036,1
DA:1039,1
DA:1042,0
DA:1044,1
DA:1045,1
DA:1046,1
DA:1047,1
DA:1050,1
DA:1051,0
DA:1052,2
DA:1053,1
DA:1055,3
DA:1056,1
DA:1057,1
DA:1058,2
DA:1059,1
DA:1060,1
DA:1063,3
DA:1066,0
DA:1067,3
DA:1068,3
DA:1069,3
DA:1070,9
DA:1071,3
DA:1072,3
DA:1076,3
DA:1079,0
DA:1080,6
DA:1081,3
DA:1082,3
DA:1083,3
DA:1084,6
DA:1085,6
DA:1086,6
DA:1087,6
DA:1090,3
DA:1093,1
DA:1094,0
DA:1100,1
DA:1101,1
DA:1102,1
DA:1103,1
DA:1106,1
DA:1110,0
DA:1115,1
DA:1116,1
DA:1117,1
DA:1118,1
DA:1121,1
DA:1125,0
DA:1130,1
DA:1131,1
DA:1132,1
DA:1133,1
DA:1136,1
DA:1137,0
DA:1139,1
DA:1140,1
DA:1141,1
DA:1142,1
DA:1145,3
DA:1148,0
DA:1150,3
DA:1151,3
DA:1152,3
DA:1154,9
DA:1157,1
DA:1158,0
DA:1160,1
DA:1161,1
DA:1162,1
DA:1163,1
DA:1166,1
DA:1169,0
DA:1171,1
DA:1172,1
DA:1173,1
DA:1175,1
DA:1176,1
DA:1177,1
DA:1181,1
DA:1182,0
DA:1184,1
DA:1185,1
DA:1186,1
DA:1187,1
DA:1190,1
DA:1191,0
DA:1193,1
DA:1194,1
DA:1195,1
DA:1196,1
DA:1199,1
DA:1200,0
DA:1202,1
DA:1203,1
DA:1204,1
DA:1205,1
DA:1208,1
DA:1211,0
DA:1213,1
DA:1214,1
DA:1215,1
DA:1216,1
DA:1219,3
DA:1222,0
DA:1224,3
DA:1225,3
DA:1226,3
DA:1227,3
DA:1229,3
DA:1230,3
DA:1231,3
DA:1233,3
DA:1236,3
DA:1239,0
DA:1240,6
DA:1241,3
DA:1242,3
DA:1243,3
DA:1244,6
DA:1245,6
DA:1246,6
DA:1247,6
DA:1250,3
DA:1253,1
DA:1254,0
DA:1256,1
DA:1257,1
DA:1258,1
DA:1259,1
DA:1261,1
DA:1264,3
DA:1267,0
DA:1269,3
DA:1270,3
DA:1271,3
DA:1273,9
DA:1276,3
DA:1279,0
DA:1281,3
DA:1282,3
DA:1283,3
DA:1285,3
DA:1287,3
DA:1288,3
DA:1289,3
DA:1290,3
DA:1291,3
DA:1292,3
DA:1293,3
DA:1294,3
DA:1295,3
DA:1299,1
DA:1302,0
DA:1303,2
DA:1304,2
DA:1305,1
DA:1307,2
DA:1308,2
DA:1309,1
DA:1311,1
DA:1312,2
DA:1313,5
DA:1314,6
DA:1315,6
DA:1321,3
DA:1324,0
DA:1325,6
DA:1326,6
DA:1327,1
DA:1330,9
DA:1331,9
DA:1332,9
DA:1333,3
DA:1334,6
DA:1335,6
DA:1336,6
DA:1337,6
DA:1338,6
DA:1339,6
DA:1340,6
DA:1341,6
DA:1342,6
DA:1343,3
DA:1344,9
DA:1345,9
DA:1346,9
DA:1347,9
DA:1349,3
DA:1350,9
DA:1351,9
DA:1352,9
DA:1353,9
DA:1355,3
DA:1356,9
DA:1357,9
DA:1358,9
DA:1359,9
DA:1361,3
DA:1362,9
DA:1363,9
DA:1364,9
DA:1365,9
DA:1367,3
DA:1368,9
DA:1369,9
DA:1370,9
DA:1371,9
DA:1373,3
DA:1374,9
DA:1375,9
DA:1376,9
DA:1377,9
DA:1379,3
DA:1380,9
DA:1381,9
DA:1382,9
DA:1383,9
DA:1385,3
DA:1386,9
DA:1387,9
DA:1388,9
DA:1389,9
DA:1391,3
DA:1392,9
DA:1393,9
DA:1394,9
DA:1395,9
DA:1397,3
DA:1398,9
DA:1399,9
DA:1400,9
DA:1401,9
DA:1403,3
DA:1404,9
DA:1405,9
DA:1406,9
DA:1407,9
DA:1412,1
DA:1415,0
DA:1416,2
DA:1418,2
DA:1420,2
DA:1421,1
DA:1423,2
DA:1424,1
DA:1426,1
DA:1427,2
DA:1428,5
DA:1429,6
DA:1430,6
DA:1436,1
DA:1439,0
DA:1440,2
DA:1441,2
DA:1442,1
DA:1444,2
DA:1445,2
DA:1446,1
DA:1448,1
DA:1449,2
DA:1450,5
DA:1451,6
DA:1452,6
DA:1458,1
DA:1461,0
DA:1462,2
DA:1463,2
DA:1464,1
DA:1466,2
DA:1467,2
DA:1468,1
DA:1470,1
DA:1471,2
DA:1472,5
DA:1473,6
DA:1474,6
DA:1479,1
DA:1482,0
DA:1483,2
DA:1484,2
DA:1486,2
DA:1487,1
DA:1489,2
DA:1490,1
DA:1492,1
DA:1493,2
DA:1494,5
DA:1495,6
DA:1496,6
DA:1501,1
DA:1504,0
DA:1505,2
DA:1506,2
DA:1507,1
DA:1510,3
DA:1511,1
DA:1512,1
DA:1513,1
DA:1514,1
DA:1515,1
DA:1516,1
DA:1517,1
DA:1518,1
DA:1519,1
DA:1520,1
DA:1521,1
DA:1522,1
DA:1526,1
DA:1529,0
DA:1530,2
DA:1531,2
DA:1533,2
DA:1534,1
DA:1536,2
DA:1537,1
DA:1540,1
DA:1541,2
DA:1542,3
DA:1547,3
DA:1550,0
DA:1551,6
DA:1552,3
DA:1554,12
DA:1555,12
DA:1556,9
DA:1562,3
DA:1565,0
DA:1566,6
DA:1567,3
DA:1568,3
DA:1569,3
DA:1570,3
DA:1571,3
DA:1572,3
DA:1575,12
DA:1576,9
DA:1577,9
DA:1578,9
DA:1579,9
DA:1580,9
DA:1581,9
DA:1586,3
DA:1587,0
DA:1588,3
DA:1589,6
DA:1591,6
DA:1592,15
DA:1593,18
DA:1594,18
LF:937
LH:879
end_of_record
SF:lib\util\Form\PagePhoneItem.dart
DA:10,1
DA:18,1
DA:19,1
DA:24,1
DA:26,1
DA:28,1
DA:30,1
DA:31,1
DA:34,1
DA:35,3
DA:37,1
DA:38,2
DA:39,2
DA:44,1
DA:48,1
DA:49,2
DA:50,1
DA:52,1
DA:53,3
LF:19
LH:19
end_of_record
SF:lib\pages\notifications\reminder_debug_panel.dart
DA:17,1
DA:19,1
DA:20,1
DA:34,1
DA:35,2
DA:37,1
DA:39,1
DA:40,1
DA:43,1
DA:44,3
DA:45,1
DA:46,1
DA:49,1
DA:50,1
DA:51,1
DA:53,1
DA:54,2
DA:55,2
DA:56,2
DA:57,2
DA:58,2
DA:59,1
DA:60,1
DA:61,1
DA:62,1
DA:63,1
DA:67,0
DA:68,0
DA:69,0
DA:71,0
DA:72,0
DA:74,0
DA:75,0
DA:77,0
DA:78,0
DA:80,0
DA:82,0
DA:86,1
DA:87,1
DA:88,1
DA:91,1
DA:92,2
DA:93,2
DA:94,3
DA:95,1
DA:96,1
DA:97,1
DA:98,1
DA:99,2
DA:100,2
DA:101,1
DA:103,2
DA:104,1
DA:105,3
DA:110,1
DA:112,3
DA:115,1
DA:117,1
DA:118,1
DA:121,4
DA:122,3
DA:124,1
DA:125,2
DA:126,1
DA:138,1
DA:139,1
DA:140,1
DA:144,1
DA:145,2
DA:146,1
DA:148,1
DA:149,2
DA:151,2
DA:152,2
DA:153,0
DA:154,1
DA:158,1
DA:160,2
DA:161,2
DA:163,1
DA:165,2
DA:166,2
DA:168,1
DA:175,1
DA:176,1
DA:179,1
DA:180,1
DA:181,2
DA:184,1
DA:185,2
DA:188,1
DA:189,0
DA:192,1
DA:193,1
DA:196,1
DA:197,3
DA:202,1
DA:203,1
DA:205,1
DA:206,3
DA:210,1
DA:211,1
DA:214,1
DA:215,1
DA:216,1
DA:218,2
DA:223,1
DA:225,2
DA:226,1
DA:227,2
DA:229,1
DA:238,1
DA:246,1
DA:248,1
DA:249,1
DA:250,1
DA:251,0
DA:257,1
DA:259,2
DA:260,0
DA:261,0
DA:266,1
DA:267,1
DA:269,1
DA:271,1
DA:272,1
DA:274,1
DA:279,1
DA:280,1
DA:282,1
LF:130
LH:114
end_of_record
SF:lib\util\SignIn\form_container.dart
DA:19,1
DA:33,1
DA:34,1
DA:42,1
DA:44,1
DA:45,4
DA:47,1
DA:49,2
DA:51,1
DA:52,4
DA:55,1
DA:57,1
DA:58,1
DA:60,3
DA:62,2
DA:63,2
DA:64,2
DA:65,3
DA:66,1
DA:68,2
DA:69,2
DA:71,2
DA:72,1
DA:75,2
DA:76,1
DA:78,3
DA:80,1
DA:81,1
DA:82,2
DA:83,1
DA:84,1
DA:87,3
DA:88,1
DA:89,1
DA:92,2
DA:93,3
DA:94,3
LF:37
LH:37
end_of_record
SF:lib\pages\SignIn_Pages\introduction.dart
DA:14,1
DA:16,1
DA:17,1
DA:21,1
DA:23,1
DA:28,1
DA:29,1
DA:30,1
DA:32,1
DA:34,1
DA:35,2
DA:36,1
DA:38,1
DA:39,1
DA:40,3
DA:52,1
DA:55,1
DA:56,2
LF:18
LH:18
end_of_record
SF:lib\util\SignIn\sign_callback.dart
DA:5,1
DA:9,1
DA:11,1
DA:12,0
DA:14,0
DA:16,0
DA:19,1
LF:7
LH:4
end_of_record
